 Parameter: ION <- "MG"
 Parameter: MOL <- "DMP"
 Parameter: CONC <- "0.125"
1
                 Chemistry at HARvard Macromolecular Mechanics
           (CHARMM) - Developmental Version 44b2   February 15, 2020            
                                Revision unknown                                
       Copyright(c) 1984-2014  President and Fellows of Harvard College
                              All Rights Reserved
       Current operating system: Linux-4.9.0-11-amd64(x86_64)@n002[+  7]        
                 Created on  6/14/21 at 12:43:26 by user: akognole    

            Maximum number of ATOMS:    360720, and RESidues:      120240
 RDTITL> * MINIMIZE DRUDE PARTICLES
 RDTITL> *
  
 CHARMM>     
  
 CHARMM>    dimension maxres 2000000 maxaim 12000000 maxgrp 2000000
Size      Original         New
MAXA        360720      360720
MAXB        360720      360720
MAXT        721440      721440
MAXP       1082160     1082160
MAXIMP      180360      180360
MAXNB        90180       90180
MAXPAD      360720      360720
MAXRES      120240     2000000
MAXSEG       45090       45090
MAXATC        1400
MAXCB         3000
MAXCT        50000
MAXCP        20000
MAXCI         1200
MAXCH         6400
MAXCN       502503
MAXCRT      120240      120240
  
 CHARMM>     
  
 CHARMM>    ! Read topology and parameter files
 CHARMM>    set toppar ../toppar_drude
 Parameter: TOPPAR <- "../TOPPAR_DRUDE"
  
 CHARMM>    stream @toppar/toppar_drude_master_protein_2020b.str
 Parameter: TOPPAR -> "../TOPPAR_DRUDE"
 VOPEN> Attempting to open::../toppar_drude/toppar_drude_master_protein_2020b.str::
 OPNLGU> Unit 99 opened for READONLY access to ../toppar_drude/toppar_drude_master_protein_2020b.str

                    INPUT STREAM SWITCHING TO UNIT    99
 RDTITL> * DRUDE MASTER TOPOLOGY AND PARAMETER STREAM FILE
 RDTITL> * INCLUDES WATER, 2013
 RDTITL> * IONS UPDATED, JUNE 2018
 RDTITL> * NUCLEIC ACID/CARBOHYDRATE/LIPID UPDATE JANUARY 2017
 RDTITL> * OPT MOLECULAR IONS, FYLIN 2018
 RDTITL> * HALOGEN AND NBFIX TERMS, FYLIN 2018
 RDTITL> * UPDATED PROTEIN FF WITH OPT ALPHA/THOLE, FYLIN 2018
 RDTITL> *
 Parameter: IN1 <- "" <empty>
  
 CHARMM>     
  
 CHARMM>    ioformat extended
 MISCOM> Expanded I/O format is used.
  
 CHARMM>     
  
 CHARMM>    !This file must be streamed prior to additional Drude FF toppar stream files
 CHARMM>    !and it includes parameters for the model compounds (toppar_drude_model*.str)
 CHARMM>     
  
 CHARMM>    !references
 CHARMM>    !
 CHARMM>    !Proteins
 CHARMM>    !Lopes, P.E.M., Huang, J., Shim, J., Luo, Y., Li, H., Roux, B., and
 CHARMM>    !MacKerell, A.D., Jr., "Polarizable Force Field for Peptides and
 CHARMM>    !Proteins based on the Classical Drude Oscillator," Journal of
 CHARMM>    !Chemical Theory and Computation, 9: 5430-5449, 2013 DOI:
 CHARMM>    !10.1021/ct400781b, NIHMS53671
 CHARMM>    !
 CHARMM>    !water
 CHARMM>    !SWM4-NDP, negative Drude (this will be the default model): Lamoureux,
 CHARMM>    !G., Harder, E., Vorobyov, I.V., Deng, Y., Roux, B. MacKerell, A.D.,
 CHARMM>    !Jr., A polarizable model of water for molecular dynamics simulations
 CHARMM>    !of biomolecules, Chemical Physics Letters, 2006, 418: 245-249.
 CHARMM>    !
 CHARMM>    !SWM6: Wenbo Yu, Pedro E. M. Lopes, Benoit Roux and Alexander
 CHARMM>    !D. MacKerell, Jr.  "Six-site Polarizable Model of Water Based on the
 CHARMM>    !Classical Drude Oscillator" Journal of Chemical Physics, 138: 034508,
 CHARMM>    !2013
 CHARMM>     
  
 CHARMM>    !atomic ions
 CHARMM>    !Yu, H., Whitfield, T.W., Harder, E., Lamoureux, G., Vorobyov, I.,
 CHARMM>    !Anisimov, V. M., MacKerell, A.D., Jr., and Roux, B. "Simulating
 CHARMM>    !Monovalent and Divalent Ions in Aqueous Solution Using a Drude
 CHARMM>    !Polarizable Force Field," Journal of Chemical Theory and Computation,
 CHARMM>    !6: 774-786, 2010
 CHARMM>    !
 CHARMM>    !Luo, Y., Jiang, W., Yu, H., MacKerell, A.D., Jr., and Roux, B.,
 CHARMM>    !"Simulation study of ion pairing in concentrated aqueous salt
 CHARMM>    !solutions with a polarizable force field," Faraday Discussions, 160,
 CHARMM>    !135-149, 2013, PMC3695446
 CHARMM>    !
 CHARMM>    !Lemkul, J.A. and MacKerell, A.D., Jr. "Balancing the Interactions of
 CHARMM>    !Mg2+ in Aqueous Solution and with Nucleic Acid Moieties For a Polarizable
 CHARMM>    !Force Field Based on the Classical Drude Oscillator Model," J. Phys. Chem B,
 CHARMM>    !120, 11436-11448, 2016, PMC5148688
 CHARMM>     
  
 CHARMM>    ! note use of D for second character to indicate Drude
 CHARMM>    ! polarizable FF (be careful of Cadmium: use CDM)
 CHARMM>     
  
 CHARMM>    ! Parameter labeling after !
 CHARMM>    ! RESName, generic compound name of model compound followed by additional comments
 CHARMM>    ! for example ! BENZ, benzene, based on crystal survey data
 CHARMM>     
  
 CHARMM>    !Formatting information
 CHARMM>    !RTF section: please use the following format for future residues, including the spacing
 CHARMM>    !(and please clean a few up of the residues not in this format if you so desire....)
 CHARMM>     
  
 CHARMM>    !RESI ALA           0.000
 CHARMM>    !ATOM N    ND2A2   -0.427  ALPHA -1.056  THOLE 0.711
 CHARMM>    !BOND A1     A2     A3     A4     A5     A6     A7     A8
 CHARMM>    !IMPR A1     A2     A3     A4
 CHARMM>    !CMAP A1     A2     A3     A4     A1     A2     A3     A4
 CHARMM>    !LONEPAIR relative A1       A2       A3      A4       distance 0.30 angle 91.00 dihe 180.00
 CHARMM>    !ANISOTROPY        A1       A2       A3      A4       A11 0.6968  A22 1.2194
 CHARMM>    !IC A1     A2     A3     A4       1.3474  124.31  180.00  114.26   0.9979
 CHARMM>     
  
 CHARMM>    !parameter section
 CHARMM>    !bond
 CHARMM>    !CD32E    OD30A    360.00      1.415 ! comment
 CHARMM>    !angles
 CHARMM>    !HDA1A    CD31A    CD31A     34.50    110.10 ! comment
 CHARMM>    !HDA1A    CD31A    CD31A     34.50    110.10   22.53   2.1790 ! comment
 CHARMM>    !dihedrals
 CHARMM>    !CD2O1A   ND2A2    CD31C    CD2O2A      0.000   3   180.00 ! comment
 CHARMM>    !impropers
 CHARMM>    !CD2O1A   CD31A    ND2A2    OD2C1A    120.000   0     0.00 ! comment
 CHARMM>    !nonbond (LJ)
 CHARMM>    !HDW      0.0   -0.0000     0.0000 ! comment
 CHARMM>    !nbfix
 CHARMM>    !CD30A   ODW    -0.00500	 4.04699 ! comment
 CHARMM>     
  
 CHARMM>    !ioformat extended
 CHARMM>     
  
 CHARMM>    read rtf card !append
 MAINIO> Residue topology file being read from unit  99.
 RDTITL> * TOPOLOGY FOR DRUDE WATER, IONS AND PROTEINS
 RDTITL> *

 DRUDES PARTICLES WILL BE GENERATED AUTOMATICALLY FOR ALL ATOMS WITH NON-ZERO ALPHA
 Thole-type dipole screening, Slater-Delta shape {S(u) = 1 - (1+u/2)*exp(-u)}, default radius =  1.300000
  
 CHARMM>     
  
 CHARMM>    read para card !append

          PARAMETER FILE BEING READ FROM UNIT 99
 RDTITL> * DRUDE POLARIZABLE FF PARAMETERS
 RDTITL> *

 PARRDR> WARNING: ATOMS IN BOND X        DRUD      500.00000   0.00000 DONT EXIST
 PARMIO> NONBOND, HBOND lists and IMAGE atoms cleared.
  
 CHARMM>     
  
 VCLOSE: Closing unit   99 with status "KEEP"

                    RETURNING TO INPUT STREAM     5
  
 CHARMM>    stream @toppar/toppar_drude_nucleic_acid_2020b.str
 Parameter: TOPPAR -> "../TOPPAR_DRUDE"
 VOPEN> Attempting to open::../toppar_drude/toppar_drude_nucleic_acid_2020b.str::
 OPNLGU> Unit 99 opened for READONLY access to ../toppar_drude/toppar_drude_nucleic_acid_2020b.str

                    INPUT STREAM SWITCHING TO UNIT    99
 RDTITL> * DRUDE TOPOLOGY AND PARAMETER STREAM FILE
 RDTITL> * NUCLEIC ACIDS
 RDTITL> *
 Parameter: IN1 <- "" <empty>
  
 CHARMM>     
  
 CHARMM>    !requires toppar_drude_master*.str
 CHARMM>     
  
 CHARMM>    !nucleic acids
 CHARMM>     
  
 CHARMM>    !references
 CHARMM>    !
 CHARMM>    !Lemkul, J.A. and MacKerell, A.D., Jr., "Polarizable Force Field for
 CHARMM>    !DNA Based on the Classical Drude Oscillator: I. Refinement using
 CHARMM>    !Quantum Mechanical Base Stacking and Conformational Energetics,"
 CHARMM>    !J. Chem. Theory Comput., 13; 2053-2071, 2017, DOI: 10.1021/acs.jctc.7b00067
 CHARMM>    !
 CHARMM>    !Lemkul, J.A. and MacKerell, A.D., Jr., "Polarizable Force Field for
 CHARMM>    !DNA Based on the Classical Drude Oscillator: II. Microsecond Molecular
 CHARMM>    !Dynamics Simulations of Duplex DNA," J. Chem. Theory Comput.,
 CHARMM>    !13; 2072-2085, 2017, DOI: 10.1021/acs.jctc.7b00068
 CHARMM>    !
 CHARMM>    !Savelyev, A. and MacKerell, A.D., Jr., "All-Atom Polarizable Force
 CHARMM>    !Field for DNA Based on the Classical Drude Oscillator Model," Journal
 CHARMM>    !of Computational Chemistry, 35; 1219-1239, 2014, DOI: 10.1002/jcc.23611,
 CHARMM>    !NIHMSID #585697
 CHARMM>    !
 CHARMM>    !RNA
 CHARMM>    !Lemkul, J.A. and MacKerell, A.D., Jr., "Polarizable Force Field for
 CHARMM>    !RNA Based on the Classical Drude Oscillator," J. Comput. Chem.,
 CHARMM>    !39, 2624–2646, 2018, DOI: 10.1002/jcc.25709, NIHMSID #990779
 CHARMM>    !
 CHARMM>    !Nucleic Acid Bases
 CHARMM>    !Baker, C.M., Anisimov, V.M., and MacKerell, A.D., Jr., "Development of
 CHARMM>    !CHARMM Polarizable Force Field for Nucleic Acid Bases Based on the
 CHARMM>    !Classical Drude Oscillator Model," Journal of Physical Chemistry B,
 CHARMM>    !115; 580-596, 2011, PMC3166616
 CHARMM>    !
 CHARMM>     
  
 CHARMM>    read rtf card append
 MAINIO> Residue topology file being read from unit  99.
 RDTITL> * TOPOLOGY FOR DRUDE NUCLEIC ACIDS
 RDTITL> *

 DRUDES PARTICLES WILL BE GENERATED AUTOMATICALLY FOR ALL ATOMS WITH NON-ZERO ALPHA
 Thole-type dipole screening, Slater-Delta shape {S(u) = 1 - (1+u/2)*exp(-u)}, default radius =  1.300000
  
 CHARMM>     
  
 CHARMM>    read para card append

          PARAMETER FILE BEING READ FROM UNIT 99
 RDTITL> * DRUDE POLARIZABLE FF PARAMETERS
 RDTITL> *
 PARMIO> NONBOND, HBOND lists and IMAGE atoms cleared.
  
 VCLOSE: Closing unit   99 with status "KEEP"

                    RETURNING TO INPUT STREAM     5
  
 CHARMM>    stream @toppar/toppar_drude_lipid_2020b.str
 Parameter: TOPPAR -> "../TOPPAR_DRUDE"
 VOPEN> Attempting to open::../toppar_drude/toppar_drude_lipid_2020b.str::
 OPNLGU> Unit 99 opened for READONLY access to ../toppar_drude/toppar_drude_lipid_2020b.str

                    INPUT STREAM SWITCHING TO UNIT    99
 RDTITL> * DRUDE TOPOLOGY AND PARAMETER STREAM FILE FOR LIPIDS
 RDTITL> *
 Parameter: IN1 <- "" <empty>
  
 CHARMM>     
  
 CHARMM>    !requires toppar_drude_master*.str
 CHARMM>     
  
 CHARMM>    !ioformat extended
 CHARMM>     
  
 CHARMM>    !lipids
 CHARMM>     
  
 CHARMM>    !The following dihedral parameter is commented out below.
 CHARMM>    !For lipid simulations comment out this term below and
 CHARMM>    !comment the corresponding parameter in the master_protein
 CHARMM>    !toppar file.  Use of the following parameters with proteins
 CHARMM>    !will alter the conformational sampling of Lys sidechains
 CHARMM>    !
 CHARMM>    !1,2,3 fold terms differ from master file
 CHARMM>    !currently these parameters are being used as the default, although this impacts the long
 CHARMM>    !chain aliphatics and Lys sidechain in proteins.
 CHARMM>    !
 CHARMM>    !CD32A    CD32A    CD32A    CD32A       0.005    1   180.00 ! HEXA/HEPT, Hui-2015 protein: 0.073    1     0.00
 CHARMM>    !CD32A    CD32A    CD32A    CD32A       0.104    2     0.00 ! HEXA/HEPT, Hui-2015          0.043    2     0.00
 CHARMM>    !CD32A    CD32A    CD32A    CD32A       0.058    3   180.00 ! HEXA/HEPT, Hui-2015          0.119    3   180.00
 CHARMM>    !CD32A    CD32A    CD32A    CD32A       0.098    4     0.00 ! HEXA/HEPT, Hui-2015          0.098    4     0.00
 CHARMM>    !CD32A    CD32A    CD32A    CD32A       0.046    5     0.00 ! HEXA/HEPT, Hui-2015          0.046    5     0.00
 CHARMM>     
  
 CHARMM>    !references
 CHARMM>    !
 CHARMM>    !Li, H., Chowdhary, J., Huang, L., He, X, MacKerell, A.D., Jr., and
 CHARMM>    !Roux, B, "Drude Polarizable Force Field for Molecular Dynamics
 CHARMM>    !Simulations of Saturated and Unsaturated Zwitterionic Lipids,"
 CHARMM>    !In preparation, 2017.
 CHARMM>    !
 CHARMM>    !
 CHARMM>    !Chowdhary, J., Harder, E., Lopes, P.E.M., MacKerell, Jr., A.D, and
 CHARMM>    !Roux, B., “A Polarizable Model for Phosphatidylcholine-Containing
 CHARMM>    !Biological Membranes,” Journal of Physical Chemistry, B.,117:
 CHARMM>    !9142-9160, 2013.
 CHARMM>     
  
 CHARMM>    read rtf card append
 MAINIO> Residue topology file being read from unit  99.
 RDTITL> * TOPOLOGY FOR DRUDE LIPIDS
 RDTITL> *

 DRUDES PARTICLES WILL BE GENERATED AUTOMATICALLY FOR ALL ATOMS WITH NON-ZERO ALPHA
 Thole-type dipole screening, Slater-Delta shape {S(u) = 1 - (1+u/2)*exp(-u)}, default radius =  1.300000
  
 CHARMM>     
  
 CHARMM>    read para card append

          PARAMETER FILE BEING READ FROM UNIT 99
 RDTITL> * DRUDE POLARIZABLE FF PARAMETERS
 RDTITL> *
 PARMIO> NONBOND, HBOND lists and IMAGE atoms cleared.
  
 VCLOSE: Closing unit   99 with status "KEEP"

                    RETURNING TO INPUT STREAM     5
  
 CHARMM>    !stream @toppar/toppar_drude_carbohydrate_2020b.str
 CHARMM>    stream @toppar/toppar_drude_model_2020b.str
 Parameter: TOPPAR -> "../TOPPAR_DRUDE"
 VOPEN> Attempting to open::../toppar_drude/toppar_drude_model_2020b.str::
 OPNLGU> Unit 99 opened for READONLY access to ../toppar_drude/toppar_drude_model_2020b.str

                    INPUT STREAM SWITCHING TO UNIT    99
 RDTITL> * DRUDE TOPOLOGY AND PARAMETER STREAM FILE FOR SMALL MODEL COMPOUNDS
 RDTITL> *
 Parameter: IN1 <- "" <empty>
  
 CHARMM>     
  
 CHARMM>    !requires toppar_drude_master*.str
 CHARMM>     
  
 CHARMM>    !model compounds
 CHARMM>     
  
 CHARMM>    !references
 CHARMM>    !Alkanes
 CHARMM>    !Igor V. Vorobyov, Victor M. Anisimov and Alexander D. MacKerell,
 CHARMM>    !Jr. "Polarizable Empirical Force Field for Alkanes Based on the
 CHARMM>    !Classical Drude Oscillator Model," Journal of Physical Chemistry B,
 CHARMM>    !109: 18988-18999, 2005.
 CHARMM>    !
 CHARMM>    !Anisotropic polarizability model
 CHARMM>    !Harder, E., Anisimov, V.M., Vorobyov, I.V., Lopes, P.E., Noskov, S.,
 CHARMM>    !MacKerell, A.D., Jr.  and Roux, B. Atomic Level Anisotropy in the
 CHARMM>    !Electrostatic Modeling of Lone Pairs for a Polarizable Force Field
 CHARMM>    !based on the Classical Drude Oscillator, Journal of Chemical Theory
 CHARMM>    !and Computation, 2: 1587-1597, 2006
 CHARMM>    !
 CHARMM>    !Ethers
 CHARMM>    !
 CHARMM>    !Vorobyov, I.V., Anisimov, V.M., Greene, S., Venable, R.M., Moser, A.,
 CHARMM>    !Pastor, R.W. and MacKerell, A.D., Jr., Additive and Classical Drude
 CHARMM>    !Polarizable Force Fields for Linear and Cyclic Ethers, Journal of
 CHARMM>    !Chemical Theory and Computation, 3: 1120-1133, 2007.
 CHARMM>    !
 CHARMM>    !Baker, C. and MacKerell, Jr. A.D., “Polarizability Rescaling and
 CHARMM>    !atom-based Thole Scaling in the CHARMM Drude Polarizable Force Field
 CHARMM>    !for Ethers” Journal of Molecular Modeling, 16: 567-576, 2010,
 CHARMM>    !PMC2818097
 CHARMM>     
  
 CHARMM>    !Sulfur containing compounds
 CHARMM>    !Zhu, X. and MacKerell, A.D., Jr. “Polarizable Empirical Force Field
 CHARMM>    !for Sulfur-Containing Compounds Based on the Classical Drude
 CHARMM>    !Oscillator Model,” Journal of Computational Chemistry, 12: 2330-2341,
 CHARMM>    !2010. PMC2923574
 CHARMM>    !
 CHARMM>    !Alcohols
 CHARMM>    !Anisimov, V.M., Vorobyov, I.V., Roux, B., and MacKerell, A.D., Jr.
 CHARMM>    !Polarizable empirical force field for the primary and secondary
 CHARMM>    !alcohol series based on the classical Drude model. Journal of Chemical
 CHARMM>    !Theory and Computation, 3, 1927-1946, 2007.
 CHARMM>     
  
 CHARMM>    !Amides
 CHARMM>    !Harder, E., Anisimov, V.M., Whitfield, T., MacKerell, A.D., Jr., Roux,
 CHARMM>    !B. "Understanding the Dielectric Properties of Liquid Amides from a
 CHARMM>    !Polarizable Force Field," Journal of Physical Chemistry,
 CHARMM>    !112:3509-3521. 2008, PMID: 18302362
 CHARMM>    !
 CHARMM>    !Final amide model used on 2013 protein FF
 CHARMM>    !Lin, B., Lopes, P.E.M., Roux, B., and MacKerell, A.D., Jr.,
 CHARMM>    !“Kirkwood-Buff Analysis of Aqueous N-Methylacetamide and Acetamide
 CHARMM>    !Solutions Modeled by the CHARMM Additive and Drude Polarizable Force
 CHARMM>    !Fields,” Journal of Chemical Physics, 139: 084509, 2013, PMC3772949
 CHARMM>    !
 CHARMM>    !Aromatics
 CHARMM>    !Lopes, P., Lamoureux, G., Roux, B., MacKerell, A.D., Jr., "Polarizable
 CHARMM>    !Empirical Force Field for Aromatic Compounds Based on the Classical
 CHARMM>    !Drude Oscillator," Journal of Physical Chemistry, B. 111:2873-2885,
 CHARMM>    !2007
 CHARMM>    !
 CHARMM>    !Heterocycles
 CHARMM>    !Lopes, P.E.M., Lamoureux, G., MacKerell, A.D., Jr., “Polarizable
 CHARMM>    !Empirical Force Field for Nitrogen-containing Heteroaromatic Compounds
 CHARMM>    !Based on the Classical Drude Oscillator” Journal of Computational
 CHARMM>    !Chemistry, 30: 1821-1838, 2009, PMC251901
 CHARMM>    !
 CHARMM>    !Nucleic Acid Bases
 CHARMM>    !Baker, C.M., Anisimov, V.M., and MacKerell, A.D., Jr., “Development of
 CHARMM>    !CHARMM Polarizable Force Field for Nucleic Acid Bases Based on the
 CHARMM>    !Classical Drude Oscillator Model,” Journal of Physical Chemistry,
 CHARMM>    !B. 115; 580–596, 2011, PMC3166616
 CHARMM>    !
 CHARMM>    !Halogenated benzenes and ethanes
 CHARMM>    !Lin, F-Y. and MacKerell, A.D., Jr., “Polarizable Empirical Force Field
 CHARMM>    !for Halogen-Containing Compounds Based on the Classical Drude
 CHARMM>    !Oscillator," Journal of Chemical Theory and Computation, 2018, 14 (2),
 CHARMM>    !1083-1098
 CHARMM>    !
 CHARMM>    !Updated Molecular ions
 CHARMM>    !Lin, F-Y., Lopes, P.E.M., Harder, E., Roux, B., and
 CHARMM>    !MacKerell, A.D., Jr.,“Polarizable Force Field for Molecular Ions based
 CHARMM>    !on the Classical Drude Oscillator," Journal of Chemical Information
 CHARMM>    !and Modeling, 2018, 58 (5), 993–1004.
 CHARMM>    !
 CHARMM>    !Reoptimization of DMP and new molecular anions
 CHARMM>    !Kognole, A.A., Aytenfisu, A.H., and MacKerell, A.D., Jr., “Balanced
 CHARMM>    !Drude Polarizable Force Field for Molecular Anions: Phosphates,
 CHARMM>    !Sulfates, Sulfamates and Oxides," Journal of Molecular Modeling,
 CHARMM>    !(Accepted April 2020)
 CHARMM>     
  
 CHARMM>    read rtf card append
 MAINIO> Residue topology file being read from unit  99.
 RDTITL> * TOPOLOGY FOR DRUDE MODEL COMPOUNDS
 RDTITL> *

 DRUDES PARTICLES WILL BE GENERATED AUTOMATICALLY FOR ALL ATOMS WITH NON-ZERO ALPHA
 Thole-type dipole screening, Slater-Delta shape {S(u) = 1 - (1+u/2)*exp(-u)}, default radius =  1.300000
  
 CHARMM>     
  
 CHARMM>    read para card append

          PARAMETER FILE BEING READ FROM UNIT 99
 RDTITL> * DRUDE POLARIZABLE FF PARAMETERS
 RDTITL> *
 PARMIO> NONBOND, HBOND lists and IMAGE atoms cleared.
  
 VCLOSE: Closing unit   99 with status "KEEP"

                    RETURNING TO INPUT STREAM     5
  
 CHARMM>     
  
 CHARMM>    ! Read PSF and Coordinates
 CHARMM>    open read unit 10 card name ../@ion_@mol_files/@ion_@mol_@conc.psf
 Parameter: ION -> "MG"
 Parameter: MOL -> "DMP"
 Parameter: ION -> "MG"
 Parameter: MOL -> "DMP"
 Parameter: CONC -> "0.125"
 VOPEN> Attempting to open::../mg_dmp_files/mg_dmp_0.125.psf::
 OPNLGU> Unit 10 opened for READONLY access to ../mg_dmp_files/mg_dmp_0.125.psf
  
 CHARMM>    read psf  unit 10 card
 MAINIO> Protein structure file being read from unit  10.
 PSFRD2> Reading PSF in the expanded format.
 TITLE>  * CREATE PSF FILE
 TITLE>  *  DATE:     6/ 8/21     14:16:52      CREATED BY USER: akognole
 TITLE>  *
 PSFSUM> PSF modified: NONBOND lists and IMAGE atoms cleared.
 PSFSUM> Summary of the structure file counters :
         Number of segments      =        3   Number of residues   =     7329
         Number of atoms         =    36861   Number of groups     =     7329
         Number of bonds         =    36837   Number of angles     =     7625
         Number of dihedrals     =      192   Number of impropers  =        0
         Number of cross-terms   =        0
         Number of HB acceptors  =     7305   Number of HB donors  =        0
         Number of NB exclusions =        0   Total charge =   -0.00000
         Number of Drudes        =     7425
         Number of true-bonds    =    36837   Number of zero-bonds =        0
         Number of aniso. terms  =       64   Number of lone-pairs =     7305
  
 CHARMM>     
  
 CHARMM>    open read unit 10 card name ../@ion_@mol_files/@ion_@mol_@conc.crd
 Parameter: ION -> "MG"
 Parameter: MOL -> "DMP"
 Parameter: ION -> "MG"
 Parameter: MOL -> "DMP"
 Parameter: CONC -> "0.125"
 OPNLGU> Unit already open. The old file will be closed first.
 VCLOSE: Closing unit   10 with status "KEEP"
 VOPEN> Attempting to open::../mg_dmp_files/mg_dmp_0.125.crd::
 OPNLGU> Unit 10 opened for READONLY access to ../mg_dmp_files/mg_dmp_0.125.crd
  
 CHARMM>    read coor unit 10 card
          SPATIAL COORDINATES BEING READ FROM UNIT 10
 TITLE> * CHARMM CRD FILE
 TITLE> * GENERATED BY CONVPDB.PL (MMTSB TOOL SET)
 TITLE> *
 ** WARNING ** After reading, there are no coordinates for selected atom:   338    25 SWM4     DOH2    
 ** WARNING ** After reading, there are no coordinates for selected atom:   339    25 SWM4     OM      
 ** WARNING ** After reading, there are no coordinates for selected atom:   343    26 SWM4     DOH2    
 ** WARNING ** After reading, there are no coordinates for selected atom:   344    26 SWM4     OM      
 ** WARNING ** After reading, there are no coordinates for selected atom:   348    27 SWM4     DOH2    
 ** WARNING ** After reading, there are no coordinates for selected atom:   349    27 SWM4     OM      
 ** WARNING ** After reading, there are no coordinates for selected atom:   353    28 SWM4     DOH2    
 ** WARNING ** After reading, there are no coordinates for selected atom:   354    28 SWM4     OM      
 ** WARNING ** After reading, there are no coordinates for selected atom:   358    29 SWM4     DOH2    
 ** WARNING ** After reading, there are no coordinates for selected atom:   359    29 SWM4     OM      

 ** A total of 14610 selected atoms have no coordinates
 *** LEVEL  2 WARNING *** BOMLEV IS    0
  
 CHARMM>     
  
 CHARMM>    coor sdrude
  
 CHARMM>    coor shake
 SELECTED COORDINATES CONSTRAINED IN THE MAIN SET.

  
 CHARMM>     
  
 CHARMM>    SHAKE bonh param nofast -
 CHARMM>          select  .not. type D*  end -
 CHARMM>          select  .not. type D*  end
 SELRPN>  29436 atoms have been selected out of  36861
 SELRPN>  29436 atoms have been selected out of  36861
 SHKCOM> SHAKE parameters: TOL =   0.1000D-09 MXITer =    500

           22011 constraints will held by SHAKE.
  
 CHARMM>     
  
 CHARMM>    SET XTLTYPE  = ORTHO
 Parameter: XTLTYPE <- "ORTHO"
  
 CHARMM>    SET A = 48.5
 Parameter: A <- "48.5"
  
 CHARMM>    SET B = 48.5
 Parameter: B <- "48.5"
  
 CHARMM>    SET C = 96.5
 Parameter: C <- "96.5"
  
 CHARMM>    SET ALPHA = 90.0
 Parameter: ALPHA <- "90.0"
  
 CHARMM>    SET BETA  = 90.0
 Parameter: BETA <- "90.0"
  
 CHARMM>    SET GAMMA = 90.0
 Parameter: GAMMA <- "90.0"
  
 CHARMM>    SET FFTX  = 60
 Parameter: FFTX <- "60"
  
 CHARMM>    SET FFTY  = 60
 Parameter: FFTY <- "60"
  
 CHARMM>    SET FFTZ  = 120
 Parameter: FFTZ <- "120"
  
 CHARMM>    SET XCEN  = 0
 Parameter: XCEN <- "0"
  
 CHARMM>    SET YCEN  = 0
 Parameter: YCEN <- "0"
  
 CHARMM>    SET ZCEN  = 0
 Parameter: ZCEN <- "0"
  
 CHARMM>     
  
 CHARMM>    !open read unit 10 card name crystal_image.str
 CHARMM>    CRYSTAL DEFINE @XTLtype @A @B @C @alpha @beta @gamma
 Parameter: XTLTYPE -> "ORTHO"
 Parameter: A -> "48.5"
 Parameter: B -> "48.5"
 Parameter: C -> "96.5"
 Parameter: ALPHA -> "90.0"
 Parameter: BETA -> "90.0"
 Parameter: GAMMA -> "90.0"
 Crystal Parameters : Crystal Type = ORTH
           A     =   48.50000 B    =   48.50000 C     =   96.50000
           Alpha =   90.00000 Beta =   90.00000 Gamma =   90.00000
  
 CHARMM>    crystal build noper 0 cutoff 16.0
 XBUILD> Building all transformations with a minimum atom-atom
         contact distance of less than   16.00 Angstroms.

 Range of Grid Search for Transformation     1 :
 Lattice Vector A    -2 TO     2
 Lattice Vector B    -2 TO     2
 Lattice Vector C    -2 TO     2


 The number of transformations generated =    26


 Number  Symop   A   B   C   Distance

      1      1  -1  -1  -1     9.8307
      2      1  -1   0  -1     3.6220
      3      1  -1   1  -1     4.8286
      4      1   0  -1  -1     4.7312
      5      1   0   0  -1     1.9265
      6      1   0   1  -1     3.6161
      7      1  -1  -1   0     3.7097
      8      1  -1   0   0     1.2019
      9      1  -1   1   0     2.2116
     10      1   0  -1   0     0.9089
     11      1   0   1   0     0.9089
     12      1  -1  -1   1     3.9858
     13      1  -1   0   1     2.1150
     14      1  -1   1   1     7.2624
     15      1   0  -1   1     3.6161
     16      1   0   0   1     1.9265
     17      1   0   1   1     4.7312
     18      1   1   1   1     9.8307
     19      1   1   0   1     3.6220
     20      1   1  -1   1     4.8286
     21      1   1   1   0     3.7097
     22      1   1   0   0     1.2019
     23      1   1  -1   0     2.2116
     24      1   1   1  -1     3.9858
     25      1   1   0  -1     2.1150
     26      1   1  -1  -1     7.2624
                     THERE ARE NO ROTATIONS FOR THIS TRANSFORMATION SET
    26 Transformations have been processed.

  
 CHARMM>    !CRYSTAL READ UNIT 10 CARD
 CHARMM>    !CRYSTAL BUILD CUTOFF 14.0
 CHARMM>     
  
 CHARMM>    !Image centering by residue
 CHARMM>    IMAGE BYRESID XCEN @xcen YCEN @ycen ZCEN @zcen sele resname @ion .or. resname @mol end
 Parameter: XCEN -> "0"
 Parameter: YCEN -> "0"
 Parameter: ZCEN -> "0"
 Parameter: ION -> "MG"
 Parameter: MOL -> "DMP"
 SELRPN>    336 atoms have been selected out of  36861
 IMAGE CENTERING ON FOR SOME ATOMS
  
 CHARMM>    IMAGE BYRESID XCEN @xcen YCEN @ycen ZCEN @zcen sele resname swm4 end
 Parameter: XCEN -> "0"
 Parameter: YCEN -> "0"
 Parameter: ZCEN -> "0"
 SELRPN>  36525 atoms have been selected out of  36861
 IMAGE CENTERING ON FOR SOME ATOMS
  
 CHARMM>     
  
 CHARMM>    nbonds atom vatom switch vswitch bycb -
 CHARMM>           ctonnb 10.0 ctofnb 12.0 cutnb 16.0 cutim 16.0 -
 CHARMM>           inbfrq -1 imgfrq -1 wmin 1.0 cdie eps 1.0 -
 CHARMM>           ewald pmew fftx @fftx ffty @ffty fftz @fftz  kappa .34 spline order 6
 Parameter: FFTX -> "60"
 Parameter: FFTY -> "60"
 Parameter: FFTZ -> "120"

 SELECTED IMAGES ATOMS BEING CENTERED ABOUT  0.000000  0.000000  0.000000

 <MKIMAT2>: updating the image atom lists and remapping
 Transformation   Atoms  Groups  Residues  Min-Distance
    1  C001 has     210      42      42        5.90
    2  C002 has    1440     288     288        1.16
    3  C003 has     265      53      53        2.34
    4  C004 has    1370     274     274        0.93
    5  C005 has    6075    1215    1215        0.69
    6  C006 has    1480     296     296        0.96
    7  C007 has    2679     531     531        0.94
    8  C008 has   11828    2350    2350        0.65
    9  C009 has    2765     550     550        0.99
   10  C010 has   11857    2366    2366        0.58
   12  C012 has     245      49      49        2.02
   13  C013 has    1490     298     298        1.08
   14  C014 has     330      66      66        5.54
 Total of78895 atoms and15707 groups and15707 residues were included

 <PME> Total heap storage needed =     1537727
 Fill Ewald table: Number of points=     10000 EWXmax=    4.250000
 fill erfc table: linear inter has rms error = 0.979220D-08 maximum error = 0.218740D-07
 fill erfc table: cubic spline has rms error = 0.360331D-11 maximum error = 0.108438D-10

 NONBOND OPTION FLAGS: 
     ELEC     VDW      ATOMs    CDIElec  SWITch   VATOm    VSWItch 
     BYCB     NOEXtnd  EWALd   
 CUTNB  = 16.000 CTEXNB =999.000 CTONNB = 10.000 CTOFNB = 12.000
 CGONNB =  0.000 CGOFNB = 10.000
 WMIN   =  1.000 WRNMXD =  0.500 E14FAC =  1.000 EPS    =  1.000
 NBXMOD =      5
 PME EWALD OPTIONS: KAPPA  =  0.340  QCOR =  0.000  Bspline order = 6
 FFTX=  60  FFTY=  60  FFTZ= 120
                Using FFTW
                Real-to-Complex FFT
                Using Column FFT 
 There are        0 atom  pairs and        0 atom  exclusions.
 There are        0 group pairs and        0 group exclusions.
 <MAKINB> with mode   5 found  74546 exclusions and    576 interactions(1-4)
 <MAKGRP> found      0 group exclusions.
 <MAKGRP> found      0 image group exclusions.
 Generating nonbond list with Exclusion mode = 5
 Allocate space for   5000 Thole shielding pairs 
 == PRIMARY == SPACE FOR        0 ATOM PAIRS AND        0 GROUP PAIRS
 == IMAGES === SPACE FOR        0 ATOM PAIRS AND        0 GROUP PAIRS
  
 =========================================
              TRIAL run of list...........
 =========================================
Using Image CUBE search
Using Image CUBE search
  NBNDGCM found:
     5479901  atom pairs
     1083251  image atom pairs
           0  self atom pairs
    38298362 total atom  pairs
    13120326 total image pairs
  
 CHARMM>     
  
 CHARMM>    energy

 SELECTED IMAGES ATOMS BEING CENTERED ABOUT  0.000000  0.000000  0.000000

 <MKIMAT2>: updating the image atom lists and remapping
 Transformation   Atoms  Groups  Residues  Min-Distance
    1  C001 has     210      42      42        5.90
    2  C002 has    1440     288     288        1.16
    3  C003 has     265      53      53        2.34
    4  C004 has    1370     274     274        0.93
    5  C005 has    6075    1215    1215        0.69
    6  C006 has    1480     296     296        0.96
    7  C007 has    2679     531     531        0.94
    8  C008 has   11828    2350    2350        0.65
    9  C009 has    2765     550     550        0.99
   10  C010 has   11857    2366    2366        0.58
   12  C012 has     245      49      49        2.02
   13  C013 has    1490     298     298        1.08
   14  C014 has     330      66      66        5.54
 Total of78895 atoms and15707 groups and15707 residues were included

 <MAKGRP> found      0 image group exclusions.
 <PME> Total heap storage needed =     1537727

 NONBOND OPTION FLAGS: 
     ELEC     VDW      ATOMs    CDIElec  SWITch   VATOm    VSWItch 
     BYCB     NOEXtnd  EWALd   
 CUTNB  = 16.000 CTEXNB =999.000 CTONNB = 10.000 CTOFNB = 12.000
 CGONNB =  0.000 CGOFNB = 10.000
 WMIN   =  1.000 WRNMXD =  0.500 E14FAC =  1.000 EPS    =  1.000
 NBXMOD =      5
 PME EWALD OPTIONS: KAPPA  =  0.340  QCOR =  0.000  Bspline order = 6
 FFTX=  60  FFTY=  60  FFTZ= 120
                Using FFTW
                Real-to-Complex FFT
                Using Column FFT 
 There are  5479901 atom  pairs and    75122 atom  exclusions.
 There are        0 group pairs and        0 group exclusions.
 Generating nonbond list with Exclusion mode = 5
 == PRIMARY == SPACE FOR  7123871 ATOM PAIRS AND        0 GROUP PAIRS
 == IMAGES === SPACE FOR  1408226 ATOM PAIRS AND        0 GROUP PAIRS
Using Image CUBE search
  NBNDGCM found:
     5479901  atom pairs
     1083251  image atom pairs
           0  self atom pairs
    38298362 total atom  pairs
    13120326 total image pairs
Splitting recip cores into (y by z):   2 by    4
ENER ENR:  Eval#     ENERgy      Delta-E         GRMS
ENER INTERN:          BONDs       ANGLes       UREY-b    DIHEdrals    IMPRopers
ENER EXTERN:        VDWaals         ELEC       HBONds          ASP         USER
ENER IMAGES:        IMNBvdw       IMELec       IMHBnd       RXNField    EXTElec
ENER EWALD:          EWKSum       EWSElf       EWEXcl       EWQCor       EWUTil
 ----------       ---------    ---------    ---------    ---------    ---------
ENER>        0 8073622.8229       0.0000  267184.7256
ENER INTERN>        8.26100     82.27030      0.01365    223.22770      0.00000
ENER EXTERN>    47123.21559    802.74377      0.00000      0.00000      0.00000
ENER IMAGES>   8026847.2005     104.7401       0.0000       0.0000       0.0000
ENER EWALD>       9284.7231-3661047.7639 3650194.1912       0.0000       0.0000
 ----------       ---------    ---------    ---------    ---------    ---------
  
 CHARMM>     
  
 CHARMM>    ! first minimize drudes, then entire system
 CHARMM>    cons harm force 100000. sele .not. type D* end
 SELRPN>  29436 atoms have been selected out of  36861
 CSTRAN: Harmonic Restraints
          ABSOlute type as set number  1.  Number of selected atoms:  29436
          Reference coordinates set to main coordinates.
          Mass weighting will NOT be used for new restraints.
          The force constant of  100000.00000 will be used.
          An exponent of  2 will be used.
          The XYZ scale factors are:       1.00000       1.00000       1.00000
          A total of  29436 atoms are restrained.
  
 CHARMM>    mini SD   nstep 100 nprint 20

 SELECTED IMAGES ATOMS BEING CENTERED ABOUT  0.000000  0.000000  0.000000

 <MKIMAT2>: updating the image atom lists and remapping
 Transformation   Atoms  Groups  Residues  Min-Distance
    1  C001 has     210      42      42        5.90
    2  C002 has    1440     288     288        1.16
    3  C003 has     265      53      53        2.34
    4  C004 has    1370     274     274        0.93
    5  C005 has    6075    1215    1215        0.69
    6  C006 has    1480     296     296        0.96
    7  C007 has    2679     531     531        0.94
    8  C008 has   11828    2350    2350        0.65
    9  C009 has    2765     550     550        0.99
   10  C010 has   11857    2366    2366        0.58
   12  C012 has     245      49      49        2.02
   13  C013 has    1490     298     298        1.08
   14  C014 has     330      66      66        5.54
 Total of78895 atoms and15707 groups and15707 residues were included

 <MAKGRP> found      0 image group exclusions.

 NONBOND OPTION FLAGS: 
     ELEC     VDW      ATOMs    CDIElec  SWITch   VATOm    VSWItch 
     BYCB     NOEXtnd  EWALd   
 CUTNB  = 16.000 CTEXNB =999.000 CTONNB = 10.000 CTOFNB = 12.000
 CGONNB =  0.000 CGOFNB = 10.000
 WMIN   =  1.000 WRNMXD =  0.500 E14FAC =  1.000 EPS    =  1.000
 NBXMOD =      5
 PME EWALD OPTIONS: KAPPA  =  0.340  QCOR =  0.000  Bspline order = 6
 FFTX=  60  FFTY=  60  FFTZ= 120
                Using FFTW
                Real-to-Complex FFT
                Using Column FFT 
 There are  5479901 atom  pairs and    75122 atom  exclusions.
 There are        0 group pairs and        0 group exclusions.
 Generating nonbond list with Exclusion mode = 5
 == PRIMARY == SPACE FOR  7123871 ATOM PAIRS AND        0 GROUP PAIRS
 == IMAGES === SPACE FOR  1408226 ATOM PAIRS AND        0 GROUP PAIRS
Using Image CUBE search
  NBNDGCM found:
     5479901  atom pairs
     1083251  image atom pairs
           0  self atom pairs
    38298362 total atom  pairs
    13120326 total image pairs


 STEEPD> An energy minimization has been requested.

 NSTEP  =          100   NPRINT =           20
 STEP   =    0.0200000   TOLFUN =    0.0000000
 TOLGRD =    0.0000000   TOLSTP =    0.0000000

MINI MIN: Cycle      ENERgy      Delta-E         GRMS    Step-size
MINI INTERN:          BONDs       ANGLes       UREY-b    DIHEdrals    IMPRopers
MINI EXTERN:        VDWaals         ELEC       HBONds          ASP         USER
MINI IMAGES:        IMNBvdw       IMELec       IMHBnd       RXNField    EXTElec
MINI EWALD:          EWKSum       EWSElf       EWEXcl       EWQCor       EWUTil
MINI CONSTR:       HARMonic    CDIHedral          CIC     RESDistance       NOE
 ----------       ---------    ---------    ---------    ---------    ---------
MINI>        0 8073993.7904    -370.9675  267184.6523       0.0200
MINI INTERN>        8.26100     82.27030      0.01365    223.22770      0.00000
MINI EXTERN>    47123.21559    802.74377      0.00000      0.00000      0.00000
MINI IMAGES>   8026847.2005     104.7401       0.0000       0.0000       0.0000
MINI EWALD>       9284.7231-3661047.7639 3650194.1912       0.0000       0.0000
MINI CONSTR>      370.96748      0.00000      0.00000      0.00000      0.00000
 ----------       ---------    ---------    ---------    ---------    ---------
MINI>       20  485994.9864 7587998.8040     106.5210       0.0003
MINI INTERN>      556.07343     84.47359      0.08186    223.23598      0.00000
MINI EXTERN>    47398.36043    526.08850      0.00000      0.00000      0.00000
MINI IMAGES>   241757.90830    583.91785      0.00000      0.00000      0.00000
MINI EWALD>       9146.7040-3661047.7639 3650174.1512       0.0000       0.0000
MINI CONSTR>   196591.75520      0.00000      0.00000      0.00000      0.00000
 ----------       ---------    ---------    ---------    ---------    ---------
MINI>       40 484704.89759   1290.08878     40.35017      0.00006
MINI INTERN>      495.96286     84.46230      0.08160    223.23599      0.00000
MINI EXTERN>    47395.83869    206.68357      0.00000      0.00000      0.00000
MINI IMAGES>   244644.28012    319.07325      0.00000      0.00000      0.00000
MINI EWALD>       8968.7910-3661047.7639 3650168.4724       0.0000       0.0000
MINI CONSTR>   193245.77978      0.00000      0.00000      0.00000      0.00000
 ----------       ---------    ---------    ---------    ---------    ---------
MINI>       60 484041.07426    663.82333     43.41427      0.00007
MINI INTERN>      483.40532     84.45816      0.08159    223.23601      0.00000
MINI EXTERN>    47395.44163    -68.67057      0.00000      0.00000      0.00000
MINI IMAGES>   244091.88633    112.94497      0.00000      0.00000      0.00000
MINI EWALD>       8817.8277-3661047.7639 3650162.1184       0.0000       0.0000
MINI CONSTR>   193786.10870      0.00000      0.00000      0.00000      0.00000
 ----------       ---------    ---------    ---------    ---------    ---------
MINI>       80 483475.64777    565.42649     57.30886      0.00008
MINI INTERN>      498.51717     84.45413      0.08159    223.23602      0.00000
MINI EXTERN>    47395.02181   -336.51206      0.00000      0.00000      0.00000
MINI IMAGES>   243067.75754    -73.47924      0.00000      0.00000      0.00000
MINI EWALD>       8673.1975-3661047.7639 3650154.8271       0.0000       0.0000
MINI CONSTR>   194836.31017      0.00000      0.00000      0.00000      0.00000
 ----------       ---------    ---------    ---------    ---------    ---------
MINI>      100 482837.93952    637.70825     13.46390      0.00004
MINI INTERN>      528.02245     84.45035      0.08158    223.23603      0.00000
MINI EXTERN>    47392.01338   -585.95188      0.00000      0.00000      0.00000
MINI IMAGES>   244905.45847   -243.03241      0.00000      0.00000      0.00000
MINI EWALD>       8540.3182-3661047.7639 3650147.2411       0.0000       0.0000
MINI CONSTR>   192893.86617      0.00000      0.00000      0.00000      0.00000
 ----------       ---------    ---------    ---------    ---------    ---------

 STEEPD> Minimization exiting with number of steps limit (       100) exceeded.

STPD MIN: Cycle      ENERgy      Delta-E         GRMS    Step-size
STPD INTERN:          BONDs       ANGLes       UREY-b    DIHEdrals    IMPRopers
STPD EXTERN:        VDWaals         ELEC       HBONds          ASP         USER
STPD IMAGES:        IMNBvdw       IMELec       IMHBnd       RXNField    EXTElec
STPD EWALD:          EWKSum       EWSElf       EWEXcl       EWQCor       EWUTil
STPD CONSTR:       HARMonic    CDIHedral          CIC     RESDistance       NOE
 ----------       ---------    ---------    ---------    ---------    ---------
STPD>      100 482837.93952    637.70825     13.46390      0.00004
STPD INTERN>      528.02245     84.45035      0.08158    223.23603      0.00000
STPD EXTERN>    47392.01338   -585.95188      0.00000      0.00000      0.00000
STPD IMAGES>   244905.45847   -243.03241      0.00000      0.00000      0.00000
STPD EWALD>       8540.3182-3661047.7639 3650147.2411       0.0000       0.0000
STPD CONSTR>   192893.86617      0.00000      0.00000      0.00000      0.00000
 ----------       ---------    ---------    ---------    ---------    ---------
  
 CHARMM>    !mini ABNR nstep 100 nprint 20
 CHARMM>    cons harm force 0.0 sele all end
 SELRPN>  36861 atoms have been selected out of  36861
 CSTRAN: Harmonic Restraints
          ABSOlute type as set number  1.  Number of selected atoms:  36861
          Reference coordinates set to main coordinates.
          Mass weighting will NOT be used for new restraints.
          The force constant of       0.00000 will be used.
          An exponent of  2 will be used.
          The XYZ scale factors are:       1.00000       1.00000       1.00000
          A total of      0 atoms are restrained.
  
 CHARMM>     
  
 CHARMM>    ! minimize all atoms and drudes
 CHARMM>    mini SD   nstep 100 nprint 20

 SELECTED IMAGES ATOMS BEING CENTERED ABOUT  0.000000  0.000000  0.000000

 <MKIMAT2>: updating the image atom lists and remapping
 Transformation   Atoms  Groups  Residues  Min-Distance
    1  C001 has     210      42      42        5.89
    2  C002 has    1440     288     288        1.14
    3  C003 has     260      52      52        2.30
    4  C004 has    1370     274     274        0.92
    5  C005 has    6075    1215    1215        0.66
    6  C006 has    1480     296     296        0.92
    7  C007 has    2679     531     531        0.92
    8  C008 has   11828    2350    2350        0.61
    9  C009 has    2765     550     550        0.96
   10  C010 has   11857    2366    2366        0.57
   12  C012 has     240      48      48        1.97
   13  C013 has    1490     298     298        1.03
   14  C014 has     330      66      66        5.50
 Total of78885 atoms and15705 groups and15705 residues were included

 <MAKGRP> found      0 image group exclusions.

 NONBOND OPTION FLAGS: 
     ELEC     VDW      ATOMs    CDIElec  SWITch   VATOm    VSWItch 
     BYCB     NOEXtnd  EWALd   
 CUTNB  = 16.000 CTEXNB =999.000 CTONNB = 10.000 CTOFNB = 12.000
 CGONNB =  0.000 CGOFNB = 10.000
 WMIN   =  1.000 WRNMXD =  0.500 E14FAC =  1.000 EPS    =  1.000
 NBXMOD =      5
 PME EWALD OPTIONS: KAPPA  =  0.340  QCOR =  0.000  Bspline order = 6
 FFTX=  60  FFTY=  60  FFTZ= 120
                Using FFTW
                Real-to-Complex FFT
                Using Column FFT 
 There are  5479901 atom  pairs and    75122 atom  exclusions.
 There are        0 group pairs and        0 group exclusions.
 Generating nonbond list with Exclusion mode = 5
 == PRIMARY == SPACE FOR  7123871 ATOM PAIRS AND        0 GROUP PAIRS
 == IMAGES === SPACE FOR  1408226 ATOM PAIRS AND        0 GROUP PAIRS
Using Image CUBE search
  NBNDGCM found:
     5479864  atom pairs
     1082990  image atom pairs
           0  self atom pairs
    38300067 total atom  pairs
    13118580 total image pairs


 STEEPD> An energy minimization has been requested.

 NSTEP  =          100   NPRINT =           20
 STEP   =    0.0200000   TOLFUN =    0.0000000
 TOLGRD =    0.0000000   TOLSTP =    0.0000000

MINI MIN: Cycle      ENERgy      Delta-E         GRMS    Step-size
MINI INTERN:          BONDs       ANGLes       UREY-b    DIHEdrals    IMPRopers
MINI EXTERN:        VDWaals         ELEC       HBONds          ASP         USER
MINI IMAGES:        IMNBvdw       IMELec       IMHBnd       RXNField    EXTElec
MINI EWALD:          EWKSum       EWSElf       EWEXcl       EWQCor       EWUTil
 ----------       ---------    ---------    ---------    ---------    ---------
MINI>        0 289944.07336 192893.86617   1056.56733      0.02000
MINI INTERN>      528.02245     84.45035      0.08158    223.23603      0.00000
MINI EXTERN>    47392.01338   -585.95188      0.00000      0.00000      0.00000
MINI IMAGES>   244905.45847   -243.03241      0.00000      0.00000      0.00000
MINI EWALD>       8540.3182-3661047.7639 3650147.2411       0.0000       0.0000
 ----------       ---------    ---------    ---------    ---------    ---------
 UPDECI: Image update at step         4

 <MKIMAT2>: updating the image atom lists and remapping
 Transformation   Atoms  Groups  Residues  Min-Distance
    1  C001 has     210      42      42        5.89
    2  C002 has    1450     290     290        1.12
    3  C003 has     255      51      51        1.82
    4  C004 has    1355     271     271        0.92
    5  C005 has    6065    1213    1213        0.47
    6  C006 has    1465     293     293        0.83
    7  C007 has    2674     530     530        0.94
    8  C008 has   11813    2347    2347        0.00
    9  C009 has    2765     550     550        0.63
   10  C010 has   11867    2368    2368        0.59
   12  C012 has     215      43      43        1.87
   13  C013 has    1490     298     298        0.91
   14  C014 has     330      66      66        5.36
 Total of78815 atoms and15691 groups and15691 residues were included

 <MAKGRP> found      0 image group exclusions.
 UPDECI: Nonbond update at step         4
 Generating nonbond list with Exclusion mode = 5
 == PRIMARY == SPACE FOR  7123871 ATOM PAIRS AND        0 GROUP PAIRS
 == IMAGES === SPACE FOR  1408226 ATOM PAIRS AND        0 GROUP PAIRS
Using Image CUBE search
  NBNDGCM found:
     5403531  atom pairs
     1058946  image atom pairs
           0  self atom pairs
    38321167 total atom  pairs
    13096268 total image pairs
 UPDECI: Image update at step        11

 <MKIMAT2>: updating the image atom lists and remapping
 Transformation   Atoms  Groups  Residues  Min-Distance
    1  C001 has     215      43      43        5.81
    2  C002 has    1455     291     291        1.04
    3  C003 has     245      49      49        1.93
    4  C004 has    1355     271     271        0.86
    5  C005 has    6075    1215    1215        0.39
    6  C006 has    1465     293     293        0.82
    7  C007 has    2674     530     530        0.84
    8  C008 has   11808    2346    2346        0.17
    9  C009 has    2765     550     550        0.66
   10  C010 has   11850    2364    2364        0.43
   12  C012 has     215      43      43        1.79
   13  C013 has    1485     297     297        0.84
   14  C014 has     335      67      67        5.24
 Total of78803 atoms and15688 groups and15688 residues were included

 <MAKGRP> found      0 image group exclusions.
 UPDECI: Nonbond update at step        11
 Generating nonbond list with Exclusion mode = 5
 == PRIMARY == SPACE FOR  7123871 ATOM PAIRS AND        0 GROUP PAIRS
 == IMAGES === SPACE FOR  1408226 ATOM PAIRS AND        0 GROUP PAIRS
Using Image CUBE search
  NBNDGCM found:
     5449755  atom pairs
     1069904  image atom pairs
           0  self atom pairs
    38333855 total atom  pairs
    13081961 total image pairs
 ** ERROR IN SHAKEA ** DEVIATION IN SHAKE TOO LARGE
 NITER=    6 LL=   95 I=  332 J=  335
 TOLER=      1.2343210000 DIFF=   -128.5494640776 RRPR=     -6.7697562860
  X(I)          -4.5077590928      -16.9009783389        0.5613447308
  XREF(I)      -12.8813737765      -23.4852449047        5.4562584739
  X(J)         -12.8889162128      -23.5877763748        4.4118930601
  XREF(J)      -12.8969763897      -23.6973459829        3.2958385543
 *** LEVEL  1 WARNING *** BOMLEV IS    0
 ** ERROR IN SHAKEA ** DEVIATION IN SHAKE TOO LARGE
 NITER=    6 LL=   96 I=  332 J=  336
 TOLER=      1.2343210000 DIFF=   -220.1565661509 RRPR=    -24.8122065869
  X(I)          -6.5831209254      -18.5567789911        1.5148265618
  XREF(I)      -12.8813737765      -23.4852449047        5.4562584739
  X(J)         -11.9291554156      -31.3229527618        6.9770248038
  XREF(J)      -13.1101507478      -21.6021820072        5.0908839660
 *** LEVEL  1 WARNING *** BOMLEV IS    0
 ** ERROR IN SHAKEA ** DEVIATION IN SHAKE TOO LARGE
 NITER=    7 LL=   94 I=  332 J=  334
 TOLER=      1.2343210000 DIFF=   -175.2543101126 RRPR=    -26.0874171596
  X(I)          -7.9121781091      -21.7305286161        2.8727627715
  XREF(I)      -12.8813737765      -23.4852449047        5.4562584739
  X(J)         -20.5317125657      -21.0636330987        6.9704733006
  XREF(J)      -10.9690423729      -24.0905676795        5.0777549011
 *** LEVEL  1 WARNING *** BOMLEV IS    0
 ** ERROR IN SHAKEA ** DEVIATION IN SHAKE TOO LARGE
 NITER=    7 LL=   96 I=  332 J=  336
 TOLER=      1.2343210000 DIFF=    -44.5184598669 RRPR=    -13.0480377922
  X(I)         -11.0416658397      -21.5196845576        4.3513022077
  XREF(I)      -12.8813737765      -23.4852449047        5.4562584739
  X(J)         -10.6000982319      -28.1492031369        5.6190885942
  XREF(J)      -13.1101507478      -21.6021820072        5.0908839660
 *** LEVEL  1 WARNING *** BOMLEV IS    0
 ** ERROR IN SHAKEA ** DEVIATION IN SHAKE TOO LARGE
 NITER=    8 LL=   94 I=  332 J=  334
 TOLER=      1.2343210000 DIFF=    -45.8524601766 RRPR=    -14.0041619996
  X(I)         -10.9342520965      -23.1323513246        4.6596982019
  XREF(I)      -12.8813737765      -23.4852449047        5.4562584739
  X(J)         -17.3988934838      -21.2291909495        5.9532102802
  XREF(J)      -10.9690423729      -24.0905676795        5.0777549011
 *** LEVEL  1 WARNING *** BOMLEV IS    0
 ** ERROR IN SHAKEA ** DEVIATION IN SHAKE TOO LARGE
 NITER=    8 LL=   96 I=  332 J=  336
 TOLER=      1.2343210000 DIFF=    -17.6637990215 RRPR=     -7.9618317828
  X(I)         -12.5137703425      -22.7468386750        4.1820907599
  XREF(I)      -12.8813737765      -23.4852449047        5.4562584739
  X(J)         -10.7075119752      -26.5365363699        5.3106926000
  XREF(J)      -13.1101507478      -21.6021820072        5.0908839660
 *** LEVEL  1 WARNING *** BOMLEV IS    0
 ** ERROR IN SHAKEA ** DEVIATION IN SHAKE TOO LARGE
 NITER=    9 LL=   94 I=  332 J=  334
 TOLER=      1.2343210000 DIFF=    -17.8891074111 RRPR=     -8.7651106689
  X(I)         -12.0916994600      -23.6323825593        4.4458127076
  XREF(I)      -12.8813737765      -23.4852449047        5.4562584739
  X(J)         -15.8250987565      -21.6925088018        5.6383092104
  XREF(J)      -10.9690423729      -24.0905676795        5.0777549011
 *** LEVEL  1 WARNING *** BOMLEV IS    0
 ** ERROR IN SHAKEA ** DEVIATION IN SHAKE TOO LARGE
 NITER=    9 LL=   96 I=  332 J=  336
 TOLER=      1.2343210000 DIFF=    -12.1981018580 RRPR=     -5.5323297001
  X(I)         -12.9782574970      -23.3615718683        2.8621644429
  XREF(I)      -12.8813737765      -23.4852449047        5.4562584739
  X(J)         -11.1295828577      -25.6509924857        5.0469706523
  XREF(J)      -13.1101507478      -21.6021820072        5.0908839660
 *** LEVEL  1 WARNING *** BOMLEV IS    0
 ** ERROR IN SHAKEA ** DEVIATION IN SHAKE TOO LARGE
 NITER=   10 LL=   94 I=  332 J=  334
 TOLER=      1.2343210000 DIFF=    -11.5099889753 RRPR=     -6.3848505399
  X(I)         -12.5585580542      -23.8813326400        3.3581748977
  XREF(I)      -12.8813737765      -23.4852449047        5.4562584739
  X(J)         -14.9519919632      -22.1461749707        5.3594274957
  XREF(J)      -10.9690423729      -24.0905676795        5.0777549011
 *** LEVEL  1 WARNING *** BOMLEV IS    0
 ** ERROR IN SHAKEA ** DEVIATION IN SHAKE TOO LARGE
 NITER=   10 LL=   95 I=  332 J=  335
 TOLER=      1.2343210000 DIFF=    -10.5983026977 RRPR=     -4.3917515141
  X(I)         -13.0989638894      -23.4895569048        3.8100313612
  XREF(I)      -12.8813737765      -23.4852449047        5.4562584739
  X(J)         -10.7977109690      -21.7166012497        5.6521733044
  XREF(J)      -12.8969763897      -23.6973459829        3.2958385543
 *** LEVEL  1 WARNING *** BOMLEV IS    0
 ** ERROR IN SHAKEA ** DEVIATION IN SHAKE TOO LARGE
 NITER=   10 LL=   96 I=  332 J=  336
 TOLER=      1.2343210000 DIFF=     -4.0996993439 RRPR=     -4.1956017299
  X(I)         -12.5836645007      -23.0925544905        4.2225260543
  XREF(I)      -12.8813737765      -23.4852449047        5.4562584739
  X(J)         -11.5492823004      -25.1312317139        4.5509601975
  XREF(J)      -13.1101507478      -21.6021820072        5.0908839660
 *** LEVEL  1 WARNING *** BOMLEV IS    0
 ** ERROR IN SHAKEA ** DEVIATION IN SHAKE TOO LARGE
 NITER=   11 LL=   94 I=  332 J=  334
 TOLER=      1.2343210000 DIFF=     -4.1554490400 RRPR=     -4.6839197837
  X(I)         -12.3849093519      -23.4842835774        4.2856342333
  XREF(I)      -12.8813737765      -23.4852449047        5.4562584739
  X(J)         -14.4115861280      -22.5379507060        4.9075710322
  XREF(J)      -10.9690423729      -24.0905676795        5.0777549011
 *** LEVEL  1 WARNING *** BOMLEV IS    0
 ** ERROR IN SHAKEA ** DEVIATION IN SHAKE TOO LARGE
 NITER=   11 LL=   95 I=  332 J=  335
 TOLER=      1.2343210000 DIFF=     -3.0125259236 RRPR=     -2.0770071498
  X(I)         -12.7755453160      -23.3018807108        4.4055107148
  XREF(I)      -12.8813737765      -23.4852449047        5.4562584739
  X(J)         -11.3130103578      -22.1136036640        5.2396786112
  XREF(J)      -12.8969763897      -23.6973459829        3.2958385543
 *** LEVEL  1 WARNING *** BOMLEV IS    0
 ** ERROR IN SHAKEA ** DEVIATION IN SHAKE TOO LARGE
 NITER=   11 LL=   96 I=  332 J=  336
 TOLER=      1.2343210000 DIFF=     -2.0770821457 RRPR=     -3.2557151675
  X(I)         -12.5161808655      -23.0911528771        4.5534411946
  XREF(I)      -12.8813737765      -23.4852449047        5.4562584739
  X(J)         -11.7480374492      -24.7395026270        4.4878520186
  XREF(J)      -13.1101507478      -21.6021820072        5.0908839660
 *** LEVEL  1 WARNING *** BOMLEV IS    0
 ** ERROR IN SHAKEA ** DEVIATION IN SHAKE TOO LARGE
 NITER=   12 LL=   94 I=  332 J=  334
 TOLER=      1.2343210000 DIFF=     -1.8628268047 RRPR=     -3.5814442679
  X(I)         -12.3957261137      -23.3496352851        4.5431559696
  XREF(I)      -12.8813737765      -23.4852449047        5.4562584739
  X(J)         -14.0209501639      -22.7203535725        4.7876945507
  XREF(J)      -10.9690423729      -24.0905676795        5.0777549011
 *** LEVEL  1 WARNING *** BOMLEV IS    0
 ** ERROR IN SHAKEA ** DEVIATION IN SHAKE TOO LARGE
 NITER=   12 LL=   95 I=  332 J=  335
 TOLER=      1.2343210000 DIFF=     -1.0338556042 RRPR=     -1.3198078337
  X(I)         -12.6401050646      -23.2550125131        4.5799263348
  XREF(I)      -12.8813737765      -23.4852449047        5.4562584739
  X(J)         -11.5723748083      -22.3243314976        5.0917481314
  XREF(J)      -12.8969763897      -23.6973459829        3.2958385543
 *** LEVEL  1 WARNING *** BOMLEV IS    0
 ** ERROR IN SHAKEA ** DEVIATION IN SHAKE TOO LARGE
 NITER=   12 LL=   96 I=  332 J=  336
 TOLER=      1.2343210000 DIFF=     -0.9821221340 RRPR=     -2.6058529272
  X(I)         -12.5184347648      -23.1489592872        4.6382495967
  XREF(I)      -12.8813737765      -23.4852449047        5.4562584739
  X(J)         -11.8684922009      -24.4810202190        4.4981372437
  XREF(J)      -13.1101507478      -21.6021820072        5.0908839660
 *** LEVEL  1 WARNING *** BOMLEV IS    0
 ** ERROR IN SHAKEA ** DEVIATION IN SHAKE TOO LARGE
 NITER=   13 LL=   94 I=  332 J=  334
 TOLER=      1.2343210000 DIFF=     -0.7832573694 RRPR=     -2.8836713449
  X(I)         -12.4464361911      -23.2965207681        4.6227283951
  XREF(I)      -12.8813737765      -23.4852449047        5.4562584739
  X(J)         -13.7765712131      -22.8149763445        4.7509241855
  XREF(J)      -10.9690423729      -24.0905676795        5.0777549011
 *** LEVEL  1 WARNING *** BOMLEV IS    0
 ** ERROR IN SHAKEA ** DEVIATION IN SHAKE TOO LARGE
 NITER=   13 LL=   95 I=  332 J=  335
 TOLER=      1.2343210000 DIFF=     -0.3727202261 RRPR=     -1.0479461910
  X(I)         -12.5755313075      -23.2497848861        4.6351703278
  XREF(I)      -12.8813737765      -23.4852449047        5.4562584739
  X(J)         -11.6940451081      -22.4303847236        5.0334248695
  XREF(J)      -12.8969763897      -23.6973459829        3.2958385543
 *** LEVEL  1 WARNING *** BOMLEV IS    0
 ** ERROR IN SHAKEA ** DEVIATION IN SHAKE TOO LARGE
 NITER=   13 LL=   96 I=  332 J=  336
 TOLER=      1.2343210000 DIFF=     -0.4071419386 RRPR=     -2.2108470075
  X(I)         -12.5244206499      -23.2022741239        4.6582620694
  XREF(I)      -12.8813737765      -23.4852449047        5.4562584739
  X(J)         -11.9404907747      -24.3334587381        4.5136584453
  XREF(J)      -13.1101507478      -21.6021820072        5.0908839660
 *** LEVEL  1 WARNING *** BOMLEV IS    0
 ** ERROR IN SHAKEA ** DEVIATION IN SHAKE TOO LARGE
 NITER=   14 LL=   94 I=  332 J=  334
 TOLER=      1.2343210000 DIFF=     -0.2862061887 RRPR=     -2.4992646117
  X(I)         -12.4882117390      -23.2724177571        4.6492953425
  XREF(I)      -12.8813737765      -23.4852449047        5.4562584739
  X(J)         -13.6474760966      -22.8617122265        4.7384822527
  XREF(J)      -10.9690423729      -24.0905676795        5.0777549011
 *** LEVEL  1 WARNING *** BOMLEV IS    0
 ** ERROR IN SHAKEA ** DEVIATION IN SHAKE TOO LARGE
 NITER=   14 LL=   95 I=  332 J=  335
 TOLER=      1.2343210000 DIFF=     -0.1301205762 RRPR=     -0.9477908131
  X(I)         -12.5427633175      -23.2530911601        4.6534922167
  XREF(I)      -12.8813737765      -23.4852449047        5.4562584739
  X(J)         -11.7451557657      -22.4778954857        5.0103331279
  XREF(J)      -12.8969763897      -23.6973459829        3.2958385543
 *** LEVEL  1 WARNING *** BOMLEV IS    0
 ** ERROR IN SHAKEA ** DEVIATION IN SHAKE TOO LARGE
 NITER=   14 LL=   96 I=  332 J=  336
 TOLER=      1.2343210000 DIFF=     -0.1426006859 RRPR=     -2.0113454264
  X(I)         -12.5237472680      -23.2346094403        4.6619997897
  XREF(I)      -12.8813737765      -23.4852449047        5.4562584739
  X(J)         -11.9766996856      -24.2633151049        4.5226251722
  XREF(J)      -13.1101507478      -21.6021820072        5.0908839660
 *** LEVEL  1 WARNING *** BOMLEV IS    0
 ** ERROR IN SHAKEA ** DEVIATION IN SHAKE TOO LARGE
 NITER=   15 LL=   94 I=  332 J=  334
 TOLER=      1.2343210000 DIFF=     -0.0896224754 RRPR=     -2.3305799584
  X(I)         -12.5095835430      -23.2612438769        4.6583912119
  XREF(I)      -12.8813737765      -23.4852449047        5.4562584739
  X(J)         -13.5929245181      -22.8810388235        4.7342853785
  XREF(J)      -10.9690423729      -24.0905676795        5.0777549011
 *** LEVEL  1 WARNING *** BOMLEV IS    0
 ** ERROR IN SHAKEA ** DEVIATION IN SHAKE TOO LARGE
 NITER=   15 LL=   95 I=  332 J=  335
 TOLER=      1.2343210000 DIFF=     -0.0412724055 RRPR=     -0.9119683176
  X(I)         -12.5279173506      -23.2548095164        4.6596755989
  XREF(I)      -12.8813737765      -23.4852449047        5.4562584739
  X(J)         -11.7641718152      -22.4963772056        5.0018255549
  XREF(J)      -12.8969763897      -23.6973459829        3.2958385543
 *** LEVEL  1 WARNING *** BOMLEV IS    0
 ** ERROR IN SHAKEA ** DEVIATION IN SHAKE TOO LARGE
 NITER=   15 LL=   96 I=  332 J=  336
 TOLER=      1.2343210000 DIFF=     -0.0422173265 RRPR=     -1.9321622212
  X(I)         -12.5217395170      -23.2486746607        4.6624432033
  XREF(I)      -12.8813737765      -23.4852449047        5.4562584739
  X(J)         -11.9908634106      -24.2366806683        4.5262337500
  XREF(J)      -13.1101507478      -21.6021820072        5.0908839660
 *** LEVEL  1 WARNING *** BOMLEV IS    0
 ** ERROR IN SHAKEA ** DEVIATION IN SHAKE TOO LARGE
 NITER=   16 LL=   94 I=  332 J=  334
 TOLER=      1.2343210000 DIFF=     -0.0250093161 RRPR=     -2.2725149509
  X(I)         -12.5173502696      -23.2568434269        4.6613170328
  XREF(I)      -12.8813737765      -23.4852449047        5.4562584739
  X(J)         -13.5745907105      -22.8874731839        4.7330009915
  XREF(J)      -10.9690423729      -24.0905676795        5.0777549011
 *** LEVEL  1 WARNING *** BOMLEV IS    0
 ** ERROR IN SHAKEA ** DEVIATION IN SHAKE TOO LARGE
 NITER=   16 LL=   95 I=  332 J=  335
 TOLER=      1.2343210000 DIFF=     -0.0116396420 RRPR=     -0.9002359135
  X(I)         -12.5225992619      -23.2550095758        4.6616729297
  XREF(I)      -12.8813737765      -23.4852449047        5.4562584739
  X(J)         -11.7703496489      -22.5025120612        4.9990579505
  XREF(J)      -12.8969763897      -23.6973459829        3.2958385543
 *** LEVEL  1 WARNING *** BOMLEV IS    0
 ** ERROR IN SHAKEA ** DEVIATION IN SHAKE TOO LARGE
 NITER=   16 LL=   96 I=  332 J=  336
 TOLER=      1.2343210000 DIFF=     -0.0113074597 RRPR=     -1.9073558622
  X(I)         -12.5208424014      -23.2532521363        4.6624608841
  XREF(I)      -12.8813737765      -23.4852449047        5.4562584739
  X(J)         -11.9952526580      -24.2285119022        4.5273599205
  XREF(J)      -13.1101507478      -21.6021820072        5.0908839660
 *** LEVEL  1 WARNING *** BOMLEV IS    0
 ** ERROR IN SHAKEA ** DEVIATION IN SHAKE TOO LARGE
 NITER=   17 LL=   94 I=  332 J=  334
 TOLER=      1.2343210000 DIFF=     -0.0065734325 RRPR=     -2.2556842101
  X(I)         -12.5196496129      -23.2554654188        4.6621542821
  XREF(I)      -12.8813737765      -23.4852449047        5.4562584739
  X(J)         -13.5693417182      -22.8893070350        4.7326450946
  XREF(J)      -10.9690423729      -24.0905676795        5.0777549011
 *** LEVEL  1 WARNING *** BOMLEV IS    0
 ** ERROR IN SHAKEA ** DEVIATION IN SHAKE TOO LARGE
 NITER=   17 LL=   95 I=  332 J=  335
 TOLER=      1.2343210000 DIFF=     -0.0030580427 RRPR=     -0.8968613301
  X(I)         -12.5210397554      -23.2549805029        4.6622476355
  XREF(I)      -12.8813737765      -23.4852449047        5.4562584739
  X(J)         -11.7721065094      -22.5042695007        4.9982699961
  XREF(J)      -12.8969763897      -23.6973459829        3.2958385543
 *** LEVEL  1 WARNING *** BOMLEV IS    0
 ** ERROR IN SHAKEA ** DEVIATION IN SHAKE TOO LARGE
 NITER=   17 LL=   96 I=  332 J=  336
 TOLER=      1.2343210000 DIFF=     -0.0029210574 RRPR=     -1.9005873906
  X(I)         -12.5205770294      -23.2545166785        4.6624552458
  XREF(I)      -12.8813737765      -23.4852449047        5.4562584739
  X(J)         -11.9964454464      -24.2262986197        4.5276665225
  XREF(J)      -13.1101507478      -21.6021820072        5.0908839660
 *** LEVEL  1 WARNING *** BOMLEV IS    0
 ** ERROR IN SHAKEA ** DEVIATION IN SHAKE TOO LARGE
 NITER=   18 LL=   94 I=  332 J=  334
 TOLER=      1.2343210000 DIFF=     -0.0016881022 RRPR=     -2.2512041093
  X(I)         -12.5202676683      -23.2550902589        4.6623756887
  XREF(I)      -12.8813737765      -23.4852449047        5.4562584739
  X(J)         -13.5679515757      -22.8897919508        4.7325517413
  XREF(J)      -10.9690423729      -24.0905676795        5.0777549011
 *** LEVEL  1 WARNING *** BOMLEV IS    0
 ** ERROR IN SHAKEA ** DEVIATION IN SHAKE TOO LARGE
 NITER=   18 LL=   95 I=  332 J=  335
 TOLER=      1.2343210000 DIFF=     -0.0007848475 RRPR=     -0.8959691517
  X(I)         -12.5206253917      -23.2549655307        4.6623996498
  XREF(I)      -12.8813737765      -23.4852449047        5.4562584739
  X(J)         -11.7725692354      -22.5047333251        4.9980623857
  XREF(J)      -12.8969763897      -23.6973459829        3.2958385543
 *** LEVEL  1 WARNING *** BOMLEV IS    0
 ** ERROR IN SHAKEA ** DEVIATION IN SHAKE TOO LARGE
 NITER=   18 LL=   96 I=  332 J=  336
 TOLER=      1.2343210000 DIFF=     -0.0007462743 RRPR=     -1.8988295167
  X(I)         -12.5205065537      -23.2548463470        4.6624529739
  XREF(I)      -12.8813737765      -23.4852449047        5.4562584739
  X(J)         -11.9967548076      -24.2257250394        4.5277460796
  XREF(J)      -13.1101507478      -21.6021820072        5.0908839660
 *** LEVEL  1 WARNING *** BOMLEV IS    0
 ** ERROR IN SHAKEA ** DEVIATION IN SHAKE TOO LARGE
 NITER=   19 LL=   94 I=  332 J=  334
 TOLER=      1.2343210000 DIFF=     -0.0004305597 RRPR=     -2.2500495053
  X(I)         -12.5204274360      -23.2549930074        4.6624326252
  XREF(I)      -12.8813737765      -23.4852449047        5.4562584739
  X(J)         -13.5675938523      -22.8899166791        4.7325277802
  XREF(J)      -10.9690423729      -24.0905676795        5.0777549011
 *** LEVEL  1 WARNING *** BOMLEV IS    0
 ** ERROR IN SHAKEA ** DEVIATION IN SHAKE TOO LARGE
 NITER=   19 LL=   95 I=  332 J=  335
 TOLER=      1.2343210000 DIFF=     -0.0002001454 RRPR=     -0.8957397869
  X(I)         -12.5205187231      -23.2549611817        4.6624387358
  XREF(I)      -12.8813737765      -23.4852449047        5.4562584739
  X(J)         -11.7726880734      -22.5048525088        4.9980090616
  XREF(J)      -12.8969763897      -23.6973459829        3.2958385543
 *** LEVEL  1 WARNING *** BOMLEV IS    0
 ** ERROR IN SHAKEA ** DEVIATION IN SHAKE TOO LARGE
 NITER=   19 LL=   96 I=  332 J=  336
 TOLER=      1.2343210000 DIFF=     -0.0001900796 RRPR=     -1.8983797722
  X(I)         -12.5204884128      -23.2549307791        4.6624523368
  XREF(I)      -12.8813737765      -23.4852449047        5.4562584739
  X(J)         -11.9968339252      -24.2255783790        4.5277664283
  XREF(J)      -13.1101507478      -21.6021820072        5.0908839660
 *** LEVEL  1 WARNING *** BOMLEV IS    0
 ** ERROR IN SHAKEA ** DEVIATION IN SHAKE TOO LARGE
 NITER=   20 LL=   94 I=  332 J=  334
 TOLER=      1.2343210000 DIFF=     -0.0001096186 RRPR=     -2.2497547452
  X(I)         -12.5204682558      -23.2549681421        4.6624471523
  XREF(I)      -12.8813737765      -23.4852449047        5.4562584739
  X(J)         -13.5675025652      -22.8899485047        4.7325216697
  XREF(J)      -10.9690423729      -24.0905676795        5.0777549011
 *** LEVEL  1 WARNING *** BOMLEV IS    0
 ** ERROR IN SHAKEA ** DEVIATION IN SHAKE TOO LARGE
 NITER=   20 LL=   95 I=  332 J=  335
 TOLER=      1.2343210000 DIFF=     -0.0000509537 RRPR=     -0.8956812703
  X(I)         -12.5204915003      -23.2549600386        4.6624487080
  XREF(I)      -12.8813737765      -23.4852449047        5.4562584739
  X(J)         -11.7727183837      -22.5048829114        4.9979954606
  XREF(J)      -12.8969763897      -23.6973459829        3.2958385543
 *** LEVEL  1 WARNING *** BOMLEV IS    0
 ** ERROR IN SHAKEA ** DEVIATION IN SHAKE TOO LARGE
 NITER=   20 LL=   96 I=  332 J=  336
 TOLER=      1.2343210000 DIFF=     -0.0000483762 RRPR=     -1.8982651782
  X(I)         -12.5204837834      -23.2549522980        4.6624521707
  XREF(I)      -12.8813737765      -23.4852449047        5.4562584739
  X(J)         -11.9968540822      -24.2255410160        4.5277716128
  XREF(J)      -13.1101507478      -21.6021820072        5.0908839660
 *** LEVEL  1 WARNING *** BOMLEV IS    0
 ** ERROR IN SHAKEA ** DEVIATION IN SHAKE TOO LARGE
 NITER=   21 LL=   94 I=  332 J=  334
 TOLER=      1.2343210000 DIFF=     -0.0000278954 RRPR=     -2.2496796828
  X(I)         -12.5204786530      -23.2549618076        4.6624508512
  XREF(I)      -12.8813737765      -23.4852449047        5.4562584739
  X(J)         -13.5674793208      -22.8899566082        4.7325201140
  XREF(J)      -10.9690423729      -24.0905676795        5.0777549011
 *** LEVEL  1 WARNING *** BOMLEV IS    0
 ** ERROR IN SHAKEA ** DEVIATION IN SHAKE TOO LARGE
 NITER=   21 LL=   95 I=  332 J=  335
 TOLER=      1.2343210000 DIFF=     -0.0000129664 RRPR=     -0.8956663713
  X(I)         -12.5204845684      -23.2549597453        4.6624512471
  XREF(I)      -12.8813737765      -23.4852449047        5.4562584739
  X(J)         -11.7727261005      -22.5048906521        4.9979919978
  XREF(J)      -12.8969763897      -23.6973459829        3.2958385543
 *** LEVEL  1 WARNING *** BOMLEV IS    0
 ** ERROR IN SHAKEA ** DEVIATION IN SHAKE TOO LARGE
 NITER=   21 LL=   96 I=  332 J=  336
 TOLER=      1.2343210000 DIFF=     -0.0000123095 RRPR=     -1.8982360107
  X(I)         -12.5204826046      -23.2549577755        4.6624521282
  XREF(I)      -12.8813737765      -23.4852449047        5.4562584739
  X(J)         -11.9968592126      -24.2255315064        4.5277729324
  XREF(J)      -13.1101507478      -21.6021820072        5.0908839660
 *** LEVEL  1 WARNING *** BOMLEV IS    0
 ** ERROR IN SHAKEA ** DEVIATION IN SHAKE TOO LARGE
 NITER=   22 LL=   94 I=  332 J=  334
 TOLER=      1.2343210000 DIFF=     -0.0000070979 RRPR=     -2.2496605800
  X(I)         -12.5204812992      -23.2549601953        4.6624517925
  XREF(I)      -12.8813737765      -23.4852449047        5.4562584739
  X(J)         -13.5674734054      -22.8899586705        4.7325197181
  XREF(J)      -10.9690423729      -24.0905676795        5.0777549011
 *** LEVEL  1 WARNING *** BOMLEV IS    0
 ** ERROR IN SHAKEA ** DEVIATION IN SHAKE TOO LARGE
 NITER=   22 LL=   95 I=  332 J=  335
 TOLER=      1.2343210000 DIFF=     -0.0000032992 RRPR=     -0.8956625798
  X(I)         -12.5204828043      -23.2549596706        4.6624518932
  XREF(I)      -12.8813737765      -23.4852449047        5.4562584739
  X(J)         -11.7727280643      -22.5048926219        4.9979911166
  XREF(J)      -12.8969763897      -23.6973459829        3.2958385543
 *** LEVEL  1 WARNING *** BOMLEV IS    0
 ** ERROR IN SHAKEA ** DEVIATION IN SHAKE TOO LARGE
 NITER=   22 LL=   96 I=  332 J=  336
 TOLER=      1.2343210000 DIFF=     -0.0000031321 RRPR=     -1.8982285887
  X(I)         -12.5204823046      -23.2549591694        4.6624521174
  XREF(I)      -12.8813737765      -23.4852449047        5.4562584739
  X(J)         -11.9968605181      -24.2255290866        4.5277732681
  XREF(J)      -13.1101507478      -21.6021820072        5.0908839660
 *** LEVEL  1 WARNING *** BOMLEV IS    0
 ** ERROR IN SHAKEA ** DEVIATION IN SHAKE TOO LARGE
 NITER=   23 LL=   94 I=  332 J=  334
 TOLER=      1.2343210000 DIFF=     -0.0000018060 RRPR=     -2.2496557193
  X(I)         -12.5204819725      -23.2549597851        4.6624520320
  XREF(I)      -12.8813737765      -23.4852449047        5.4562584739
  X(J)         -13.5674719003      -22.8899591952        4.7325196174
  XREF(J)      -10.9690423729      -24.0905676795        5.0777549011
 *** LEVEL  1 WARNING *** BOMLEV IS    0
 ** ERROR IN SHAKEA ** DEVIATION IN SHAKE TOO LARGE
 NITER=   23 LL=   95 I=  332 J=  335
 TOLER=      1.2343210000 DIFF=     -0.0000008395 RRPR=     -0.8956616151
  X(I)         -12.5204823555      -23.2549596515        4.6624520576
  XREF(I)      -12.8813737765      -23.4852449047        5.4562584739
  X(J)         -11.7727285639      -22.5048931231        4.9979908924
  XREF(J)      -12.8969763897      -23.6973459829        3.2958385543
 *** LEVEL  1 WARNING *** BOMLEV IS    0
 ** ERROR IN SHAKEA ** DEVIATION IN SHAKE TOO LARGE
 NITER=   23 LL=   96 I=  332 J=  336
 TOLER=      1.2343210000 DIFF=     -0.0000007969 RRPR=     -1.8982267003
  X(I)         -12.5204822283      -23.2549595240        4.6624521147
  XREF(I)      -12.8813737765      -23.4852449047        5.4562584739
  X(J)         -11.9968608502      -24.2255284709        4.5277733536
  XREF(J)      -13.1101507478      -21.6021820072        5.0908839660
 *** LEVEL  1 WARNING *** BOMLEV IS    0
 ** ERROR IN SHAKEA ** DEVIATION IN SHAKE TOO LARGE
 NITER=   24 LL=   94 I=  332 J=  334
 TOLER=      1.2343210000 DIFF=     -0.0000004595 RRPR=     -2.2496544825
  X(I)         -12.5204821438      -23.2549596807        4.6624520929
  XREF(I)      -12.8813737765      -23.4852449047        5.4562584739
  X(J)         -13.5674715173      -22.8899593287        4.7325195917
  XREF(J)      -10.9690423729      -24.0905676795        5.0777549011
 *** LEVEL  1 WARNING *** BOMLEV IS    0
 ** ERROR IN SHAKEA ** DEVIATION IN SHAKE TOO LARGE
 NITER=   24 LL=   95 I=  332 J=  335
 TOLER=      1.2343210000 DIFF=     -0.0000002136 RRPR=     -0.8956613696
  X(I)         -12.5204822412      -23.2549596467        4.6624520994
  XREF(I)      -12.8813737765      -23.4852449047        5.4562584739
  X(J)         -11.7727286911      -22.5048932506        4.9979908353
  XREF(J)      -12.8969763897      -23.6973459829        3.2958385543
 *** LEVEL  1 WARNING *** BOMLEV IS    0
 ** ERROR IN SHAKEA ** DEVIATION IN SHAKE TOO LARGE
 NITER=   24 LL=   96 I=  332 J=  336
 TOLER=      1.2343210000 DIFF=     -0.0000002028 RRPR=     -1.8982262198
  X(I)         -12.5204822089      -23.2549596143        4.6624521140
  XREF(I)      -12.8813737765      -23.4852449047        5.4562584739
  X(J)         -11.9968609347      -24.2255283142        4.5277733753
  XREF(J)      -13.1101507478      -21.6021820072        5.0908839660
 *** LEVEL  1 WARNING *** BOMLEV IS    0
 ** ERROR IN SHAKEA ** DEVIATION IN SHAKE TOO LARGE
 NITER=   25 LL=   94 I=  332 J=  334
 TOLER=      1.2343210000 DIFF=     -0.0000001169 RRPR=     -2.2496541679
  X(I)         -12.5204821874      -23.2549596541        4.6624521084
  XREF(I)      -12.8813737765      -23.4852449047        5.4562584739
  X(J)         -13.5674714198      -22.8899593627        4.7325195852
  XREF(J)      -10.9690423729      -24.0905676795        5.0777549011
 *** LEVEL  1 WARNING *** BOMLEV IS    0
 ** ERROR IN SHAKEA ** DEVIATION IN SHAKE TOO LARGE
 NITER=   25 LL=   95 I=  332 J=  335
 TOLER=      1.2343210000 DIFF=     -0.0000000543 RRPR=     -0.8956613071
  X(I)         -12.5204822122      -23.2549596455        4.6624521101
  XREF(I)      -12.8813737765      -23.4852449047        5.4562584739
  X(J)         -11.7727287234      -22.5048932831        4.9979908208
  XREF(J)      -12.8969763897      -23.6973459829        3.2958385543
 *** LEVEL  1 WARNING *** BOMLEV IS    0
 ** ERROR IN SHAKEA ** DEVIATION IN SHAKE TOO LARGE
 NITER=   25 LL=   96 I=  332 J=  336
 TOLER=      1.2343210000 DIFF=     -0.0000000516 RRPR=     -1.8982260975
  X(I)         -12.5204822040      -23.2549596372        4.6624521138
  XREF(I)      -12.8813737765      -23.4852449047        5.4562584739
  X(J)         -11.9968609562      -24.2255282744        4.5277733808
  XREF(J)      -13.1101507478      -21.6021820072        5.0908839660
 *** LEVEL  1 WARNING *** BOMLEV IS    0
 ** ERROR IN SHAKEA ** DEVIATION IN SHAKE TOO LARGE
 NITER=   26 LL=   94 I=  332 J=  334
 TOLER=      1.2343210000 DIFF=     -0.0000000297 RRPR=     -2.2496540878
  X(I)         -12.5204821985      -23.2549596474        4.6624521124
  XREF(I)      -12.8813737765      -23.4852449047        5.4562584739
  X(J)         -13.5674713950      -22.8899593713        4.7325195836
  XREF(J)      -10.9690423729      -24.0905676795        5.0777549011
 *** LEVEL  1 WARNING *** BOMLEV IS    0
 ** ERROR IN SHAKEA ** DEVIATION IN SHAKE TOO LARGE
 NITER=   26 LL=   95 I=  332 J=  335
 TOLER=      1.2343210000 DIFF=     -0.0000000138 RRPR=     -0.8956612912
  X(I)         -12.5204822048      -23.2549596452        4.6624521128
  XREF(I)      -12.8813737765      -23.4852449047        5.4562584739
  X(J)         -11.7727287317      -22.5048932913        4.9979908171
  XREF(J)      -12.8969763897      -23.6973459829        3.2958385543
 *** LEVEL  1 WARNING *** BOMLEV IS    0
 ** ERROR IN SHAKEA ** DEVIATION IN SHAKE TOO LARGE
 NITER=   26 LL=   96 I=  332 J=  336
 TOLER=      1.2343210000 DIFF=     -0.0000000131 RRPR=     -1.8982260664
  X(I)         -12.5204822027      -23.2549596431        4.6624521137
  XREF(I)      -12.8813737765      -23.4852449047        5.4562584739
  X(J)         -11.9968609617      -24.2255282642        4.5277733822
  XREF(J)      -13.1101507478      -21.6021820072        5.0908839660
 *** LEVEL  1 WARNING *** BOMLEV IS    0
 ** ERROR IN SHAKEA ** DEVIATION IN SHAKE TOO LARGE
 NITER=   27 LL=   94 I=  332 J=  334
 TOLER=      1.2343210000 DIFF=     -0.0000000076 RRPR=     -2.2496540674
  X(I)         -12.5204822013      -23.2549596456        4.6624521134
  XREF(I)      -12.8813737765      -23.4852449047        5.4562584739
  X(J)         -13.5674713887      -22.8899593735        4.7325195831
  XREF(J)      -10.9690423729      -24.0905676795        5.0777549011
 *** LEVEL  1 WARNING *** BOMLEV IS    0
 ** ERROR IN SHAKEA ** DEVIATION IN SHAKE TOO LARGE
 NITER=   27 LL=   95 I=  332 J=  335
 TOLER=      1.2343210000 DIFF=     -0.0000000035 RRPR=     -0.8956612872
  X(I)         -12.5204822029      -23.2549596451        4.6624521135
  XREF(I)      -12.8813737765      -23.4852449047        5.4562584739
  X(J)         -11.7727287338      -22.5048932934        4.9979908162
  XREF(J)      -12.8969763897      -23.6973459829        3.2958385543
 *** LEVEL  1 WARNING *** BOMLEV IS    0
 ** ERROR IN SHAKEA ** DEVIATION IN SHAKE TOO LARGE
 NITER=   27 LL=   96 I=  332 J=  336
 TOLER=      1.2343210000 DIFF=     -0.0000000033 RRPR=     -1.8982260585
  X(I)         -12.5204822024      -23.2549596445        4.6624521137
  XREF(I)      -12.8813737765      -23.4852449047        5.4562584739
  X(J)         -11.9968609631      -24.2255282616        4.5277733826
  XREF(J)      -13.1101507478      -21.6021820072        5.0908839660
 *** LEVEL  1 WARNING *** BOMLEV IS    0
 ** ERROR IN SHAKEA ** DEVIATION IN SHAKE TOO LARGE
 NITER=   28 LL=   94 I=  332 J=  334
 TOLER=      1.2343210000 DIFF=     -0.0000000019 RRPR=     -2.2496540622
  X(I)         -12.5204822020      -23.2549596452        4.6624521136
  XREF(I)      -12.8813737765      -23.4852449047        5.4562584739
  X(J)         -13.5674713871      -22.8899593741        4.7325195830
  XREF(J)      -10.9690423729      -24.0905676795        5.0777549011
 *** LEVEL  1 WARNING *** BOMLEV IS    0
 ** ERROR IN SHAKEA ** DEVIATION IN SHAKE TOO LARGE
 NITER=   28 LL=   95 I=  332 J=  335
 TOLER=      1.2343210000 DIFF=     -0.0000000009 RRPR=     -0.8956612862
  X(I)         -12.5204822024      -23.2549596451        4.6624521137
  XREF(I)      -12.8813737765      -23.4852449047        5.4562584739
  X(J)         -11.7727287343      -22.5048932940        4.9979908160
  XREF(J)      -12.8969763897      -23.6973459829        3.2958385543
 *** LEVEL  1 WARNING *** BOMLEV IS    0
 ** ERROR IN SHAKEA ** DEVIATION IN SHAKE TOO LARGE
 NITER=   28 LL=   96 I=  332 J=  336
 TOLER=      1.2343210000 DIFF=     -0.0000000008 RRPR=     -1.8982260565
  X(I)         -12.5204822023      -23.2549596449        4.6624521137
  XREF(I)      -12.8813737765      -23.4852449047        5.4562584739
  X(J)         -11.9968609635      -24.2255282610        4.5277733827
  XREF(J)      -13.1101507478      -21.6021820072        5.0908839660
 *** LEVEL  1 WARNING *** BOMLEV IS    0
 ** ERROR IN SHAKEA ** DEVIATION IN SHAKE TOO LARGE
 NITER=   29 LL=   94 I=  332 J=  334
 TOLER=      1.2343210000 DIFF=     -0.0000000005 RRPR=     -2.2496540609
  X(I)         -12.5204822022      -23.2549596451        4.6624521137
  XREF(I)      -12.8813737765      -23.4852449047        5.4562584739
  X(J)         -13.5674713867      -22.8899593742        4.7325195830
  XREF(J)      -10.9690423729      -24.0905676795        5.0777549011
 *** LEVEL  1 WARNING *** BOMLEV IS    0
 UPDECI: Image update at step        12

 <MKIMAT2>: updating the image atom lists and remapping
 Transformation   Atoms  Groups  Residues  Min-Distance
    1  C001 has     215      43      43        5.68
    2  C002 has    1455     291     291        1.04
    3  C003 has     245      49      49        1.93
    4  C004 has    1355     271     271        0.76
    5  C005 has    6075    1215    1215        0.39
    6  C006 has    1465     293     293        0.82
    7  C007 has    2674     530     530        0.73
    8  C008 has   11808    2346    2346        0.17
    9  C009 has    2770     551     551        0.66
   10  C010 has   11850    2364    2364        0.25
   12  C012 has     215      43      43        1.67
   13  C013 has    1485     297     297        0.84
   14  C014 has     335      67      67        5.24
 Total of78808 atoms and15689 groups and15689 residues were included

 <MAKGRP> found      0 image group exclusions.
 UPDECI: Nonbond update at step        12
 Generating nonbond list with Exclusion mode = 5
 == PRIMARY == SPACE FOR  7123871 ATOM PAIRS AND        0 GROUP PAIRS
 == IMAGES === SPACE FOR  1408226 ATOM PAIRS AND        0 GROUP PAIRS
Using Image CUBE search
  NBNDGCM found:
     5449564  atom pairs
     1069990  image atom pairs
           0  self atom pairs
    38333874 total atom  pairs
    13081863 total image pairs
 UPDECI: Image update at step        14

 <MKIMAT2>: updating the image atom lists and remapping
 Transformation   Atoms  Groups  Residues  Min-Distance
    1  C001 has     215      43      43        5.70
    2  C002 has    1455     291     291        1.04
    3  C003 has     245      49      49        1.93
    4  C004 has    1355     271     271        0.78
    5  C005 has    6075    1215    1215        0.39
    6  C006 has    1465     293     293        0.82
    7  C007 has    2674     530     530        0.74
    8  C008 has   11808    2346    2346        0.17
    9  C009 has    2770     551     551        0.66
   10  C010 has   11850    2364    2364        0.28
   12  C012 has     215      43      43        1.69
   13  C013 has    1485     297     297        0.83
   14  C014 has     335      67      67        5.24
 Total of78808 atoms and15689 groups and15689 residues were included

 <MAKGRP> found      0 image group exclusions.
 UPDECI: Nonbond update at step        14
 Generating nonbond list with Exclusion mode = 5
 == PRIMARY == SPACE FOR  7123871 ATOM PAIRS AND        0 GROUP PAIRS
 == IMAGES === SPACE FOR  1408226 ATOM PAIRS AND        0 GROUP PAIRS
Using Image CUBE search
  NBNDGCM found:
     5445228  atom pairs
     1069661  image atom pairs
           0  self atom pairs
    38334207 total atom  pairs
    13081637 total image pairs
MINI>       20   2178.17782 287765.89554      7.16186      0.00401
MINI INTERN>     5724.05809    405.44092      0.94189    220.25009      0.00000
MINI EXTERN>    18000.64253 -15331.52455      0.00000      0.00000      0.00000
MINI IMAGES>     2007.80419  -1968.44430      0.00000      0.00000      0.00000
MINI EWALD>       4973.3706-3661047.7639 3649193.4023       0.0000       0.0000
 ----------       ---------    ---------    ---------    ---------    ---------
MINI>       40 -16718.44308  18896.62089     11.97501      0.00464
MINI INTERN>     6952.36575    224.02412      0.28475    221.78115      0.00000
MINI EXTERN>    10596.88664 -24692.58853      0.00000      0.00000      0.00000
MINI IMAGES>     1068.02385  -2443.60893      0.00000      0.00000      0.00000
MINI EWALD>       3513.9633-3661047.7639 3648888.1887       0.0000       0.0000
 ----------       ---------    ---------    ---------    ---------    ---------
MINI>       60 -28047.52018  11329.07711      3.45035      0.00223
MINI INTERN>     6662.36365    147.33668      0.14693    220.84038      0.00000
MINI EXTERN>     7917.75596 -31286.43355      0.00000      0.00000      0.00000
MINI IMAGES>      766.37177  -2774.19939      0.00000      0.00000      0.00000
MINI EWALD>       2688.6332-3661047.7639 3648657.4281       0.0000       0.0000
 ----------       ---------    ---------    ---------    ---------    ---------
 UPDECI: Image update at step        63

 <MKIMAT2>: updating the image atom lists and remapping
 Transformation   Atoms  Groups  Residues  Min-Distance
    1  C001 has     230      46      46        5.56
    2  C002 has    1455     291     291        0.77
    3  C003 has     250      50      50        1.88
    4  C004 has    1370     274     274        0.68
    5  C005 has    6075    1215    1215        0.16
    6  C006 has    1455     291     291        0.65
    7  C007 has    2674     530     530        0.55
    8  C008 has   11813    2347    2347        0.00
    9  C009 has    2775     552     552        0.37
   10  C010 has   11870    2368    2368        0.02
   12  C012 has     215      43      43        1.56
   13  C013 has    1485     297     297        0.70
   14  C014 has     335      67      67        4.97
 Total of78863 atoms and15700 groups and15700 residues were included

 <MAKGRP> found      0 image group exclusions.
 UPDECI: Nonbond update at step        63
 Generating nonbond list with Exclusion mode = 5
 == PRIMARY == SPACE FOR  7123871 ATOM PAIRS AND        0 GROUP PAIRS
 == IMAGES === SPACE FOR  1408226 ATOM PAIRS AND        0 GROUP PAIRS
Using Image CUBE search
  NBNDGCM found:
     5423782  atom pairs
     1062387  image atom pairs
           0  self atom pairs
    38341940 total atom  pairs
    13073040 total image pairs
MINI>       80 -35559.91450   7512.39431      7.63208      0.00258
MINI INTERN>     7784.35505    118.31675      0.09824    220.65118      0.00000
MINI EXTERN>     6310.59601 -36990.98408      0.00000      0.00000      0.00000
MINI IMAGES>      586.33201  -3079.45064      0.00000      0.00000      0.00000
MINI EWALD>       2083.1663-3661047.7639 3648454.7686       0.0000       0.0000
 ----------       ---------    ---------    ---------    ---------    ---------
MINI>      100 -40844.55833   5284.64383      8.44567      0.00298
MINI INTERN>     8590.42800    123.72744      0.07586    220.44823      0.00000
MINI EXTERN>     5443.28011 -41354.42181      0.00000      0.00000      0.00000
MINI IMAGES>      483.50095  -3317.34857      0.00000      0.00000      0.00000
MINI EWALD>       1712.4549-3661047.7639 3648301.0605       0.0000       0.0000
 ----------       ---------    ---------    ---------    ---------    ---------

 STEEPD> Minimization exiting with number of steps limit (       100) exceeded.

STPD MIN: Cycle      ENERgy      Delta-E         GRMS    Step-size
STPD INTERN:          BONDs       ANGLes       UREY-b    DIHEdrals    IMPRopers
STPD EXTERN:        VDWaals         ELEC       HBONds          ASP         USER
STPD IMAGES:        IMNBvdw       IMELec       IMHBnd       RXNField    EXTElec
STPD EWALD:          EWKSum       EWSElf       EWEXcl       EWQCor       EWUTil
 ----------       ---------    ---------    ---------    ---------    ---------
STPD>      100 -40844.55833   5284.64383      8.44567      0.00358
STPD INTERN>     8590.42800    123.72744      0.07586    220.44823      0.00000
STPD EXTERN>     5443.28011 -41354.42181      0.00000      0.00000      0.00000
STPD IMAGES>      483.50095  -3317.34857      0.00000      0.00000      0.00000
STPD EWALD>       1712.4549-3661047.7639 3648301.0605       0.0000       0.0000
 ----------       ---------    ---------    ---------    ---------    ---------
  
 CHARMM>    !mini ABNR nstep 100 nprint 20
 CHARMM>     
  
 CHARMM>    !write coor pdb name ../@ion_@mol_files/@ion_@mol_@conc.mini.pdb
 CHARMM>    !write coor card name ../@ion_@mol_files/@ion_@mol_@conc.mini.crd
 CHARMM>     
  
 CHARMM>    !stop
 CHARMM>     
  
 CHARMM>    set temp  = 298.15
 Parameter: TEMP <- "298.15"
  
 CHARMM>    DrudeHardWall L_WALL 0.2
 Hard wall constraint on drude bond length is turned ON. L_WALL =   0.20000000298023224     
  
 CHARMM>     
  
 CHARMM>    ! TPcontrol
 CHARMM>    ! -------------------------------------------------
 CHARMM>    TPCONTROL NTHER 2  CMDAMP 10.0  NSTEP 20  -
 CHARMM>      THER 1 TAU  0.1   TREF @temp   SELECT all .and. .NOT. TYPE D* END  -
 CHARMM>      THER 2 TAU  0.005 TREF 1.00   SELECT TYPE D* END -
 CHARMM>      BARO   BTAU 0.1   PREF 1.00 DSCY
 Parameter: TEMP -> "298.15"
 TPCONTROL> ON
 SELRPN>  29436 atoms have been selected out of  36861
 SELRPN>   7425 atoms have been selected out of  36861
Thermostat  1
    Reference temperature =    298.15000 K
    Tau (timescale)       =      0.10000 ps
    Relative to the center of mass
    Number of atoms       =   29436
Thermostat  2
    Reference temperature =      1.00000 K
    Tau (timescale)       =      0.00500 ps
    Relative to the center of mass
    Number of atoms       =    7425
Thermostat  3
    Langevin center of mass damping will be performed.
    Friction coefficient  =     10.00000 1/ps
    Number of atoms       =       0
Multi-timestep integration of the thermostats
    NC (number of steps)  =     20
Barostat
    Reference pressure    =      1.00000 atm
    Tau (timescale)       =      0.10000 ps
    Dipole scaling: YES
  
 CHARMM>     
  
 CHARMM>    ! Run equilibration and Output for equilibration
 CHARMM>    ! -------------------------------------------------
 CHARMM>    open unit 20 write unform name ../@ion_@mol_files/@ion_@mol_@conc.dcd
 Parameter: ION -> "MG"
 Parameter: MOL -> "DMP"
 Parameter: ION -> "MG"
 Parameter: MOL -> "DMP"
 Parameter: CONC -> "0.125"
 VOPEN> Attempting to open::../mg_dmp_files/mg_dmp_0.125.dcd::
 OPNLGU> Unit 20 opened for WRITE access to ../mg_dmp_files/mg_dmp_0.125.dcd
  
 CHARMM>    open unit 22 write form name ../@ion_@mol_files/@ion_@mol_@conc.res
 Parameter: ION -> "MG"
 Parameter: MOL -> "DMP"
 Parameter: ION -> "MG"
 Parameter: MOL -> "DMP"
 Parameter: CONC -> "0.125"
 VOPEN> Attempting to open::../mg_dmp_files/mg_dmp_0.125.res::
 OPNLGU> Unit 22 opened for WRITE access to ../mg_dmp_files/mg_dmp_0.125.res
  
 CHARMM>     
  
 CHARMM>    DYNAMICS  vv2      start    timestep 0.0005 nstep 20000 -
 CHARMM>    	  ntrfrq    1000   iprfrq   -1  -
 CHARMM>    	  nprint    1000     iseed    54321 -
 CHARMM>    	  iasvel       1     firstt   @temp   finalt    @temp    -
 CHARMM>    	  inbfrq      -1     imgfrq   -1      ihbfrq    0       ilbfrq     0  -
 CHARMM>    	  iunread     -1     kunit -1 -
 CHARMM>              iunwrite    22  -
 CHARMM>              iuncrd      20     nsavcrd   10000
 Parameter: TEMP -> "298.15"
 Parameter: TEMP -> "298.15"
  IUNREA = -1         IUNWRI = 22          IUNOS = -1
  IUNCRD = 20         IUNVEL = -1          KUNIT = -1

 SELECTED IMAGES ATOMS BEING CENTERED ABOUT  0.000000  0.000000  0.000000

 NONBOND OPTION FLAGS: 
     ELEC     VDW      ATOMs    CDIElec  SWITch   VATOm    VSWItch 
     BYCB     NOEXtnd  EWALd   
 CUTNB  = 16.000 CTEXNB =999.000 CTONNB = 10.000 CTOFNB = 12.000
 CGONNB =  0.000 CGOFNB = 10.000
 WMIN   =  1.000 WRNMXD =  0.500 E14FAC =  1.000 EPS    =  1.000
 NBXMOD =      5
 PME EWALD OPTIONS: KAPPA  =  0.340  QCOR =  0.000  Bspline order = 6
 FFTX=  60  FFTY=  60  FFTZ= 120
                Using FFTW
                Real-to-Complex FFT
                Using Column FFT 
 There are  5423782 atom  pairs and    75122 atom  exclusions.
 There are        0 group pairs and        0 group exclusions.
Using Image CUBE search

      ***** LEVEL  5 WARNING FROM <RNGMODSEEDS> *****
      ***** Only one seed number specified! See random.doc for syntax.
      ******************************************
      BOMLEV (  0) IS NOT REACHED. WRNLEV IS  5

   NSTEP =    20000    NSAVC =    10000    NSAVV =       10
  ISCALE =        0   ISCVEL =        0   IASORS =        0
  IASVEL =        1   ICHECW =        1   NTRFRQ =     1000
  IHTFRQ =        0   IEQFRQ =        0   NPRINT =     1000
  INBFRQ =       -1   IHBFRQ =        0   IPRFRQ =    20000
  ILBFRQ =        0   IMGFRQ =       -1
  ISVFRQ =        0   NCYCLE =     1000    NSNOS =       10
  FIRSTT =   298.150  TEMINC =     5.000  TSTRUC =  -999.000
  FINALT =   298.150  TWINDH =    10.000  TWINDL =   -10.000

  TIME STEP =  1.02274E-02 AKMA       5.00000E-04 PS

  RANDOM NUM. GEN. SEED(S) = 54321 54321 54321 54321

           SHAKE TOLERANCE =     0.10000E-09
 BLOCK   1 # OF DEGREES OF FREEDOM =  44382
 BLOCK   2 # OF DEGREES OF FREEDOM =  22275
 BLOCK   3 # OF DEGREES OF FREEDOM =      3
 NUMBER OF DEGREES OF FREEDOM =  66660

          GAUSSIAN OPTION                  IS            1
          VELOCITIES ASSIGNED AT TEMPERATURE =    372.6875
          SEED FOR RANDOM NUMBER GENERATOR IS:
          SEEDS> 54321 54321 54321 54321

     DETAILS ABOUT CENTRE OF MASS
     POSITION          :  -6.79070500E-02   3.57464916E-02   0.28347123    
     VELOCITY          :   6.85112402E-05  -2.20341003E-03  -2.60876953E-03
     ANGULAR MOMENTUM  :    12832.894        1823.9711        3822.2928    
     KINETIC ENERGY    :   0.78040024    
DYNA DYN: Step         Time      TOTEner        TOTKe       ENERgy  TEMPerature
DYNA PROP:             GRMS      HFCTote        HFCKe       EHFCor        VIRKe
DYNA INTERN:          BONDs       ANGLes       UREY-b    DIHEdrals    IMPRopers
DYNA EXTERN:        VDWaals         ELEC       HBONds          ASP         USER
DYNA IMAGES:        IMNBvdw       IMELec       IMHBnd       RXNField    EXTElec
DYNA EWALD:          EWKSum       EWSElf       EWEXcl       EWQCor       EWUTil
DYNA PRESS:            VIRE         VIRI       PRESSE       PRESSI       VOLUme
 ----------       ---------    ---------    ---------    ---------    ---------
DYNA>        0      0.00000 -24563.64416  16275.91866 -40844.55833    368.78975
DYNA PROP>         12.98080 -24568.63967      0.00000      4.99551 -11716.70262
DYNA INTERN>     8590.42800    123.72744      0.07586    220.44823      0.00000
DYNA EXTERN>     5443.28011 -41354.42181      0.00000      0.00000      0.00000
DYNA IMAGES>      483.50095  -3317.34857      0.00000      0.00000      0.00000
DYNA EWALD>       1712.4549-3661047.7639 3648301.0605       0.0000       0.0000
DYNA PRESS>    -33739.03607  41550.17115  10191.66209  15828.87781 226992.12500
 ----------       ---------    ---------    ---------    ---------    ---------
 Crystal Parameters : Crystal Type = ORTH
      DYNA A     =   48.50000 B    =   48.50000 C     =   96.50000
      DYNA Alpha =   90.00000 Beta =   90.00000 Gamma =   90.00000
      DYNA PIXX =    16777.98 PIYY =   16492.77 PIZZ =   14215.88
      DYNA PIXY =     -155.21 PIXZ =    -226.33 PIYZ =     513.57
      DYNA Gradient Norm =  632.38445

