 Parameter: ION <- "MG"
 Parameter: MOL <- "DMP"
 Parameter: CONC <- "1"
1
                 Chemistry at HARvard Macromolecular Mechanics
           (CHARMM) - Developmental Version 44b2   February 15, 2020            
                                Revision unknown                                
       Copyright(c) 1984-2014  President and Fellows of Harvard College
                              All Rights Reserved
       Current operating system: Linux-4.9.0-11-amd64(x86_64)@n079[+  7]        
                 Created on  6/8/21 at 14:37:28 by user: akognole    

            Maximum number of ATOMS:    360720, and RESidues:      120240
 RDTITL> * MINIMIZE DRUDE PARTICLES
 RDTITL> *
  
 CHARMM>     
  
 CHARMM>    dimension maxres 2000000 maxaim 12000000 maxgrp 2000000
Size      Original         New
MAXA        360720      360720
MAXB        360720      360720
MAXT        721440      721440
MAXP       1082160     1082160
MAXIMP      180360      180360
MAXNB        90180       90180
MAXPAD      360720      360720
MAXRES      120240     2000000
MAXSEG       45090       45090
MAXATC        1400
MAXCB         3000
MAXCT        50000
MAXCP        20000
MAXCI         1200
MAXCH         6400
MAXCN       502503
MAXCRT      120240      120240
  
 CHARMM>     
  
 CHARMM>    ! Read topology and parameter files
 CHARMM>    set toppar ../toppar_drude
 Parameter: TOPPAR <- "../TOPPAR_DRUDE"
  
 CHARMM>    stream @toppar/toppar_drude_master_protein_2020b.str
 Parameter: TOPPAR -> "../TOPPAR_DRUDE"
 VOPEN> Attempting to open::../toppar_drude/toppar_drude_master_protein_2020b.str::
 OPNLGU> Unit 99 opened for READONLY access to ../toppar_drude/toppar_drude_master_protein_2020b.str

                    INPUT STREAM SWITCHING TO UNIT    99
 RDTITL> * DRUDE MASTER TOPOLOGY AND PARAMETER STREAM FILE
 RDTITL> * INCLUDES WATER, 2013
 RDTITL> * IONS UPDATED, JUNE 2018
 RDTITL> * NUCLEIC ACID/CARBOHYDRATE/LIPID UPDATE JANUARY 2017
 RDTITL> * OPT MOLECULAR IONS, FYLIN 2018
 RDTITL> * HALOGEN AND NBFIX TERMS, FYLIN 2018
 RDTITL> * UPDATED PROTEIN FF WITH OPT ALPHA/THOLE, FYLIN 2018
 RDTITL> *
 Parameter: IN1 <- "" <empty>
  
 CHARMM>     
  
 CHARMM>    ioformat extended
 MISCOM> Expanded I/O format is used.
  
 CHARMM>     
  
 CHARMM>    !This file must be streamed prior to additional Drude FF toppar stream files
 CHARMM>    !and it includes parameters for the model compounds (toppar_drude_model*.str)
 CHARMM>     
  
 CHARMM>    !references
 CHARMM>    !
 CHARMM>    !Proteins
 CHARMM>    !Lopes, P.E.M., Huang, J., Shim, J., Luo, Y., Li, H., Roux, B., and
 CHARMM>    !MacKerell, A.D., Jr., "Polarizable Force Field for Peptides and
 CHARMM>    !Proteins based on the Classical Drude Oscillator," Journal of
 CHARMM>    !Chemical Theory and Computation, 9: 5430-5449, 2013 DOI:
 CHARMM>    !10.1021/ct400781b, NIHMS53671
 CHARMM>    !
 CHARMM>    !water
 CHARMM>    !SWM4-NDP, negative Drude (this will be the default model): Lamoureux,
 CHARMM>    !G., Harder, E., Vorobyov, I.V., Deng, Y., Roux, B. MacKerell, A.D.,
 CHARMM>    !Jr., A polarizable model of water for molecular dynamics simulations
 CHARMM>    !of biomolecules, Chemical Physics Letters, 2006, 418: 245-249.
 CHARMM>    !
 CHARMM>    !SWM6: Wenbo Yu, Pedro E. M. Lopes, Benoit Roux and Alexander
 CHARMM>    !D. MacKerell, Jr.  "Six-site Polarizable Model of Water Based on the
 CHARMM>    !Classical Drude Oscillator" Journal of Chemical Physics, 138: 034508,
 CHARMM>    !2013
 CHARMM>     
  
 CHARMM>    !atomic ions
 CHARMM>    !Yu, H., Whitfield, T.W., Harder, E., Lamoureux, G., Vorobyov, I.,
 CHARMM>    !Anisimov, V. M., MacKerell, A.D., Jr., and Roux, B. "Simulating
 CHARMM>    !Monovalent and Divalent Ions in Aqueous Solution Using a Drude
 CHARMM>    !Polarizable Force Field," Journal of Chemical Theory and Computation,
 CHARMM>    !6: 774-786, 2010
 CHARMM>    !
 CHARMM>    !Luo, Y., Jiang, W., Yu, H., MacKerell, A.D., Jr., and Roux, B.,
 CHARMM>    !"Simulation study of ion pairing in concentrated aqueous salt
 CHARMM>    !solutions with a polarizable force field," Faraday Discussions, 160,
 CHARMM>    !135-149, 2013, PMC3695446
 CHARMM>    !
 CHARMM>    !Lemkul, J.A. and MacKerell, A.D., Jr. "Balancing the Interactions of
 CHARMM>    !Mg2+ in Aqueous Solution and with Nucleic Acid Moieties For a Polarizable
 CHARMM>    !Force Field Based on the Classical Drude Oscillator Model," J. Phys. Chem B,
 CHARMM>    !120, 11436-11448, 2016, PMC5148688
 CHARMM>     
  
 CHARMM>    ! note use of D for second character to indicate Drude
 CHARMM>    ! polarizable FF (be careful of Cadmium: use CDM)
 CHARMM>     
  
 CHARMM>    ! Parameter labeling after !
 CHARMM>    ! RESName, generic compound name of model compound followed by additional comments
 CHARMM>    ! for example ! BENZ, benzene, based on crystal survey data
 CHARMM>     
  
 CHARMM>    !Formatting information
 CHARMM>    !RTF section: please use the following format for future residues, including the spacing
 CHARMM>    !(and please clean a few up of the residues not in this format if you so desire....)
 CHARMM>     
  
 CHARMM>    !RESI ALA           0.000
 CHARMM>    !ATOM N    ND2A2   -0.427  ALPHA -1.056  THOLE 0.711
 CHARMM>    !BOND A1     A2     A3     A4     A5     A6     A7     A8
 CHARMM>    !IMPR A1     A2     A3     A4
 CHARMM>    !CMAP A1     A2     A3     A4     A1     A2     A3     A4
 CHARMM>    !LONEPAIR relative A1       A2       A3      A4       distance 0.30 angle 91.00 dihe 180.00
 CHARMM>    !ANISOTROPY        A1       A2       A3      A4       A11 0.6968  A22 1.2194
 CHARMM>    !IC A1     A2     A3     A4       1.3474  124.31  180.00  114.26   0.9979
 CHARMM>     
  
 CHARMM>    !parameter section
 CHARMM>    !bond
 CHARMM>    !CD32E    OD30A    360.00      1.415 ! comment
 CHARMM>    !angles
 CHARMM>    !HDA1A    CD31A    CD31A     34.50    110.10 ! comment
 CHARMM>    !HDA1A    CD31A    CD31A     34.50    110.10   22.53   2.1790 ! comment
 CHARMM>    !dihedrals
 CHARMM>    !CD2O1A   ND2A2    CD31C    CD2O2A      0.000   3   180.00 ! comment
 CHARMM>    !impropers
 CHARMM>    !CD2O1A   CD31A    ND2A2    OD2C1A    120.000   0     0.00 ! comment
 CHARMM>    !nonbond (LJ)
 CHARMM>    !HDW      0.0   -0.0000     0.0000 ! comment
 CHARMM>    !nbfix
 CHARMM>    !CD30A   ODW    -0.00500	 4.04699 ! comment
 CHARMM>     
  
 CHARMM>    !ioformat extended
 CHARMM>     
  
 CHARMM>    read rtf card !append
 MAINIO> Residue topology file being read from unit  99.
 RDTITL> * TOPOLOGY FOR DRUDE WATER, IONS AND PROTEINS
 RDTITL> *

 DRUDES PARTICLES WILL BE GENERATED AUTOMATICALLY FOR ALL ATOMS WITH NON-ZERO ALPHA
 Thole-type dipole screening, Slater-Delta shape {S(u) = 1 - (1+u/2)*exp(-u)}, default radius =  1.300000
  
 CHARMM>     
  
 CHARMM>    read para card !append

          PARAMETER FILE BEING READ FROM UNIT 99
 RDTITL> * DRUDE POLARIZABLE FF PARAMETERS
 RDTITL> *

 PARRDR> WARNING: ATOMS IN BOND X        DRUD      500.00000   0.00000 DONT EXIST
 PARMIO> NONBOND, HBOND lists and IMAGE atoms cleared.
  
 CHARMM>     
  
 VCLOSE: Closing unit   99 with status "KEEP"

                    RETURNING TO INPUT STREAM     5
  
 CHARMM>    stream @toppar/toppar_drude_nucleic_acid_2020b.str
 Parameter: TOPPAR -> "../TOPPAR_DRUDE"
 VOPEN> Attempting to open::../toppar_drude/toppar_drude_nucleic_acid_2020b.str::
 OPNLGU> Unit 99 opened for READONLY access to ../toppar_drude/toppar_drude_nucleic_acid_2020b.str

                    INPUT STREAM SWITCHING TO UNIT    99
 RDTITL> * DRUDE TOPOLOGY AND PARAMETER STREAM FILE
 RDTITL> * NUCLEIC ACIDS
 RDTITL> *
 Parameter: IN1 <- "" <empty>
  
 CHARMM>     
  
 CHARMM>    !requires toppar_drude_master*.str
 CHARMM>     
  
 CHARMM>    !nucleic acids
 CHARMM>     
  
 CHARMM>    !references
 CHARMM>    !
 CHARMM>    !Lemkul, J.A. and MacKerell, A.D., Jr., "Polarizable Force Field for
 CHARMM>    !DNA Based on the Classical Drude Oscillator: I. Refinement using
 CHARMM>    !Quantum Mechanical Base Stacking and Conformational Energetics,"
 CHARMM>    !J. Chem. Theory Comput., 13; 2053-2071, 2017, DOI: 10.1021/acs.jctc.7b00067
 CHARMM>    !
 CHARMM>    !Lemkul, J.A. and MacKerell, A.D., Jr., "Polarizable Force Field for
 CHARMM>    !DNA Based on the Classical Drude Oscillator: II. Microsecond Molecular
 CHARMM>    !Dynamics Simulations of Duplex DNA," J. Chem. Theory Comput.,
 CHARMM>    !13; 2072-2085, 2017, DOI: 10.1021/acs.jctc.7b00068
 CHARMM>    !
 CHARMM>    !Savelyev, A. and MacKerell, A.D., Jr., "All-Atom Polarizable Force
 CHARMM>    !Field for DNA Based on the Classical Drude Oscillator Model," Journal
 CHARMM>    !of Computational Chemistry, 35; 1219-1239, 2014, DOI: 10.1002/jcc.23611,
 CHARMM>    !NIHMSID #585697
 CHARMM>    !
 CHARMM>    !RNA
 CHARMM>    !Lemkul, J.A. and MacKerell, A.D., Jr., "Polarizable Force Field for
 CHARMM>    !RNA Based on the Classical Drude Oscillator," J. Comput. Chem.,
 CHARMM>    !39, 2624–2646, 2018, DOI: 10.1002/jcc.25709, NIHMSID #990779
 CHARMM>    !
 CHARMM>    !Nucleic Acid Bases
 CHARMM>    !Baker, C.M., Anisimov, V.M., and MacKerell, A.D., Jr., "Development of
 CHARMM>    !CHARMM Polarizable Force Field for Nucleic Acid Bases Based on the
 CHARMM>    !Classical Drude Oscillator Model," Journal of Physical Chemistry B,
 CHARMM>    !115; 580-596, 2011, PMC3166616
 CHARMM>    !
 CHARMM>     
  
 CHARMM>    read rtf card append
 MAINIO> Residue topology file being read from unit  99.
 RDTITL> * TOPOLOGY FOR DRUDE NUCLEIC ACIDS
 RDTITL> *

 DRUDES PARTICLES WILL BE GENERATED AUTOMATICALLY FOR ALL ATOMS WITH NON-ZERO ALPHA
 Thole-type dipole screening, Slater-Delta shape {S(u) = 1 - (1+u/2)*exp(-u)}, default radius =  1.300000
  
 CHARMM>     
  
 CHARMM>    read para card append

          PARAMETER FILE BEING READ FROM UNIT 99
 RDTITL> * DRUDE POLARIZABLE FF PARAMETERS
 RDTITL> *
 PARMIO> NONBOND, HBOND lists and IMAGE atoms cleared.
  
 VCLOSE: Closing unit   99 with status "KEEP"

                    RETURNING TO INPUT STREAM     5
  
 CHARMM>    stream @toppar/toppar_drude_lipid_2020b.str
 Parameter: TOPPAR -> "../TOPPAR_DRUDE"
 VOPEN> Attempting to open::../toppar_drude/toppar_drude_lipid_2020b.str::
 OPNLGU> Unit 99 opened for READONLY access to ../toppar_drude/toppar_drude_lipid_2020b.str

                    INPUT STREAM SWITCHING TO UNIT    99
 RDTITL> * DRUDE TOPOLOGY AND PARAMETER STREAM FILE FOR LIPIDS
 RDTITL> *
 Parameter: IN1 <- "" <empty>
  
 CHARMM>     
  
 CHARMM>    !requires toppar_drude_master*.str
 CHARMM>     
  
 CHARMM>    !ioformat extended
 CHARMM>     
  
 CHARMM>    !lipids
 CHARMM>     
  
 CHARMM>    !The following dihedral parameter is commented out below.
 CHARMM>    !For lipid simulations comment out this term below and
 CHARMM>    !comment the corresponding parameter in the master_protein
 CHARMM>    !toppar file.  Use of the following parameters with proteins
 CHARMM>    !will alter the conformational sampling of Lys sidechains
 CHARMM>    !
 CHARMM>    !1,2,3 fold terms differ from master file
 CHARMM>    !currently these parameters are being used as the default, although this impacts the long
 CHARMM>    !chain aliphatics and Lys sidechain in proteins.
 CHARMM>    !
 CHARMM>    !CD32A    CD32A    CD32A    CD32A       0.005    1   180.00 ! HEXA/HEPT, Hui-2015 protein: 0.073    1     0.00
 CHARMM>    !CD32A    CD32A    CD32A    CD32A       0.104    2     0.00 ! HEXA/HEPT, Hui-2015          0.043    2     0.00
 CHARMM>    !CD32A    CD32A    CD32A    CD32A       0.058    3   180.00 ! HEXA/HEPT, Hui-2015          0.119    3   180.00
 CHARMM>    !CD32A    CD32A    CD32A    CD32A       0.098    4     0.00 ! HEXA/HEPT, Hui-2015          0.098    4     0.00
 CHARMM>    !CD32A    CD32A    CD32A    CD32A       0.046    5     0.00 ! HEXA/HEPT, Hui-2015          0.046    5     0.00
 CHARMM>     
  
 CHARMM>    !references
 CHARMM>    !
 CHARMM>    !Li, H., Chowdhary, J., Huang, L., He, X, MacKerell, A.D., Jr., and
 CHARMM>    !Roux, B, "Drude Polarizable Force Field for Molecular Dynamics
 CHARMM>    !Simulations of Saturated and Unsaturated Zwitterionic Lipids,"
 CHARMM>    !In preparation, 2017.
 CHARMM>    !
 CHARMM>    !
 CHARMM>    !Chowdhary, J., Harder, E., Lopes, P.E.M., MacKerell, Jr., A.D, and
 CHARMM>    !Roux, B., “A Polarizable Model for Phosphatidylcholine-Containing
 CHARMM>    !Biological Membranes,” Journal of Physical Chemistry, B.,117:
 CHARMM>    !9142-9160, 2013.
 CHARMM>     
  
 CHARMM>    read rtf card append
 MAINIO> Residue topology file being read from unit  99.
 RDTITL> * TOPOLOGY FOR DRUDE LIPIDS
 RDTITL> *

 DRUDES PARTICLES WILL BE GENERATED AUTOMATICALLY FOR ALL ATOMS WITH NON-ZERO ALPHA
 Thole-type dipole screening, Slater-Delta shape {S(u) = 1 - (1+u/2)*exp(-u)}, default radius =  1.300000
  
 CHARMM>     
  
 CHARMM>    read para card append

          PARAMETER FILE BEING READ FROM UNIT 99
 RDTITL> * DRUDE POLARIZABLE FF PARAMETERS
 RDTITL> *
 PARMIO> NONBOND, HBOND lists and IMAGE atoms cleared.
  
 VCLOSE: Closing unit   99 with status "KEEP"

                    RETURNING TO INPUT STREAM     5
  
 CHARMM>    !stream @toppar/toppar_drude_carbohydrate_2020b.str
 CHARMM>    stream @toppar/toppar_drude_model_2020b.str
 Parameter: TOPPAR -> "../TOPPAR_DRUDE"
 VOPEN> Attempting to open::../toppar_drude/toppar_drude_model_2020b.str::
 OPNLGU> Unit 99 opened for READONLY access to ../toppar_drude/toppar_drude_model_2020b.str

                    INPUT STREAM SWITCHING TO UNIT    99
 RDTITL> * DRUDE TOPOLOGY AND PARAMETER STREAM FILE FOR SMALL MODEL COMPOUNDS
 RDTITL> *
 Parameter: IN1 <- "" <empty>
  
 CHARMM>     
  
 CHARMM>    !requires toppar_drude_master*.str
 CHARMM>     
  
 CHARMM>    !model compounds
 CHARMM>     
  
 CHARMM>    !references
 CHARMM>    !Alkanes
 CHARMM>    !Igor V. Vorobyov, Victor M. Anisimov and Alexander D. MacKerell,
 CHARMM>    !Jr. "Polarizable Empirical Force Field for Alkanes Based on the
 CHARMM>    !Classical Drude Oscillator Model," Journal of Physical Chemistry B,
 CHARMM>    !109: 18988-18999, 2005.
 CHARMM>    !
 CHARMM>    !Anisotropic polarizability model
 CHARMM>    !Harder, E., Anisimov, V.M., Vorobyov, I.V., Lopes, P.E., Noskov, S.,
 CHARMM>    !MacKerell, A.D., Jr.  and Roux, B. Atomic Level Anisotropy in the
 CHARMM>    !Electrostatic Modeling of Lone Pairs for a Polarizable Force Field
 CHARMM>    !based on the Classical Drude Oscillator, Journal of Chemical Theory
 CHARMM>    !and Computation, 2: 1587-1597, 2006
 CHARMM>    !
 CHARMM>    !Ethers
 CHARMM>    !
 CHARMM>    !Vorobyov, I.V., Anisimov, V.M., Greene, S., Venable, R.M., Moser, A.,
 CHARMM>    !Pastor, R.W. and MacKerell, A.D., Jr., Additive and Classical Drude
 CHARMM>    !Polarizable Force Fields for Linear and Cyclic Ethers, Journal of
 CHARMM>    !Chemical Theory and Computation, 3: 1120-1133, 2007.
 CHARMM>    !
 CHARMM>    !Baker, C. and MacKerell, Jr. A.D., “Polarizability Rescaling and
 CHARMM>    !atom-based Thole Scaling in the CHARMM Drude Polarizable Force Field
 CHARMM>    !for Ethers” Journal of Molecular Modeling, 16: 567-576, 2010,
 CHARMM>    !PMC2818097
 CHARMM>     
  
 CHARMM>    !Sulfur containing compounds
 CHARMM>    !Zhu, X. and MacKerell, A.D., Jr. “Polarizable Empirical Force Field
 CHARMM>    !for Sulfur-Containing Compounds Based on the Classical Drude
 CHARMM>    !Oscillator Model,” Journal of Computational Chemistry, 12: 2330-2341,
 CHARMM>    !2010. PMC2923574
 CHARMM>    !
 CHARMM>    !Alcohols
 CHARMM>    !Anisimov, V.M., Vorobyov, I.V., Roux, B., and MacKerell, A.D., Jr.
 CHARMM>    !Polarizable empirical force field for the primary and secondary
 CHARMM>    !alcohol series based on the classical Drude model. Journal of Chemical
 CHARMM>    !Theory and Computation, 3, 1927-1946, 2007.
 CHARMM>     
  
 CHARMM>    !Amides
 CHARMM>    !Harder, E., Anisimov, V.M., Whitfield, T., MacKerell, A.D., Jr., Roux,
 CHARMM>    !B. "Understanding the Dielectric Properties of Liquid Amides from a
 CHARMM>    !Polarizable Force Field," Journal of Physical Chemistry,
 CHARMM>    !112:3509-3521. 2008, PMID: 18302362
 CHARMM>    !
 CHARMM>    !Final amide model used on 2013 protein FF
 CHARMM>    !Lin, B., Lopes, P.E.M., Roux, B., and MacKerell, A.D., Jr.,
 CHARMM>    !“Kirkwood-Buff Analysis of Aqueous N-Methylacetamide and Acetamide
 CHARMM>    !Solutions Modeled by the CHARMM Additive and Drude Polarizable Force
 CHARMM>    !Fields,” Journal of Chemical Physics, 139: 084509, 2013, PMC3772949
 CHARMM>    !
 CHARMM>    !Aromatics
 CHARMM>    !Lopes, P., Lamoureux, G., Roux, B., MacKerell, A.D., Jr., "Polarizable
 CHARMM>    !Empirical Force Field for Aromatic Compounds Based on the Classical
 CHARMM>    !Drude Oscillator," Journal of Physical Chemistry, B. 111:2873-2885,
 CHARMM>    !2007
 CHARMM>    !
 CHARMM>    !Heterocycles
 CHARMM>    !Lopes, P.E.M., Lamoureux, G., MacKerell, A.D., Jr., “Polarizable
 CHARMM>    !Empirical Force Field for Nitrogen-containing Heteroaromatic Compounds
 CHARMM>    !Based on the Classical Drude Oscillator” Journal of Computational
 CHARMM>    !Chemistry, 30: 1821-1838, 2009, PMC251901
 CHARMM>    !
 CHARMM>    !Nucleic Acid Bases
 CHARMM>    !Baker, C.M., Anisimov, V.M., and MacKerell, A.D., Jr., “Development of
 CHARMM>    !CHARMM Polarizable Force Field for Nucleic Acid Bases Based on the
 CHARMM>    !Classical Drude Oscillator Model,” Journal of Physical Chemistry,
 CHARMM>    !B. 115; 580–596, 2011, PMC3166616
 CHARMM>    !
 CHARMM>    !Halogenated benzenes and ethanes
 CHARMM>    !Lin, F-Y. and MacKerell, A.D., Jr., “Polarizable Empirical Force Field
 CHARMM>    !for Halogen-Containing Compounds Based on the Classical Drude
 CHARMM>    !Oscillator," Journal of Chemical Theory and Computation, 2018, 14 (2),
 CHARMM>    !1083-1098
 CHARMM>    !
 CHARMM>    !Updated Molecular ions
 CHARMM>    !Lin, F-Y., Lopes, P.E.M., Harder, E., Roux, B., and
 CHARMM>    !MacKerell, A.D., Jr.,“Polarizable Force Field for Molecular Ions based
 CHARMM>    !on the Classical Drude Oscillator," Journal of Chemical Information
 CHARMM>    !and Modeling, 2018, 58 (5), 993–1004.
 CHARMM>    !
 CHARMM>    !Reoptimization of DMP and new molecular anions
 CHARMM>    !Kognole, A.A., Aytenfisu, A.H., and MacKerell, A.D., Jr., “Balanced
 CHARMM>    !Drude Polarizable Force Field for Molecular Anions: Phosphates,
 CHARMM>    !Sulfates, Sulfamates and Oxides," Journal of Molecular Modeling,
 CHARMM>    !(Accepted April 2020)
 CHARMM>     
  
 CHARMM>    read rtf card append
 MAINIO> Residue topology file being read from unit  99.
 RDTITL> * TOPOLOGY FOR DRUDE MODEL COMPOUNDS
 RDTITL> *

 DRUDES PARTICLES WILL BE GENERATED AUTOMATICALLY FOR ALL ATOMS WITH NON-ZERO ALPHA
 Thole-type dipole screening, Slater-Delta shape {S(u) = 1 - (1+u/2)*exp(-u)}, default radius =  1.300000
  
 CHARMM>     
  
 CHARMM>    read para card append

          PARAMETER FILE BEING READ FROM UNIT 99
 RDTITL> * DRUDE POLARIZABLE FF PARAMETERS
 RDTITL> *
 PARMIO> NONBOND, HBOND lists and IMAGE atoms cleared.
  
 VCLOSE: Closing unit   99 with status "KEEP"

                    RETURNING TO INPUT STREAM     5
  
 CHARMM>     
  
 CHARMM>    ! Read PSF and Coordinates
 CHARMM>    open read unit 10 card name ../@ion_@mol_files/@ion_@mol_@conc.psf
 Parameter: ION -> "MG"
 Parameter: MOL -> "DMP"
 Parameter: ION -> "MG"
 Parameter: MOL -> "DMP"
 Parameter: CONC -> "1"
 VOPEN> Attempting to open::../mg_dmp_files/mg_dmp_1.psf::
 OPNLGU> Unit 10 opened for READONLY access to ../mg_dmp_files/mg_dmp_1.psf
  
 CHARMM>    read psf  unit 10 card
 MAINIO> Protein structure file being read from unit  10.
 PSFRD2> Reading PSF in the expanded format.
 TITLE>  * CREATE PSF FILE
 TITLE>  *  DATE:     6/ 8/21     14:19:52      CREATED BY USER: akognole
 TITLE>  *
 PSFSUM> PSF modified: NONBOND lists and IMAGE atoms cleared.
 PSFSUM> Summary of the structure file counters :
         Number of segments      =        3   Number of residues   =     6886
         Number of atoms         =    36158   Number of groups     =     6886
         Number of bonds         =    35966   Number of angles     =     9254
         Number of dihedrals     =     1536   Number of impropers  =        0
         Number of cross-terms   =        0
         Number of HB acceptors  =     6694   Number of HB donors  =        0
         Number of NB exclusions =        0   Total charge =    0.00000
         Number of Drudes        =     7654
         Number of true-bonds    =    35966   Number of zero-bonds =        0
         Number of aniso. terms  =      512   Number of lone-pairs =     6694
  
 CHARMM>     
  
 CHARMM>    open read unit 10 card name ../@ion_@mol_files/@ion_@mol_@conc.crd
 Parameter: ION -> "MG"
 Parameter: MOL -> "DMP"
 Parameter: ION -> "MG"
 Parameter: MOL -> "DMP"
 Parameter: CONC -> "1"
 OPNLGU> Unit already open. The old file will be closed first.
 VCLOSE: Closing unit   10 with status "KEEP"
 VOPEN> Attempting to open::../mg_dmp_files/mg_dmp_1.crd::
 OPNLGU> Unit 10 opened for READONLY access to ../mg_dmp_files/mg_dmp_1.crd
  
 CHARMM>    read coor unit 10 card
          SPATIAL COORDINATES BEING READ FROM UNIT 10
 TITLE> * CHARMM CRD FILE
 TITLE> * GENERATED BY CONVPDB.PL (MMTSB TOOL SET)
 TITLE> *
 ** WARNING ** After reading, there are no coordinates for selected atom:  2690   193 SWM4     DOH2    
 ** WARNING ** After reading, there are no coordinates for selected atom:  2691   193 SWM4     OM      
 ** WARNING ** After reading, there are no coordinates for selected atom:  2695   194 SWM4     DOH2    
 ** WARNING ** After reading, there are no coordinates for selected atom:  2696   194 SWM4     OM      
 ** WARNING ** After reading, there are no coordinates for selected atom:  2700   195 SWM4     DOH2    
 ** WARNING ** After reading, there are no coordinates for selected atom:  2701   195 SWM4     OM      
 ** WARNING ** After reading, there are no coordinates for selected atom:  2705   196 SWM4     DOH2    
 ** WARNING ** After reading, there are no coordinates for selected atom:  2706   196 SWM4     OM      
 ** WARNING ** After reading, there are no coordinates for selected atom:  2710   197 SWM4     DOH2    
 ** WARNING ** After reading, there are no coordinates for selected atom:  2711   197 SWM4     OM      

 ** A total of 13388 selected atoms have no coordinates
 *** LEVEL  2 WARNING *** BOMLEV IS    0
  
 CHARMM>     
  
 CHARMM>    coor sdrude
  
 CHARMM>    coor shake
 SELECTED COORDINATES CONSTRAINED IN THE MAIN SET.

  
 CHARMM>     
  
 CHARMM>    SHAKE bonh param nofast -
 CHARMM>          select  .not. type D*  end -
 CHARMM>          select  .not. type D*  end
 SELRPN>  28504 atoms have been selected out of  36158
 SELRPN>  28504 atoms have been selected out of  36158
 SHKCOM> SHAKE parameters: TOL =   0.1000D-09 MXITer =    500

           20850 constraints will held by SHAKE.
  
 CHARMM>     
  
 CHARMM>    SET XTLTYPE  = ORTHO
 Parameter: XTLTYPE <- "ORTHO"
  
 CHARMM>    SET A = 48
 Parameter: A <- "48"
  
 CHARMM>    SET B = 48
 Parameter: B <- "48"
  
 CHARMM>    SET C = 96
 Parameter: C <- "96"
  
 CHARMM>    SET ALPHA = 90.0
 Parameter: ALPHA <- "90.0"
  
 CHARMM>    SET BETA  = 90.0
 Parameter: BETA <- "90.0"
  
 CHARMM>    SET GAMMA = 90.0
 Parameter: GAMMA <- "90.0"
  
 CHARMM>    SET FFTX  = 60
 Parameter: FFTX <- "60"
  
 CHARMM>    SET FFTY  = 60
 Parameter: FFTY <- "60"
  
 CHARMM>    SET FFTZ  = 120
 Parameter: FFTZ <- "120"
  
 CHARMM>    SET XCEN  = 0
 Parameter: XCEN <- "0"
  
 CHARMM>    SET YCEN  = 0
 Parameter: YCEN <- "0"
  
 CHARMM>    SET ZCEN  = 0
 Parameter: ZCEN <- "0"
  
 CHARMM>     
  
 CHARMM>    !open read unit 10 card name crystal_image.str
 CHARMM>    CRYSTAL DEFINE @XTLtype @A @B @C @alpha @beta @gamma
 Parameter: XTLTYPE -> "ORTHO"
 Parameter: A -> "48"
 Parameter: B -> "48"
 Parameter: C -> "96"
 Parameter: ALPHA -> "90.0"
 Parameter: BETA -> "90.0"
 Parameter: GAMMA -> "90.0"
 Crystal Parameters : Crystal Type = ORTH
           A     =   48.00000 B    =   48.00000 C     =   96.00000
           Alpha =   90.00000 Beta =   90.00000 Gamma =   90.00000
  
 CHARMM>    crystal build noper 0 cutoff 16.0
 XBUILD> Building all transformations with a minimum atom-atom
         contact distance of less than   16.00 Angstroms.

 Range of Grid Search for Transformation     1 :
 Lattice Vector A    -2 TO     2
 Lattice Vector B    -2 TO     2
 Lattice Vector C    -2 TO     2


 The number of transformations generated =    26


 Number  Symop   A   B   C   Distance

      1      1  -1  -1  -1     5.9188
      2      1  -1   0  -1     3.4550
      3      1  -1   1  -1     8.2612
      4      1   0  -1  -1     1.5826
      5      1   0   0  -1     2.0597
      6      1   0   1  -1     2.9169
      7      1  -1  -1   0     1.3718
      8      1  -1   0   0     2.3685
      9      1  -1   1   0     3.7450
     10      1   0  -1   0     2.3613
     11      1   0   1   0     2.3613
     12      1  -1  -1   1     3.8167
     13      1  -1   0   1     3.5817
     14      1  -1   1   1     6.6648
     15      1   0  -1   1     2.9169
     16      1   0   0   1     2.0597
     17      1   0   1   1     1.5826
     18      1   1   1   1     5.9188
     19      1   1   0   1     3.4550
     20      1   1  -1   1     8.2612
     21      1   1   1   0     1.3718
     22      1   1   0   0     2.3685
     23      1   1  -1   0     3.7450
     24      1   1   1  -1     3.8167
     25      1   1   0  -1     3.5817
     26      1   1  -1  -1     6.6648
                     THERE ARE NO ROTATIONS FOR THIS TRANSFORMATION SET
    26 Transformations have been processed.

  
 CHARMM>    !CRYSTAL READ UNIT 10 CARD
 CHARMM>    !CRYSTAL BUILD CUTOFF 14.0
 CHARMM>     
  
 CHARMM>    !Image centering by residue
 CHARMM>    IMAGE BYRESID XCEN @xcen YCEN @ycen ZCEN @zcen sele resname @ion .or. resname @mol end
 Parameter: XCEN -> "0"
 Parameter: YCEN -> "0"
 Parameter: ZCEN -> "0"
 Parameter: ION -> "MG"
 Parameter: MOL -> "DMP"
 SELRPN>   2688 atoms have been selected out of  36158
 IMAGE CENTERING ON FOR SOME ATOMS
  
 CHARMM>    IMAGE BYRESID XCEN @xcen YCEN @ycen ZCEN @zcen sele resname swm4 end
 Parameter: XCEN -> "0"
 Parameter: YCEN -> "0"
 Parameter: ZCEN -> "0"
 SELRPN>  33470 atoms have been selected out of  36158
 IMAGE CENTERING ON FOR SOME ATOMS
  
 CHARMM>     
  
 CHARMM>    nbonds atom vatom switch vswitch bycb -
 CHARMM>           ctonnb 10.0 ctofnb 12.0 cutnb 16.0 cutim 16.0 -
 CHARMM>           inbfrq -1 imgfrq -1 wmin 1.0 cdie eps 1.0 -
 CHARMM>           ewald pmew fftx @fftx ffty @ffty fftz @fftz  kappa .34 spline order 6
 Parameter: FFTX -> "60"
 Parameter: FFTY -> "60"
 Parameter: FFTZ -> "120"

 SELECTED IMAGES ATOMS BEING CENTERED ABOUT  0.000000  0.000000  0.000000

 <MKIMAT2>: updating the image atom lists and remapping
 Transformation   Atoms  Groups  Residues  Min-Distance
    1  C001 has     270      54      54        4.51
    2  C002 has    1370     274     274        0.24
    3  C003 has     230      46      46        3.05
    4  C004 has    1305     261     261        0.25
    5  C005 has    5645    1129    1129        0.20
    6  C006 has    1380     276     276        0.53
    7  C007 has    2902     545     545        0.16
    8  C008 has   12146    2323    2323        0.09
    9  C009 has    2917     560     560        0.22
   10  C010 has   11991    2271    2271        0.07
   12  C012 has     185      37      37        1.34
   13  C013 has    1455     291     291        0.78
   14  C014 has     270      54      54        3.81
 Total of78224 atoms and15007 groups and15007 residues were included

 <PME> Total heap storage needed =     1509607
 Fill Ewald table: Number of points=     10000 EWXmax=    4.250000
 fill erfc table: linear inter has rms error = 0.979220D-08 maximum error = 0.218740D-07
 fill erfc table: cubic spline has rms error = 0.360331D-11 maximum error = 0.108438D-10

 NONBOND OPTION FLAGS: 
     ELEC     VDW      ATOMs    CDIElec  SWITch   VATOm    VSWItch 
     BYCB     NOEXtnd  EWALd   
 CUTNB  = 16.000 CTEXNB =999.000 CTONNB = 10.000 CTOFNB = 12.000
 CGONNB =  0.000 CGOFNB = 10.000
 WMIN   =  1.000 WRNMXD =  0.500 E14FAC =  1.000 EPS    =  1.000
 NBXMOD =      5
 PME EWALD OPTIONS: KAPPA  =  0.340  QCOR =  0.000  Bspline order = 6
 FFTX=  60  FFTY=  60  FFTZ= 120
                Using FFTW
                Real-to-Complex FFT
                Using Column FFT 
 There are        0 atom  pairs and        0 atom  exclusions.
 There are        0 group pairs and        0 group exclusions.
 <MAKINB> with mode   5 found  78908 exclusions and   4608 interactions(1-4)
 <MAKGRP> found      0 group exclusions.
 <MAKGRP> found      0 image group exclusions.
 Generating nonbond list with Exclusion mode = 5
 Allocate space for   5000 Thole shielding pairs 
 == PRIMARY == SPACE FOR        0 ATOM PAIRS AND        0 GROUP PAIRS
 == IMAGES === SPACE FOR        0 ATOM PAIRS AND        0 GROUP PAIRS
  
 =========================================
              TRIAL run of list...........
 =========================================
Using Image CUBE search
Using Image CUBE search
  NBNDGCM found:
     5219728  atom pairs
     1218418  image atom pairs
           0  self atom pairs
    37644044 total atom  pairs
    13347502 total image pairs
  
 CHARMM>     
  
 CHARMM>    energy

 SELECTED IMAGES ATOMS BEING CENTERED ABOUT  0.000000  0.000000  0.000000

 <MKIMAT2>: updating the image atom lists and remapping
 Transformation   Atoms  Groups  Residues  Min-Distance
    1  C001 has     270      54      54        4.51
    2  C002 has    1370     274     274        0.24
    3  C003 has     230      46      46        3.05
    4  C004 has    1305     261     261        0.25
    5  C005 has    5645    1129    1129        0.20
    6  C006 has    1380     276     276        0.53
    7  C007 has    2902     545     545        0.16
    8  C008 has   12146    2323    2323        0.09
    9  C009 has    2917     560     560        0.22
   10  C010 has   11991    2271    2271        0.07
   12  C012 has     185      37      37        1.34
   13  C013 has    1455     291     291        0.78
   14  C014 has     270      54      54        3.81
 Total of78224 atoms and15007 groups and15007 residues were included

 <MAKGRP> found      0 image group exclusions.
 <PME> Total heap storage needed =     1509607

 NONBOND OPTION FLAGS: 
     ELEC     VDW      ATOMs    CDIElec  SWITch   VATOm    VSWItch 
     BYCB     NOEXtnd  EWALd   
 CUTNB  = 16.000 CTEXNB =999.000 CTONNB = 10.000 CTOFNB = 12.000
 CGONNB =  0.000 CGOFNB = 10.000
 WMIN   =  1.000 WRNMXD =  0.500 E14FAC =  1.000 EPS    =  1.000
 NBXMOD =      5
 PME EWALD OPTIONS: KAPPA  =  0.340  QCOR =  0.000  Bspline order = 6
 FFTX=  60  FFTY=  60  FFTZ= 120
                Using FFTW
                Real-to-Complex FFT
                Using Column FFT 
 There are  5219728 atom  pairs and    83516 atom  exclusions.
 There are        0 group pairs and        0 group exclusions.
 Generating nonbond list with Exclusion mode = 5
 == PRIMARY == SPACE FOR  6785646 ATOM PAIRS AND        0 GROUP PAIRS
 == IMAGES === SPACE FOR  1583943 ATOM PAIRS AND        0 GROUP PAIRS
Using Image CUBE search
  NBNDGCM found:
     5219728  atom pairs
     1218418  image atom pairs
           0  self atom pairs
    37644044 total atom  pairs
    13347502 total image pairs
Splitting recip cores into (y by z):   2 by    4
ENER ENR:  Eval#     ENERgy      Delta-E         GRMS
ENER INTERN:          BONDs       ANGLes       UREY-b    DIHEdrals    IMPRopers
ENER EXTERN:        VDWaals         ELEC       HBONds          ASP         USER
ENER IMAGES:        IMNBvdw       IMELec       IMHBnd       RXNField    EXTElec
ENER EWALD:          EWKSum       EWSElf       EWEXcl       EWQCor       EWUTil
 ----------       ---------    ---------    ---------    ---------    ---------
ENER>        0 25696469931.           0.  1401701806.
ENER INTERN>       61.42948    657.74541      0.11018   1785.79613      0.00000
ENER EXTERN>    47615.49031  -1165.68142      0.00000      0.00000      0.00000
ENER IMAGES>   25696431293.        2976.           0.           0.           0.
ENER EWALD>      27488.6158-3723913.7545 3683132.2800       0.0000       0.0000
 ----------       ---------    ---------    ---------    ---------    ---------
  
 CHARMM>     
  
 CHARMM>    ! first minimize drudes, then entire system
 CHARMM>    cons harm force 100000. sele .not. type D* end
 SELRPN>  28504 atoms have been selected out of  36158
 CSTRAN: Harmonic Restraints
          ABSOlute type as set number  1.  Number of selected atoms:  28504
          Reference coordinates set to main coordinates.
          Mass weighting will NOT be used for new restraints.
          The force constant of  100000.00000 will be used.
          An exponent of  2 will be used.
          The XYZ scale factors are:       1.00000       1.00000       1.00000
          A total of  28504 atoms are restrained.
  
 CHARMM>    !mini SD   nstep 100 nprint 20
 CHARMM>    mini ABNR nstep 100 nprint 20

 SELECTED IMAGES ATOMS BEING CENTERED ABOUT  0.000000  0.000000  0.000000

 <MKIMAT2>: updating the image atom lists and remapping
 Transformation   Atoms  Groups  Residues  Min-Distance
    1  C001 has     270      54      54        4.51
    2  C002 has    1370     274     274        0.24
    3  C003 has     230      46      46        3.05
    4  C004 has    1305     261     261        0.25
    5  C005 has    5645    1129    1129        0.20
    6  C006 has    1380     276     276        0.53
    7  C007 has    2902     545     545        0.16
    8  C008 has   12146    2323    2323        0.09
    9  C009 has    2917     560     560        0.22
   10  C010 has   11991    2271    2271        0.07
   12  C012 has     185      37      37        1.34
   13  C013 has    1455     291     291        0.78
   14  C014 has     270      54      54        3.81
 Total of78224 atoms and15007 groups and15007 residues were included

 <MAKGRP> found      0 image group exclusions.

 NONBOND OPTION FLAGS: 
     ELEC     VDW      ATOMs    CDIElec  SWITch   VATOm    VSWItch 
     BYCB     NOEXtnd  EWALd   
 CUTNB  = 16.000 CTEXNB =999.000 CTONNB = 10.000 CTOFNB = 12.000
 CGONNB =  0.000 CGOFNB = 10.000
 WMIN   =  1.000 WRNMXD =  0.500 E14FAC =  1.000 EPS    =  1.000
 NBXMOD =      5
 PME EWALD OPTIONS: KAPPA  =  0.340  QCOR =  0.000  Bspline order = 6
 FFTX=  60  FFTY=  60  FFTZ= 120
                Using FFTW
                Real-to-Complex FFT
                Using Column FFT 
 There are  5219728 atom  pairs and    83516 atom  exclusions.
 There are        0 group pairs and        0 group exclusions.
 Generating nonbond list with Exclusion mode = 5
 == PRIMARY == SPACE FOR  6785646 ATOM PAIRS AND        0 GROUP PAIRS
 == IMAGES === SPACE FOR  1583943 ATOM PAIRS AND        0 GROUP PAIRS
Using Image CUBE search
  NBNDGCM found:
     5219728  atom pairs
     1218418  image atom pairs
           0  self atom pairs
    37644044 total atom  pairs
    13347502 total image pairs


 ABNER> An energy minimization has been requested.

 EIGRNG =    0.0005000   MINDIM =            5
 NPRINT =           20   NSTEP  =          100
 PSTRCT =    0.0000000   SDSTP  =    0.0200000
 STPLIM =    1.0000000   STRICT =    0.1000000
 TOLFUN =    0.0000000   TOLGRD =    0.0000000
 TOLITR =          100   TOLSTP =    0.0000000
 FMEM   =    0.0000000
MINI MIN: Cycle      ENERgy      Delta-E         GRMS    Step-size
MINI INTERN:          BONDs       ANGLes       UREY-b    DIHEdrals    IMPRopers
MINI EXTERN:        VDWaals         ELEC       HBONds          ASP         USER
MINI IMAGES:        IMNBvdw       IMELec       IMHBnd       RXNField    EXTElec
MINI EWALD:          EWKSum       EWSElf       EWEXcl       EWQCor       EWUTil
MINI CONSTR:       HARMonic    CDIHedral          CIC     RESDistance       NOE
 ----------       ---------    ---------    ---------    ---------    ---------
MINI>        0 25696470297.        -366.  1401701806.           0.
MINI INTERN>       61.42948    657.74541      0.11018   1785.79613      0.00000
MINI EXTERN>    47615.49031  -1165.68142      0.00000      0.00000      0.00000
MINI IMAGES>   25696431293.        2976.           0.           0.           0.
MINI EWALD>      27488.6158-3723913.7545 3683132.2800       0.0000       0.0000
MINI CONSTR>      366.22585      0.00000      0.00000      0.00000      0.00000
 ----------       ---------    ---------    ---------    ---------    ---------
MINI>       20     9091980. 25687378317.      110744.           0.
MINI INTERN>     1582.38326    658.72060      0.15722   1785.79295      0.00000
MINI EXTERN>    48138.90380  -1172.37411      0.00000      0.00000      0.00000
MINI IMAGES>   8563351.0366    7005.2955       0.0000       0.0000       0.0000
MINI EWALD>      27492.5226-3723913.7545 3683106.3609       0.0000       0.0000
MINI CONSTR>   483944.81848      0.00000      0.00000      0.00000      0.00000
 ----------       ---------    ---------    ---------    ---------    ---------
MINI>       40 2155546.9360 6936432.9273     616.4383       0.2042
MINI INTERN>     3899.72411    666.10120      0.28576   1785.71672      0.00000
MINI EXTERN>    48516.28940  -1427.12574      0.00000      0.00000      0.00000
MINI IMAGES>   767511.30733   6907.55290      0.00000      0.00000      0.00000
MINI EWALD>      27209.4148-3723913.7545 3683048.4434       0.0000       0.0000
MINI CONSTR>   1341342.9807       0.0000       0.0000       0.0000       0.0000
 ----------       ---------    ---------    ---------    ---------    ---------
MINI>       60 2132319.8644   23227.0717     279.4142       0.0455
MINI INTERN>     3189.34513    666.23883      0.29226   1785.71510      0.00000
MINI EXTERN>    48449.30167  -2148.61183      0.00000      0.00000      0.00000
MINI IMAGES>   777031.35119   2874.63315      0.00000      0.00000      0.00000
MINI EWALD>      26371.6144-3723913.7545 3683011.5139       0.0000       0.0000
MINI CONSTR>   1315002.2251       0.0000       0.0000       0.0000       0.0000
 ----------       ---------    ---------    ---------    ---------    ---------
MINI>       80 2113059.0104   19260.8540    3614.9011       0.0068
MINI INTERN>     2887.71547    666.13895      0.29059   1785.71557      0.00000
MINI EXTERN>    48443.87561  -2845.42272      0.00000      0.00000      0.00000
MINI IMAGES>   786575.05828 -13653.56573      0.00000      0.00000      0.00000
MINI EWALD>      25579.7612-3723913.7545 3682966.3646       0.0000       0.0000
MINI CONSTR>   1304566.8331       0.0000       0.0000       0.0000       0.0000
 ----------       ---------    ---------    ---------    ---------    ---------
MINI>      100  1281278.381   831780.630 10394639.588        0.000
MINI INTERN>     2887.52587    666.13845      0.29059   1785.71557      0.00000
MINI EXTERN>    48443.92068  -2844.92219      0.00000      0.00000      0.00000
MINI IMAGES>   786682.12760-845453.22062      0.00000      0.00000      0.00000
MINI EWALD>      25580.9301-3723913.7545 3682966.4047       0.0000       0.0000
MINI CONSTR>   1304477.2244       0.0000       0.0000       0.0000       0.0000
 ----------       ---------    ---------    ---------    ---------    ---------

 ABNER> Minimization exiting with number of steps limit (  100) exceeded.

ABNR MIN: Cycle      ENERgy      Delta-E         GRMS    Step-size
ABNR INTERN:          BONDs       ANGLes       UREY-b    DIHEdrals    IMPRopers
ABNR EXTERN:        VDWaals         ELEC       HBONds          ASP         USER
ABNR IMAGES:        IMNBvdw       IMELec       IMHBnd       RXNField    EXTElec
ABNR EWALD:          EWKSum       EWSElf       EWEXcl       EWQCor       EWUTil
ABNR CONSTR:       HARMonic    CDIHedral          CIC     RESDistance       NOE
 ----------       ---------    ---------    ---------    ---------    ---------
ABNR>      100  1281278.381   831780.630 10394639.588        0.000
ABNR INTERN>     2887.52587    666.13845      0.29059   1785.71557      0.00000
ABNR EXTERN>    48443.92068  -2844.92219      0.00000      0.00000      0.00000
ABNR IMAGES>   786682.12760-845453.22062      0.00000      0.00000      0.00000
ABNR EWALD>      25580.9301-3723913.7545 3682966.4047       0.0000       0.0000
ABNR CONSTR>   1304477.2244       0.0000       0.0000       0.0000       0.0000
 ----------       ---------    ---------    ---------    ---------    ---------
  
 CHARMM>    cons harm force 0.0 sele all end
 SELRPN>  36158 atoms have been selected out of  36158
 CSTRAN: Harmonic Restraints
          ABSOlute type as set number  1.  Number of selected atoms:  36158
          Reference coordinates set to main coordinates.
          Mass weighting will NOT be used for new restraints.
          The force constant of       0.00000 will be used.
          An exponent of  2 will be used.
          The XYZ scale factors are:       1.00000       1.00000       1.00000
          A total of      0 atoms are restrained.
  
 CHARMM>     
  
 CHARMM>    ! minimize all atoms and drudes
 CHARMM>    mini SD   nstep 100 nprint 20

 SELECTED IMAGES ATOMS BEING CENTERED ABOUT  0.000000  0.000000  0.000000

 <MKIMAT2>: updating the image atom lists and remapping
 Transformation   Atoms  Groups  Residues  Min-Distance
    1  C001 has     270      54      54        4.44
    2  C002 has    1370     274     274        0.19
    3  C003 has     230      46      46        3.00
    4  C004 has    1305     261     261        0.17
    5  C005 has    5640    1128    1128        0.14
    6  C006 has    1380     276     276        0.47
    7  C007 has    2902     545     545        0.12
    8  C008 has   12141    2322    2322        0.00
    9  C009 has    2927     562     562        0.20
   10  C010 has   11991    2271    2271        0.00
   12  C012 has     185      37      37        1.25
   13  C013 has    1455     291     291        0.78
   14  C014 has     270      54      54        3.81
 Total of78224 atoms and15007 groups and15007 residues were included

 <MAKGRP> found      0 image group exclusions.

 NONBOND OPTION FLAGS: 
     ELEC     VDW      ATOMs    CDIElec  SWITch   VATOm    VSWItch 
     BYCB     NOEXtnd  EWALd   
 CUTNB  = 16.000 CTEXNB =999.000 CTONNB = 10.000 CTOFNB = 12.000
 CGONNB =  0.000 CGOFNB = 10.000
 WMIN   =  1.000 WRNMXD =  0.500 E14FAC =  1.000 EPS    =  1.000
 NBXMOD =      5
 PME EWALD OPTIONS: KAPPA  =  0.340  QCOR =  0.000  Bspline order = 6
 FFTX=  60  FFTY=  60  FFTZ= 120
                Using FFTW
                Real-to-Complex FFT
                Using Column FFT 
 There are  5219728 atom  pairs and    83516 atom  exclusions.
 There are        0 group pairs and        0 group exclusions.
 Generating nonbond list with Exclusion mode = 5
 == PRIMARY == SPACE FOR  6785646 ATOM PAIRS AND        0 GROUP PAIRS
 == IMAGES === SPACE FOR  1583943 ATOM PAIRS AND        0 GROUP PAIRS
Using Image CUBE search
  NBNDGCM found:
     5207174  atom pairs
     1220331  image atom pairs
           0  self atom pairs
    37648385 total atom  pairs
    13343108 total image pairs


 STEEPD> An energy minimization has been requested.

 NSTEP  =          100   NPRINT =           20
 STEP   =    0.0200000   TOLFUN =    0.0000000
 TOLGRD =    0.0000000   TOLSTP =    0.0000000

MINI MIN: Cycle      ENERgy      Delta-E         GRMS    Step-size
MINI INTERN:          BONDs       ANGLes       UREY-b    DIHEdrals    IMPRopers
MINI EXTERN:        VDWaals         ELEC       HBONds          ASP         USER
MINI IMAGES:        IMNBvdw       IMELec       IMHBnd       RXNField    EXTElec
MINI EWALD:          EWKSum       EWSElf       EWEXcl       EWQCor       EWUTil
 ----------       ---------    ---------    ---------    ---------    ---------
MINI>        0  -2418921.24   3700199.62 151615804.70         0.02
MINI INTERN>     2887.47545    666.13845      0.29059   1785.71557      0.00000
MINI EXTERN>    48443.92312  -2844.92394      0.00000      0.00000      0.00000
MINI IMAGES>    786677.9033-3241171.3371       0.0000       0.0000       0.0000
MINI EWALD>      25580.9243-3723913.7545 3682966.4067       0.0000       0.0000
 ----------       ---------    ---------    ---------    ---------    ---------
 UPDECI: Image update at step         1

 <MKIMAT2>: updating the image atom lists and remapping
 Transformation   Atoms  Groups  Residues  Min-Distance
    1  C001 has     270      54      54        4.17
    2  C002 has    1370     274     274        0.19
    3  C003 has     230      46      46        2.95
    4  C004 has    1305     261     261        0.14
    5  C005 has    5640    1128    1128        0.14
    6  C006 has    1380     276     276        0.44
    7  C007 has    2902     545     545        0.12
    8  C008 has   12141    2322    2322        0.00
    9  C009 has    2927     562     562        0.12
   10  C010 has   12041    2281    2281        0.00
   12  C012 has     185      37      37        1.12
   13  C013 has    1455     291     291        0.78
   14  C014 has     270      54      54        3.80
 Total of78274 atoms and15017 groups and15017 residues were included

 <MAKGRP> found      0 image group exclusions.
 UPDECI: Nonbond update at step         1
 Generating nonbond list with Exclusion mode = 5
 == PRIMARY == SPACE FOR  6785646 ATOM PAIRS AND        0 GROUP PAIRS
 == IMAGES === SPACE FOR  1583943 ATOM PAIRS AND        0 GROUP PAIRS
Using Image CUBE search
  NBNDGCM found:
     5207131  atom pairs
     1220426  image atom pairs
           0  self atom pairs
    37647882 total atom  pairs
    13343663 total image pairs
 UPDECI: Image update at step        13

 <MKIMAT2>: updating the image atom lists and remapping
 Transformation   Atoms  Groups  Residues  Min-Distance
    1  C001 has     275      55      55        4.18
    2  C002 has    1360     272     272        0.20
    3  C003 has     230      46      46        2.79
    4  C004 has    1310     262     262        0.13
    5  C005 has    5640    1128    1128        0.09
    6  C006 has    1380     276     276        0.26
    7  C007 has    2892     543     543        0.00
    8  C008 has   12161    2323    2323        0.00
    9  C009 has    2927     562     562        0.00
   10  C010 has   12001    2270    2270        0.00
   12  C012 has     185      37      37        1.08
   13  C013 has    1450     290     290        0.75
   14  C014 has     270      54      54        2.53
 Total of78239 atoms and15004 groups and15004 residues were included

 <MAKGRP> found      0 image group exclusions.
 UPDECI: Nonbond update at step        13
 Generating nonbond list with Exclusion mode = 5
 == PRIMARY == SPACE FOR  6785646 ATOM PAIRS AND        0 GROUP PAIRS
 == IMAGES === SPACE FOR  1583943 ATOM PAIRS AND        0 GROUP PAIRS
Using Image CUBE search
  NBNDGCM found:
     5237353  atom pairs
     1202275  image atom pairs
           0  self atom pairs
    37693696 total atom  pairs
    13297823 total image pairs
 UPDECI: Image update at step        17

 <MKIMAT2>: updating the image atom lists and remapping
 Transformation   Atoms  Groups  Residues  Min-Distance
    1  C001 has     275      55      55        4.17
    2  C002 has    1360     272     272        0.20
    3  C003 has     230      46      46        2.76
    4  C004 has    1310     262     262        0.10
    5  C005 has    5635    1127    1127        0.06
    6  C006 has    1380     276     276        0.41
    7  C007 has    2885     541     541        0.00
    8  C008 has   12161    2323    2323        0.00
    9  C009 has    2912     559     559        0.00
   10  C010 has   11989    2267    2267        0.00
   12  C012 has     185      37      37        1.20
   13  C013 has    1440     288     288        0.74
   14  C014 has     270      54      54        3.58
 Total of78190 atoms and14993 groups and14993 residues were included

 <MAKGRP> found      0 image group exclusions.
 UPDECI: Nonbond update at step        17
 Generating nonbond list with Exclusion mode = 5
 == PRIMARY == SPACE FOR  6785646 ATOM PAIRS AND        0 GROUP PAIRS
 == IMAGES === SPACE FOR  1583943 ATOM PAIRS AND        0 GROUP PAIRS
Using Image CUBE search
  NBNDGCM found:
     5256529  atom pairs
     1203147  image atom pairs
           0  self atom pairs
    37699778 total atom  pairs
    13291991 total image pairs
MINI>       20  -13110.6316-2405810.6064      14.5551       0.0096
MINI INTERN>    15822.31612    964.29090      1.51273   1778.89333      0.00000
MINI EXTERN>    23467.57904 -25302.34806      0.00000      0.00000      0.00000
MINI IMAGES>     5574.64959  -3777.29196      0.00000      0.00000      0.00000
MINI EWALD>      11634.5730-3723913.7545 3680638.9482       0.0000       0.0000
 ----------       ---------    ---------    ---------    ---------    ---------
 UPDECI: Image update at step        21

 <MKIMAT2>: updating the image atom lists and remapping
 Transformation   Atoms  Groups  Residues  Min-Distance
    1  C001 has     285      57      57        4.11
    2  C002 has    1360     272     272        0.21
    3  C003 has     230      46      46        2.74
    4  C004 has    1310     262     262        0.06
    5  C005 has    5630    1126    1126        0.01
    6  C006 has    1380     276     276        0.38
    7  C007 has    2885     541     541        0.00
    8  C008 has   12149    2320    2320        0.00
    9  C009 has    2902     557     557        0.00
   10  C010 has   11969    2263    2263        0.00
   12  C012 has     185      37      37        1.17
   13  C013 has    1440     288     288        0.74
   14  C014 has     270      54      54        3.72
 Total of78153 atoms and14985 groups and14985 residues were included

 <MAKGRP> found      0 image group exclusions.
 UPDECI: Nonbond update at step        21
 Generating nonbond list with Exclusion mode = 5
 == PRIMARY == SPACE FOR  6785646 ATOM PAIRS AND        0 GROUP PAIRS
 == IMAGES === SPACE FOR  1583943 ATOM PAIRS AND        0 GROUP PAIRS
Using Image CUBE search
  NBNDGCM found:
     5254345  atom pairs
     1200879  image atom pairs
           0  self atom pairs
    37708850 total atom  pairs
    13282511 total image pairs
MINI>       40 -34758.80269  21648.17110     78.06904      0.00080
MINI INTERN>    19351.67687   1069.38575      1.10023   1776.54032      0.00000
MINI EXTERN>    16802.15734 -38766.03727      0.00000      0.00000      0.00000
MINI IMAGES>     3414.67884  -4084.37211      0.00000      0.00000      0.00000
MINI EWALD>       9226.2581-3723913.7545 3680363.5638       0.0000       0.0000
 ----------       ---------    ---------    ---------    ---------    ---------
MINI>       60-313375.54415 278616.74145 272635.93242      0.00003
MINI INTERN>    18906.64105   1060.06710      1.09980   1776.53707      0.00000
MINI EXTERN>    16488.36029-316563.60462      0.00000      0.00000      0.00000
MINI IMAGES>     3408.21557  -4085.81172      0.00000      0.00000      0.00000
MINI EWALD>       9178.6528-3723913.7545 3680368.0530       0.0000       0.0000
 ----------       ---------    ---------    ---------    ---------    ---------
MINI>       80  -20350010.3   20036634.8 1426747026.1          0.0
MINI INTERN>    18902.24673   1060.06701      1.09980   1776.53706      0.00000
MINI EXTERN>      16487.130-20353192.479        0.000        0.000        0.000
MINI IMAGES>     3408.21592  -4085.78441      0.00000      0.00000      0.00000
MINI EWALD>       9178.2990-3723913.7545 3680368.1052       0.0000       0.0000
 ----------       ---------    ---------    ---------    ---------    ---------
MINI>      100  -137658770.   117308760. 14258680783.           0.
MINI INTERN>    18902.30847   1060.06701      1.09980   1776.53706      0.00000
MINI EXTERN>       16487.15-137661952.30         0.00         0.00         0.00
MINI IMAGES>     3408.21591  -4085.78479      0.00000      0.00000      0.00000
MINI EWALD>       9178.3039-3723913.7545 3680368.1045       0.0000       0.0000
 ----------       ---------    ---------    ---------    ---------    ---------

 STEEPD> Minimization exiting with number of steps limit (       100) exceeded.

STPD MIN: Cycle      ENERgy      Delta-E         GRMS    Step-size
STPD INTERN:          BONDs       ANGLes       UREY-b    DIHEdrals    IMPRopers
STPD EXTERN:        VDWaals         ELEC       HBONds          ASP         USER
STPD IMAGES:        IMNBvdw       IMELec       IMHBnd       RXNField    EXTElec
STPD EWALD:          EWKSum       EWSElf       EWEXcl       EWQCor       EWUTil
 ----------       ---------    ---------    ---------    ---------    ---------
STPD>      100  -137658770.   117308760. 14258680783.           0.
STPD INTERN>    18902.30847   1060.06701      1.09980   1776.53706      0.00000
STPD EXTERN>       16487.15-137661952.30         0.00         0.00         0.00
STPD IMAGES>     3408.21591  -4085.78479      0.00000      0.00000      0.00000
STPD EWALD>       9178.3039-3723913.7545 3680368.1045       0.0000       0.0000
 ----------       ---------    ---------    ---------    ---------    ---------
  
 CHARMM>    mini ABNR nstep 100 nprint 20

 SELECTED IMAGES ATOMS BEING CENTERED ABOUT  0.000000  0.000000  0.000000
 RESIDUE   56 OPERATED ON BY TRANSFORMATION C008
 RESIDUE 6412 OPERATED ON BY TRANSFORMATION C022

 <MKIMAT2>: updating the image atom lists and remapping
 Transformation   Atoms  Groups  Residues  Min-Distance
    1  C001 has     285      57      57        4.18
    2  C002 has    1355     271     271        0.22
    3  C003 has     225      45      45        2.80
    4  C004 has    1310     262     262        0.02
    5  C005 has    5640    1128    1128        0.00
    6  C006 has    1380     276     276        0.33
    7  C007 has    2885     541     541        0.06
    8  C008 has   12167    2323    2323        0.00
    9  C009 has    2897     556     556        0.00
   10  C010 has   11969    2263    2263        0.00
   12  C012 has     185      37      37        1.13
   13  C013 has    1440     288     288        0.74
   14  C014 has     270      54      54        3.71
 Total of78166 atoms and14987 groups and14987 residues were included

 <MAKGRP> found      0 image group exclusions.

 NONBOND OPTION FLAGS: 
     ELEC     VDW      ATOMs    CDIElec  SWITch   VATOm    VSWItch 
     BYCB     NOEXtnd  EWALd   
 CUTNB  = 16.000 CTEXNB =999.000 CTONNB = 10.000 CTOFNB = 12.000
 CGONNB =  0.000 CGOFNB = 10.000
 WMIN   =  1.000 WRNMXD =  0.500 E14FAC =  1.000 EPS    =  1.000
 NBXMOD =      5
 PME EWALD OPTIONS: KAPPA  =  0.340  QCOR =  0.000  Bspline order = 6
 FFTX=  60  FFTY=  60  FFTZ= 120
                Using FFTW
                Real-to-Complex FFT
                Using Column FFT 
 There are  5254345 atom  pairs and    83516 atom  exclusions.
 There are        0 group pairs and        0 group exclusions.
 Generating nonbond list with Exclusion mode = 5
 == PRIMARY == SPACE FOR  6785646 ATOM PAIRS AND        0 GROUP PAIRS
 == IMAGES === SPACE FOR  1583943 ATOM PAIRS AND        0 GROUP PAIRS
Using Image CUBE search
  NBNDGCM found:
     5208024  atom pairs
     1210325  image atom pairs
           0  self atom pairs
    37718814 total atom  pairs
    13272445 total image pairs


 ABNER> An energy minimization has been requested.

 EIGRNG =    0.0005000   MINDIM =            5
 NPRINT =           20   NSTEP  =          100
 PSTRCT =    0.0000000   SDSTP  =    0.0200000
 STPLIM =    1.0000000   STRICT =    0.1000000
 TOLFUN =    0.0000000   TOLGRD =    0.0000000
 TOLITR =          100   TOLSTP =    0.0000000
 FMEM   =    0.0000000
MINI MIN: Cycle      ENERgy      Delta-E         GRMS    Step-size
MINI INTERN:          BONDs       ANGLes       UREY-b    DIHEdrals    IMPRopers
MINI EXTERN:        VDWaals         ELEC       HBONds          ASP         USER
MINI IMAGES:        IMNBvdw       IMELec       IMHBnd       RXNField    EXTElec
MINI EWALD:          EWKSum       EWSElf       EWEXcl       EWQCor       EWUTil
 ----------       ---------    ---------    ---------    ---------    ---------
MINI>        0  -137658770.           0. 43118561545.           0.
MINI INTERN>    18902.30073   1060.06701      1.09980   1776.53706      0.00000
MINI EXTERN>       16469.11-137661967.11         0.00         0.00         0.00
MINI IMAGES>     3426.25247  -4070.98412      0.00000      0.00000      0.00000
MINI EWALD>       9178.3033-3723913.7545 3680368.1046       0.0000       0.0000
 ----------       ---------    ---------    ---------    ---------    ---------
MINI>       20  -1351954.67-136306815.40   6016879.15         0.00
MINI INTERN>    18900.86451   1060.04267      1.09979   1776.53696      0.00000
MINI EXTERN>     16468.7721-1355149.7436       0.0000       0.0000       0.0000
MINI IMAGES>     3426.22863  -4070.98885      0.00000      0.00000      0.00000
MINI EWALD>       9178.1456-3723913.7545 3680368.1239       0.0000       0.0000
 ----------       ---------    ---------    ---------    ---------    ---------
MINI>       40  -32176446.2   30824491.5 3571123361.8          0.0
MINI INTERN>    18902.26874   1060.06701      1.09980   1776.53706      0.00000
MINI EXTERN>      16469.099-32179643.177        0.000        0.000        0.000
MINI IMAGES>     3426.25247  -4070.98392      0.00000      0.00000      0.00000
MINI EWALD>       9178.3007-3723913.7545 3680368.1050       0.0000       0.0000
 ----------       ---------    ---------    ---------    ---------    ---------
MINI>       60  -137658770.   105482324. 23570806521.           0.
MINI INTERN>    18902.29718   1060.06656      1.09980   1776.53706      0.00000
MINI EXTERN>       16469.11-137661967.19         0.00         0.00         0.00
MINI IMAGES>     3426.25203  -4070.98432      0.00000      0.00000      0.00000
MINI EWALD>       9178.3022-3723913.7545 3680368.1047       0.0000       0.0000
 ----------       ---------    ---------    ---------    ---------    ---------
MINI>       80 -137658770.2          0.0 4505346194.0          0.0
MINI INTERN>    18902.29527   1060.06650      1.09980   1776.53706      0.00000
MINI EXTERN>       16469.11-137661967.20         0.00         0.00         0.00
MINI IMAGES>     3426.25197  -4070.98432      0.00000      0.00000      0.00000
MINI EWALD>       9178.3021-3723913.7545 3680368.1047       0.0000       0.0000
 ----------       ---------    ---------    ---------    ---------    ---------
MINI>      100-137658770.20         0.02 485490630.20         0.00
MINI INTERN>    18902.29322   1060.06640      1.09980   1776.53706      0.00000
MINI EXTERN>       16469.11-137661967.22         0.00         0.00         0.00
MINI IMAGES>     3426.25187  -4070.98436      0.00000      0.00000      0.00000
MINI EWALD>       9178.3018-3723913.7545 3680368.1048       0.0000       0.0000
 ----------       ---------    ---------    ---------    ---------    ---------

 ABNER> Minimization exiting with number of steps limit (  100) exceeded.

ABNR MIN: Cycle      ENERgy      Delta-E         GRMS    Step-size
ABNR INTERN:          BONDs       ANGLes       UREY-b    DIHEdrals    IMPRopers
ABNR EXTERN:        VDWaals         ELEC       HBONds          ASP         USER
ABNR IMAGES:        IMNBvdw       IMELec       IMHBnd       RXNField    EXTElec
ABNR EWALD:          EWKSum       EWSElf       EWEXcl       EWQCor       EWUTil
 ----------       ---------    ---------    ---------    ---------    ---------
ABNR>      100-137658770.20         0.02 485490630.20         0.00
ABNR INTERN>    18902.29322   1060.06640      1.09980   1776.53706      0.00000
ABNR EXTERN>       16469.11-137661967.22         0.00         0.00         0.00
ABNR IMAGES>     3426.25187  -4070.98436      0.00000      0.00000      0.00000
ABNR EWALD>       9178.3018-3723913.7545 3680368.1048       0.0000       0.0000
 ----------       ---------    ---------    ---------    ---------    ---------
  
 CHARMM>     
  
 CHARMM>    open write unit 10 card name ../@ion_@mol_files/@ion_@mol_@conc.mini.pdb
 Parameter: ION -> "MG"
 Parameter: MOL -> "DMP"
 Parameter: ION -> "MG"
 Parameter: MOL -> "DMP"
 Parameter: CONC -> "1"
 OPNLGU> Unit already open. The old file will be closed first.
 VCLOSE: Closing unit   10 with status "KEEP"
 VOPEN> Attempting to open::../mg_dmp_files/mg_dmp_1.mini.pdb::
 OPNLGU> Unit 10 opened for WRITE access to ../mg_dmp_files/mg_dmp_1.mini.pdb
  
 CHARMM>    write coor unit 10 pdb
 RDTITL>  
 RDTITL> No title read.
  Write CHARMM-pdb format
  
 CHARMM>     
  
 CHARMM>    open write unit 10 card name ../@ion_@mol_files/@ion_@mol_@conc.mini.crd
 Parameter: ION -> "MG"
 Parameter: MOL -> "DMP"
 Parameter: ION -> "MG"
 Parameter: MOL -> "DMP"
 Parameter: CONC -> "1"
 OPNLGU> Unit already open. The old file will be closed first.
 VCLOSE: Closing unit   10 with status "KEEP"
 VOPEN> Attempting to open::../mg_dmp_files/mg_dmp_1.mini.crd::
 OPNLGU> Unit 10 opened for WRITE access to ../mg_dmp_files/mg_dmp_1.mini.crd
  
 CHARMM>    write coor unit 10 card
 RDTITL>  
 RDTITL> No title read.
 VCLOSE: Closing unit   10 with status "KEEP"
  
 CHARMM>     
  
 CHARMM>    stop
      $$$$$$  New timer profile Local node$$$$$
   Shake Setup                     0.01 Other:            0.00
   Shake time                      0.84 Other:            0.00
      Image Update                    0.09 Other:            0.00
      xdistm setup                    0.01 Other:            0.00
      xdistm Build list               2.28 Other:            0.00
      Heuristic check                 1.94 Other:            0.00
      NBONDS                          1.02 Other:            0.00
   List time                       5.33 Other:            0.00
            Direct Ewald time              44.83 Other:            0.00
         Ewald time                     48.79 Other:            3.96
      Nonbond force                  49.10 Other:            0.31
         Bond energy                     0.05 Other:            0.00
         Angle energy                    0.03 Other:            0.00
         Dihedral energy                 0.01 Other:            0.00
         Restraints energy               0.00 Other:            0.00
      INTRNL energy                   0.33 Other:            0.23
      Comm energy                     0.01 Other:            0.00
      Comm force                      0.39 Other:            0.00
         Fill charge grid                0.81 Other:            0.00
         Scalar sum                      0.15 Other:            0.00
         Grad sum                        0.74 Other:            0.00
            FFTcomm                         1.50 Other:            0.00
         FFT                             1.90 Other:            0.40
      Recip Ewald time                3.95 Other:            0.35
   Energy time                    53.78 Other:            0.00
 Total time                     63.11 Other:            3.14
         $$$$$$  Average   profile $$$$$
   Shake Setup                     0.01 Other:            0.00
   Shake time                      0.85 Other:            0.00
      Image Update                    0.17 Other:            0.00
      xdistm setup                    0.01 Other:            0.00
      xdistm Build list               2.26 Other:            0.00
      Heuristic check                 0.53 Other:            0.00
      NBONDS                          0.94 Other:            0.00
   List time                       5.33 Other:            0.00
            Direct Ewald time              44.30 Other:            0.00
         Ewald time                     48.66 Other:            3.83
      Nonbond force                  48.92 Other:            0.13
         Bond energy                     0.10 Other:            0.00
         Angle energy                    0.04 Other:            0.00
         Dihedral energy                 0.01 Other:            0.00
         Restraints energy               0.00 Other:            0.00
      INTRNL energy                   0.68 Other:            0.58
      Comm energy                     0.01 Other:            0.00
      Comm force                      0.37 Other:            0.00
         Fill charge grid                0.91 Other:            0.00
         Scalar sum                      0.16 Other:            0.00
         Grad sum                        0.84 Other:            0.00
            FFTcomm                         1.63 Other:            0.00
         FFT                             2.10 Other:            0.60
      Recip Ewald time                4.36 Other:            0.76
   Energy time                    53.78 Other:            0.00
 Total time                     63.11 Other:            3.14

                    NORMAL TERMINATION BY NORMAL STOP
                    MOST SEVERE WARNING WAS AT LEVEL  2

                    $$$$$ JOB ACCOUNTING INFORMATION $$$$$
                     ELAPSED TIME:     1.05  MINUTES 
                         CPU TIME:     1.05  MINUTES 
