 Parameter: ION <- "MG"
 Parameter: MOL <- "DMP"
 Parameter: CONC <- "2"
1
                 Chemistry at HARvard Macromolecular Mechanics
           (CHARMM) - Developmental Version 44b2   February 15, 2020            
                                Revision unknown                                
       Copyright(c) 1984-2014  President and Fellows of Harvard College
                              All Rights Reserved
       Current operating system: Linux-4.9.0-11-amd64(x86_64)@n079[+  7]        
                 Created on  6/8/21 at 14:39:35 by user: akognole    

            Maximum number of ATOMS:    360720, and RESidues:      120240
 RDTITL> * MINIMIZE DRUDE PARTICLES
 RDTITL> *
  
 CHARMM>     
  
 CHARMM>    dimension maxres 2000000 maxaim 12000000 maxgrp 2000000
Size      Original         New
MAXA        360720      360720
MAXB        360720      360720
MAXT        721440      721440
MAXP       1082160     1082160
MAXIMP      180360      180360
MAXNB        90180       90180
MAXPAD      360720      360720
MAXRES      120240     2000000
MAXSEG       45090       45090
MAXATC        1400
MAXCB         3000
MAXCT        50000
MAXCP        20000
MAXCI         1200
MAXCH         6400
MAXCN       502503
MAXCRT      120240      120240
  
 CHARMM>     
  
 CHARMM>    ! Read topology and parameter files
 CHARMM>    set toppar ../toppar_drude
 Parameter: TOPPAR <- "../TOPPAR_DRUDE"
  
 CHARMM>    stream @toppar/toppar_drude_master_protein_2020b.str
 Parameter: TOPPAR -> "../TOPPAR_DRUDE"
 VOPEN> Attempting to open::../toppar_drude/toppar_drude_master_protein_2020b.str::
 OPNLGU> Unit 99 opened for READONLY access to ../toppar_drude/toppar_drude_master_protein_2020b.str

                    INPUT STREAM SWITCHING TO UNIT    99
 RDTITL> * DRUDE MASTER TOPOLOGY AND PARAMETER STREAM FILE
 RDTITL> * INCLUDES WATER, 2013
 RDTITL> * IONS UPDATED, JUNE 2018
 RDTITL> * NUCLEIC ACID/CARBOHYDRATE/LIPID UPDATE JANUARY 2017
 RDTITL> * OPT MOLECULAR IONS, FYLIN 2018
 RDTITL> * HALOGEN AND NBFIX TERMS, FYLIN 2018
 RDTITL> * UPDATED PROTEIN FF WITH OPT ALPHA/THOLE, FYLIN 2018
 RDTITL> *
 Parameter: IN1 <- "" <empty>
  
 CHARMM>     
  
 CHARMM>    ioformat extended
 MISCOM> Expanded I/O format is used.
  
 CHARMM>     
  
 CHARMM>    !This file must be streamed prior to additional Drude FF toppar stream files
 CHARMM>    !and it includes parameters for the model compounds (toppar_drude_model*.str)
 CHARMM>     
  
 CHARMM>    !references
 CHARMM>    !
 CHARMM>    !Proteins
 CHARMM>    !Lopes, P.E.M., Huang, J., Shim, J., Luo, Y., Li, H., Roux, B., and
 CHARMM>    !MacKerell, A.D., Jr., "Polarizable Force Field for Peptides and
 CHARMM>    !Proteins based on the Classical Drude Oscillator," Journal of
 CHARMM>    !Chemical Theory and Computation, 9: 5430-5449, 2013 DOI:
 CHARMM>    !10.1021/ct400781b, NIHMS53671
 CHARMM>    !
 CHARMM>    !water
 CHARMM>    !SWM4-NDP, negative Drude (this will be the default model): Lamoureux,
 CHARMM>    !G., Harder, E., Vorobyov, I.V., Deng, Y., Roux, B. MacKerell, A.D.,
 CHARMM>    !Jr., A polarizable model of water for molecular dynamics simulations
 CHARMM>    !of biomolecules, Chemical Physics Letters, 2006, 418: 245-249.
 CHARMM>    !
 CHARMM>    !SWM6: Wenbo Yu, Pedro E. M. Lopes, Benoit Roux and Alexander
 CHARMM>    !D. MacKerell, Jr.  "Six-site Polarizable Model of Water Based on the
 CHARMM>    !Classical Drude Oscillator" Journal of Chemical Physics, 138: 034508,
 CHARMM>    !2013
 CHARMM>     
  
 CHARMM>    !atomic ions
 CHARMM>    !Yu, H., Whitfield, T.W., Harder, E., Lamoureux, G., Vorobyov, I.,
 CHARMM>    !Anisimov, V. M., MacKerell, A.D., Jr., and Roux, B. "Simulating
 CHARMM>    !Monovalent and Divalent Ions in Aqueous Solution Using a Drude
 CHARMM>    !Polarizable Force Field," Journal of Chemical Theory and Computation,
 CHARMM>    !6: 774-786, 2010
 CHARMM>    !
 CHARMM>    !Luo, Y., Jiang, W., Yu, H., MacKerell, A.D., Jr., and Roux, B.,
 CHARMM>    !"Simulation study of ion pairing in concentrated aqueous salt
 CHARMM>    !solutions with a polarizable force field," Faraday Discussions, 160,
 CHARMM>    !135-149, 2013, PMC3695446
 CHARMM>    !
 CHARMM>    !Lemkul, J.A. and MacKerell, A.D., Jr. "Balancing the Interactions of
 CHARMM>    !Mg2+ in Aqueous Solution and with Nucleic Acid Moieties For a Polarizable
 CHARMM>    !Force Field Based on the Classical Drude Oscillator Model," J. Phys. Chem B,
 CHARMM>    !120, 11436-11448, 2016, PMC5148688
 CHARMM>     
  
 CHARMM>    ! note use of D for second character to indicate Drude
 CHARMM>    ! polarizable FF (be careful of Cadmium: use CDM)
 CHARMM>     
  
 CHARMM>    ! Parameter labeling after !
 CHARMM>    ! RESName, generic compound name of model compound followed by additional comments
 CHARMM>    ! for example ! BENZ, benzene, based on crystal survey data
 CHARMM>     
  
 CHARMM>    !Formatting information
 CHARMM>    !RTF section: please use the following format for future residues, including the spacing
 CHARMM>    !(and please clean a few up of the residues not in this format if you so desire....)
 CHARMM>     
  
 CHARMM>    !RESI ALA           0.000
 CHARMM>    !ATOM N    ND2A2   -0.427  ALPHA -1.056  THOLE 0.711
 CHARMM>    !BOND A1     A2     A3     A4     A5     A6     A7     A8
 CHARMM>    !IMPR A1     A2     A3     A4
 CHARMM>    !CMAP A1     A2     A3     A4     A1     A2     A3     A4
 CHARMM>    !LONEPAIR relative A1       A2       A3      A4       distance 0.30 angle 91.00 dihe 180.00
 CHARMM>    !ANISOTROPY        A1       A2       A3      A4       A11 0.6968  A22 1.2194
 CHARMM>    !IC A1     A2     A3     A4       1.3474  124.31  180.00  114.26   0.9979
 CHARMM>     
  
 CHARMM>    !parameter section
 CHARMM>    !bond
 CHARMM>    !CD32E    OD30A    360.00      1.415 ! comment
 CHARMM>    !angles
 CHARMM>    !HDA1A    CD31A    CD31A     34.50    110.10 ! comment
 CHARMM>    !HDA1A    CD31A    CD31A     34.50    110.10   22.53   2.1790 ! comment
 CHARMM>    !dihedrals
 CHARMM>    !CD2O1A   ND2A2    CD31C    CD2O2A      0.000   3   180.00 ! comment
 CHARMM>    !impropers
 CHARMM>    !CD2O1A   CD31A    ND2A2    OD2C1A    120.000   0     0.00 ! comment
 CHARMM>    !nonbond (LJ)
 CHARMM>    !HDW      0.0   -0.0000     0.0000 ! comment
 CHARMM>    !nbfix
 CHARMM>    !CD30A   ODW    -0.00500	 4.04699 ! comment
 CHARMM>     
  
 CHARMM>    !ioformat extended
 CHARMM>     
  
 CHARMM>    read rtf card !append
 MAINIO> Residue topology file being read from unit  99.
 RDTITL> * TOPOLOGY FOR DRUDE WATER, IONS AND PROTEINS
 RDTITL> *

 DRUDES PARTICLES WILL BE GENERATED AUTOMATICALLY FOR ALL ATOMS WITH NON-ZERO ALPHA
 Thole-type dipole screening, Slater-Delta shape {S(u) = 1 - (1+u/2)*exp(-u)}, default radius =  1.300000
  
 CHARMM>     
  
 CHARMM>    read para card !append

          PARAMETER FILE BEING READ FROM UNIT 99
 RDTITL> * DRUDE POLARIZABLE FF PARAMETERS
 RDTITL> *

 PARRDR> WARNING: ATOMS IN BOND X        DRUD      500.00000   0.00000 DONT EXIST
 PARMIO> NONBOND, HBOND lists and IMAGE atoms cleared.
  
 CHARMM>     
  
 VCLOSE: Closing unit   99 with status "KEEP"

                    RETURNING TO INPUT STREAM     5
  
 CHARMM>    stream @toppar/toppar_drude_nucleic_acid_2020b.str
 Parameter: TOPPAR -> "../TOPPAR_DRUDE"
 VOPEN> Attempting to open::../toppar_drude/toppar_drude_nucleic_acid_2020b.str::
 OPNLGU> Unit 99 opened for READONLY access to ../toppar_drude/toppar_drude_nucleic_acid_2020b.str

                    INPUT STREAM SWITCHING TO UNIT    99
 RDTITL> * DRUDE TOPOLOGY AND PARAMETER STREAM FILE
 RDTITL> * NUCLEIC ACIDS
 RDTITL> *
 Parameter: IN1 <- "" <empty>
  
 CHARMM>     
  
 CHARMM>    !requires toppar_drude_master*.str
 CHARMM>     
  
 CHARMM>    !nucleic acids
 CHARMM>     
  
 CHARMM>    !references
 CHARMM>    !
 CHARMM>    !Lemkul, J.A. and MacKerell, A.D., Jr., "Polarizable Force Field for
 CHARMM>    !DNA Based on the Classical Drude Oscillator: I. Refinement using
 CHARMM>    !Quantum Mechanical Base Stacking and Conformational Energetics,"
 CHARMM>    !J. Chem. Theory Comput., 13; 2053-2071, 2017, DOI: 10.1021/acs.jctc.7b00067
 CHARMM>    !
 CHARMM>    !Lemkul, J.A. and MacKerell, A.D., Jr., "Polarizable Force Field for
 CHARMM>    !DNA Based on the Classical Drude Oscillator: II. Microsecond Molecular
 CHARMM>    !Dynamics Simulations of Duplex DNA," J. Chem. Theory Comput.,
 CHARMM>    !13; 2072-2085, 2017, DOI: 10.1021/acs.jctc.7b00068
 CHARMM>    !
 CHARMM>    !Savelyev, A. and MacKerell, A.D., Jr., "All-Atom Polarizable Force
 CHARMM>    !Field for DNA Based on the Classical Drude Oscillator Model," Journal
 CHARMM>    !of Computational Chemistry, 35; 1219-1239, 2014, DOI: 10.1002/jcc.23611,
 CHARMM>    !NIHMSID #585697
 CHARMM>    !
 CHARMM>    !RNA
 CHARMM>    !Lemkul, J.A. and MacKerell, A.D., Jr., "Polarizable Force Field for
 CHARMM>    !RNA Based on the Classical Drude Oscillator," J. Comput. Chem.,
 CHARMM>    !39, 2624–2646, 2018, DOI: 10.1002/jcc.25709, NIHMSID #990779
 CHARMM>    !
 CHARMM>    !Nucleic Acid Bases
 CHARMM>    !Baker, C.M., Anisimov, V.M., and MacKerell, A.D., Jr., "Development of
 CHARMM>    !CHARMM Polarizable Force Field for Nucleic Acid Bases Based on the
 CHARMM>    !Classical Drude Oscillator Model," Journal of Physical Chemistry B,
 CHARMM>    !115; 580-596, 2011, PMC3166616
 CHARMM>    !
 CHARMM>     
  
 CHARMM>    read rtf card append
 MAINIO> Residue topology file being read from unit  99.
 RDTITL> * TOPOLOGY FOR DRUDE NUCLEIC ACIDS
 RDTITL> *

 DRUDES PARTICLES WILL BE GENERATED AUTOMATICALLY FOR ALL ATOMS WITH NON-ZERO ALPHA
 Thole-type dipole screening, Slater-Delta shape {S(u) = 1 - (1+u/2)*exp(-u)}, default radius =  1.300000
  
 CHARMM>     
  
 CHARMM>    read para card append

          PARAMETER FILE BEING READ FROM UNIT 99
 RDTITL> * DRUDE POLARIZABLE FF PARAMETERS
 RDTITL> *
 PARMIO> NONBOND, HBOND lists and IMAGE atoms cleared.
  
 VCLOSE: Closing unit   99 with status "KEEP"

                    RETURNING TO INPUT STREAM     5
  
 CHARMM>    stream @toppar/toppar_drude_lipid_2020b.str
 Parameter: TOPPAR -> "../TOPPAR_DRUDE"
 VOPEN> Attempting to open::../toppar_drude/toppar_drude_lipid_2020b.str::
 OPNLGU> Unit 99 opened for READONLY access to ../toppar_drude/toppar_drude_lipid_2020b.str

                    INPUT STREAM SWITCHING TO UNIT    99
 RDTITL> * DRUDE TOPOLOGY AND PARAMETER STREAM FILE FOR LIPIDS
 RDTITL> *
 Parameter: IN1 <- "" <empty>
  
 CHARMM>     
  
 CHARMM>    !requires toppar_drude_master*.str
 CHARMM>     
  
 CHARMM>    !ioformat extended
 CHARMM>     
  
 CHARMM>    !lipids
 CHARMM>     
  
 CHARMM>    !The following dihedral parameter is commented out below.
 CHARMM>    !For lipid simulations comment out this term below and
 CHARMM>    !comment the corresponding parameter in the master_protein
 CHARMM>    !toppar file.  Use of the following parameters with proteins
 CHARMM>    !will alter the conformational sampling of Lys sidechains
 CHARMM>    !
 CHARMM>    !1,2,3 fold terms differ from master file
 CHARMM>    !currently these parameters are being used as the default, although this impacts the long
 CHARMM>    !chain aliphatics and Lys sidechain in proteins.
 CHARMM>    !
 CHARMM>    !CD32A    CD32A    CD32A    CD32A       0.005    1   180.00 ! HEXA/HEPT, Hui-2015 protein: 0.073    1     0.00
 CHARMM>    !CD32A    CD32A    CD32A    CD32A       0.104    2     0.00 ! HEXA/HEPT, Hui-2015          0.043    2     0.00
 CHARMM>    !CD32A    CD32A    CD32A    CD32A       0.058    3   180.00 ! HEXA/HEPT, Hui-2015          0.119    3   180.00
 CHARMM>    !CD32A    CD32A    CD32A    CD32A       0.098    4     0.00 ! HEXA/HEPT, Hui-2015          0.098    4     0.00
 CHARMM>    !CD32A    CD32A    CD32A    CD32A       0.046    5     0.00 ! HEXA/HEPT, Hui-2015          0.046    5     0.00
 CHARMM>     
  
 CHARMM>    !references
 CHARMM>    !
 CHARMM>    !Li, H., Chowdhary, J., Huang, L., He, X, MacKerell, A.D., Jr., and
 CHARMM>    !Roux, B, "Drude Polarizable Force Field for Molecular Dynamics
 CHARMM>    !Simulations of Saturated and Unsaturated Zwitterionic Lipids,"
 CHARMM>    !In preparation, 2017.
 CHARMM>    !
 CHARMM>    !
 CHARMM>    !Chowdhary, J., Harder, E., Lopes, P.E.M., MacKerell, Jr., A.D, and
 CHARMM>    !Roux, B., “A Polarizable Model for Phosphatidylcholine-Containing
 CHARMM>    !Biological Membranes,” Journal of Physical Chemistry, B.,117:
 CHARMM>    !9142-9160, 2013.
 CHARMM>     
  
 CHARMM>    read rtf card append
 MAINIO> Residue topology file being read from unit  99.
 RDTITL> * TOPOLOGY FOR DRUDE LIPIDS
 RDTITL> *

 DRUDES PARTICLES WILL BE GENERATED AUTOMATICALLY FOR ALL ATOMS WITH NON-ZERO ALPHA
 Thole-type dipole screening, Slater-Delta shape {S(u) = 1 - (1+u/2)*exp(-u)}, default radius =  1.300000
  
 CHARMM>     
  
 CHARMM>    read para card append

          PARAMETER FILE BEING READ FROM UNIT 99
 RDTITL> * DRUDE POLARIZABLE FF PARAMETERS
 RDTITL> *
 PARMIO> NONBOND, HBOND lists and IMAGE atoms cleared.
  
 VCLOSE: Closing unit   99 with status "KEEP"

                    RETURNING TO INPUT STREAM     5
  
 CHARMM>    !stream @toppar/toppar_drude_carbohydrate_2020b.str
 CHARMM>    stream @toppar/toppar_drude_model_2020b.str
 Parameter: TOPPAR -> "../TOPPAR_DRUDE"
 VOPEN> Attempting to open::../toppar_drude/toppar_drude_model_2020b.str::
 OPNLGU> Unit 99 opened for READONLY access to ../toppar_drude/toppar_drude_model_2020b.str

                    INPUT STREAM SWITCHING TO UNIT    99
 RDTITL> * DRUDE TOPOLOGY AND PARAMETER STREAM FILE FOR SMALL MODEL COMPOUNDS
 RDTITL> *
 Parameter: IN1 <- "" <empty>
  
 CHARMM>     
  
 CHARMM>    !requires toppar_drude_master*.str
 CHARMM>     
  
 CHARMM>    !model compounds
 CHARMM>     
  
 CHARMM>    !references
 CHARMM>    !Alkanes
 CHARMM>    !Igor V. Vorobyov, Victor M. Anisimov and Alexander D. MacKerell,
 CHARMM>    !Jr. "Polarizable Empirical Force Field for Alkanes Based on the
 CHARMM>    !Classical Drude Oscillator Model," Journal of Physical Chemistry B,
 CHARMM>    !109: 18988-18999, 2005.
 CHARMM>    !
 CHARMM>    !Anisotropic polarizability model
 CHARMM>    !Harder, E., Anisimov, V.M., Vorobyov, I.V., Lopes, P.E., Noskov, S.,
 CHARMM>    !MacKerell, A.D., Jr.  and Roux, B. Atomic Level Anisotropy in the
 CHARMM>    !Electrostatic Modeling of Lone Pairs for a Polarizable Force Field
 CHARMM>    !based on the Classical Drude Oscillator, Journal of Chemical Theory
 CHARMM>    !and Computation, 2: 1587-1597, 2006
 CHARMM>    !
 CHARMM>    !Ethers
 CHARMM>    !
 CHARMM>    !Vorobyov, I.V., Anisimov, V.M., Greene, S., Venable, R.M., Moser, A.,
 CHARMM>    !Pastor, R.W. and MacKerell, A.D., Jr., Additive and Classical Drude
 CHARMM>    !Polarizable Force Fields for Linear and Cyclic Ethers, Journal of
 CHARMM>    !Chemical Theory and Computation, 3: 1120-1133, 2007.
 CHARMM>    !
 CHARMM>    !Baker, C. and MacKerell, Jr. A.D., “Polarizability Rescaling and
 CHARMM>    !atom-based Thole Scaling in the CHARMM Drude Polarizable Force Field
 CHARMM>    !for Ethers” Journal of Molecular Modeling, 16: 567-576, 2010,
 CHARMM>    !PMC2818097
 CHARMM>     
  
 CHARMM>    !Sulfur containing compounds
 CHARMM>    !Zhu, X. and MacKerell, A.D., Jr. “Polarizable Empirical Force Field
 CHARMM>    !for Sulfur-Containing Compounds Based on the Classical Drude
 CHARMM>    !Oscillator Model,” Journal of Computational Chemistry, 12: 2330-2341,
 CHARMM>    !2010. PMC2923574
 CHARMM>    !
 CHARMM>    !Alcohols
 CHARMM>    !Anisimov, V.M., Vorobyov, I.V., Roux, B., and MacKerell, A.D., Jr.
 CHARMM>    !Polarizable empirical force field for the primary and secondary
 CHARMM>    !alcohol series based on the classical Drude model. Journal of Chemical
 CHARMM>    !Theory and Computation, 3, 1927-1946, 2007.
 CHARMM>     
  
 CHARMM>    !Amides
 CHARMM>    !Harder, E., Anisimov, V.M., Whitfield, T., MacKerell, A.D., Jr., Roux,
 CHARMM>    !B. "Understanding the Dielectric Properties of Liquid Amides from a
 CHARMM>    !Polarizable Force Field," Journal of Physical Chemistry,
 CHARMM>    !112:3509-3521. 2008, PMID: 18302362
 CHARMM>    !
 CHARMM>    !Final amide model used on 2013 protein FF
 CHARMM>    !Lin, B., Lopes, P.E.M., Roux, B., and MacKerell, A.D., Jr.,
 CHARMM>    !“Kirkwood-Buff Analysis of Aqueous N-Methylacetamide and Acetamide
 CHARMM>    !Solutions Modeled by the CHARMM Additive and Drude Polarizable Force
 CHARMM>    !Fields,” Journal of Chemical Physics, 139: 084509, 2013, PMC3772949
 CHARMM>    !
 CHARMM>    !Aromatics
 CHARMM>    !Lopes, P., Lamoureux, G., Roux, B., MacKerell, A.D., Jr., "Polarizable
 CHARMM>    !Empirical Force Field for Aromatic Compounds Based on the Classical
 CHARMM>    !Drude Oscillator," Journal of Physical Chemistry, B. 111:2873-2885,
 CHARMM>    !2007
 CHARMM>    !
 CHARMM>    !Heterocycles
 CHARMM>    !Lopes, P.E.M., Lamoureux, G., MacKerell, A.D., Jr., “Polarizable
 CHARMM>    !Empirical Force Field for Nitrogen-containing Heteroaromatic Compounds
 CHARMM>    !Based on the Classical Drude Oscillator” Journal of Computational
 CHARMM>    !Chemistry, 30: 1821-1838, 2009, PMC251901
 CHARMM>    !
 CHARMM>    !Nucleic Acid Bases
 CHARMM>    !Baker, C.M., Anisimov, V.M., and MacKerell, A.D., Jr., “Development of
 CHARMM>    !CHARMM Polarizable Force Field for Nucleic Acid Bases Based on the
 CHARMM>    !Classical Drude Oscillator Model,” Journal of Physical Chemistry,
 CHARMM>    !B. 115; 580–596, 2011, PMC3166616
 CHARMM>    !
 CHARMM>    !Halogenated benzenes and ethanes
 CHARMM>    !Lin, F-Y. and MacKerell, A.D., Jr., “Polarizable Empirical Force Field
 CHARMM>    !for Halogen-Containing Compounds Based on the Classical Drude
 CHARMM>    !Oscillator," Journal of Chemical Theory and Computation, 2018, 14 (2),
 CHARMM>    !1083-1098
 CHARMM>    !
 CHARMM>    !Updated Molecular ions
 CHARMM>    !Lin, F-Y., Lopes, P.E.M., Harder, E., Roux, B., and
 CHARMM>    !MacKerell, A.D., Jr.,“Polarizable Force Field for Molecular Ions based
 CHARMM>    !on the Classical Drude Oscillator," Journal of Chemical Information
 CHARMM>    !and Modeling, 2018, 58 (5), 993–1004.
 CHARMM>    !
 CHARMM>    !Reoptimization of DMP and new molecular anions
 CHARMM>    !Kognole, A.A., Aytenfisu, A.H., and MacKerell, A.D., Jr., “Balanced
 CHARMM>    !Drude Polarizable Force Field for Molecular Anions: Phosphates,
 CHARMM>    !Sulfates, Sulfamates and Oxides," Journal of Molecular Modeling,
 CHARMM>    !(Accepted April 2020)
 CHARMM>     
  
 CHARMM>    read rtf card append
 MAINIO> Residue topology file being read from unit  99.
 RDTITL> * TOPOLOGY FOR DRUDE MODEL COMPOUNDS
 RDTITL> *

 DRUDES PARTICLES WILL BE GENERATED AUTOMATICALLY FOR ALL ATOMS WITH NON-ZERO ALPHA
 Thole-type dipole screening, Slater-Delta shape {S(u) = 1 - (1+u/2)*exp(-u)}, default radius =  1.300000
  
 CHARMM>     
  
 CHARMM>    read para card append

          PARAMETER FILE BEING READ FROM UNIT 99
 RDTITL> * DRUDE POLARIZABLE FF PARAMETERS
 RDTITL> *
 PARMIO> NONBOND, HBOND lists and IMAGE atoms cleared.
  
 VCLOSE: Closing unit   99 with status "KEEP"

                    RETURNING TO INPUT STREAM     5
  
 CHARMM>     
  
 CHARMM>    ! Read PSF and Coordinates
 CHARMM>    open read unit 10 card name ../@ion_@mol_files/@ion_@mol_@conc.psf
 Parameter: ION -> "MG"
 Parameter: MOL -> "DMP"
 Parameter: ION -> "MG"
 Parameter: MOL -> "DMP"
 Parameter: CONC -> "2"
 VOPEN> Attempting to open::../mg_dmp_files/mg_dmp_2.psf::
 OPNLGU> Unit 10 opened for READONLY access to ../mg_dmp_files/mg_dmp_2.psf
  
 CHARMM>    read psf  unit 10 card
 MAINIO> Protein structure file being read from unit  10.
 PSFRD2> Reading PSF in the expanded format.
 TITLE>  * CREATE PSF FILE
 TITLE>  *  DATE:     6/ 8/21     14:23:45      CREATED BY USER: akognole
 TITLE>  *
 PSFSUM> PSF modified: NONBOND lists and IMAGE atoms cleared.
 PSFSUM> Summary of the structure file counters :
         Number of segments      =        3   Number of residues   =     6379
         Number of atoms         =    35351   Number of groups     =     6379
         Number of bonds         =    34967   Number of angles     =    11115
         Number of dihedrals     =     3072   Number of impropers  =        0
         Number of cross-terms   =        0
         Number of HB acceptors  =     5995   Number of HB donors  =        0
         Number of NB exclusions =        0   Total charge =    0.00000
         Number of Drudes        =     7915
         Number of true-bonds    =    34967   Number of zero-bonds =        0
         Number of aniso. terms  =     1024   Number of lone-pairs =     5995
  
 CHARMM>     
  
 CHARMM>    open read unit 10 card name ../@ion_@mol_files/@ion_@mol_@conc.crd
 Parameter: ION -> "MG"
 Parameter: MOL -> "DMP"
 Parameter: ION -> "MG"
 Parameter: MOL -> "DMP"
 Parameter: CONC -> "2"
 OPNLGU> Unit already open. The old file will be closed first.
 VCLOSE: Closing unit   10 with status "KEEP"
 VOPEN> Attempting to open::../mg_dmp_files/mg_dmp_2.crd::
 OPNLGU> Unit 10 opened for READONLY access to ../mg_dmp_files/mg_dmp_2.crd
  
 CHARMM>    read coor unit 10 card
          SPATIAL COORDINATES BEING READ FROM UNIT 10
 TITLE> * CHARMM CRD FILE
 TITLE> * GENERATED BY CONVPDB.PL (MMTSB TOOL SET)
 TITLE> *
 ** WARNING ** After reading, there are no coordinates for selected atom:  5378   385 SWM4     DOH2    
 ** WARNING ** After reading, there are no coordinates for selected atom:  5379   385 SWM4     OM      
 ** WARNING ** After reading, there are no coordinates for selected atom:  5383   386 SWM4     DOH2    
 ** WARNING ** After reading, there are no coordinates for selected atom:  5384   386 SWM4     OM      
 ** WARNING ** After reading, there are no coordinates for selected atom:  5388   387 SWM4     DOH2    
 ** WARNING ** After reading, there are no coordinates for selected atom:  5389   387 SWM4     OM      
 ** WARNING ** After reading, there are no coordinates for selected atom:  5393   388 SWM4     DOH2    
 ** WARNING ** After reading, there are no coordinates for selected atom:  5394   388 SWM4     OM      
 ** WARNING ** After reading, there are no coordinates for selected atom:  5398   389 SWM4     DOH2    
 ** WARNING ** After reading, there are no coordinates for selected atom:  5399   389 SWM4     OM      

 ** A total of 11990 selected atoms have no coordinates
 *** LEVEL  2 WARNING *** BOMLEV IS    0
  
 CHARMM>     
  
 CHARMM>    coor sdrude
  
 CHARMM>    coor shake
 SELECTED COORDINATES CONSTRAINED IN THE MAIN SET.

  
 CHARMM>     
  
 CHARMM>    SHAKE bonh param nofast -
 CHARMM>          select  .not. type D*  end -
 CHARMM>          select  .not. type D*  end
 SELRPN>  27436 atoms have been selected out of  35351
 SELRPN>  27436 atoms have been selected out of  35351
 SHKCOM> SHAKE parameters: TOL =   0.1000D-09 MXITer =    500

           19521 constraints will held by SHAKE.
  
 CHARMM>     
  
 CHARMM>    SET XTLTYPE  = ORTHO
 Parameter: XTLTYPE <- "ORTHO"
  
 CHARMM>    SET A = 48
 Parameter: A <- "48"
  
 CHARMM>    SET B = 48
 Parameter: B <- "48"
  
 CHARMM>    SET C = 96
 Parameter: C <- "96"
  
 CHARMM>    SET ALPHA = 90.0
 Parameter: ALPHA <- "90.0"
  
 CHARMM>    SET BETA  = 90.0
 Parameter: BETA <- "90.0"
  
 CHARMM>    SET GAMMA = 90.0
 Parameter: GAMMA <- "90.0"
  
 CHARMM>    SET FFTX  = 60
 Parameter: FFTX <- "60"
  
 CHARMM>    SET FFTY  = 60
 Parameter: FFTY <- "60"
  
 CHARMM>    SET FFTZ  = 120
 Parameter: FFTZ <- "120"
  
 CHARMM>    SET XCEN  = 0
 Parameter: XCEN <- "0"
  
 CHARMM>    SET YCEN  = 0
 Parameter: YCEN <- "0"
  
 CHARMM>    SET ZCEN  = 0
 Parameter: ZCEN <- "0"
  
 CHARMM>     
  
 CHARMM>    !open read unit 10 card name crystal_image.str
 CHARMM>    CRYSTAL DEFINE @XTLtype @A @B @C @alpha @beta @gamma
 Parameter: XTLTYPE -> "ORTHO"
 Parameter: A -> "48"
 Parameter: B -> "48"
 Parameter: C -> "96"
 Parameter: ALPHA -> "90.0"
 Parameter: BETA -> "90.0"
 Parameter: GAMMA -> "90.0"
 Crystal Parameters : Crystal Type = ORTH
           A     =   48.00000 B    =   48.00000 C     =   96.00000
           Alpha =   90.00000 Beta =   90.00000 Gamma =   90.00000
  
 CHARMM>    crystal build noper 0 cutoff 16.0
 XBUILD> Building all transformations with a minimum atom-atom
         contact distance of less than   16.00 Angstroms.

 Range of Grid Search for Transformation     1 :
 Lattice Vector A    -2 TO     2
 Lattice Vector B    -2 TO     2
 Lattice Vector C    -2 TO     2


 The number of transformations generated =    26


 Number  Symop   A   B   C   Distance

      1      1  -1  -1  -1     6.4493
      2      1  -1   0  -1     3.8117
      3      1  -1   1  -1     6.8498
      4      1   0  -1  -1     1.0949
      5      1   0   0  -1     3.1503
      6      1   0   1  -1     3.0062
      7      1  -1  -1   0     1.9462
      8      1  -1   0   0     1.7935
      9      1  -1   1   0     4.2221
     10      1   0  -1   0     1.0713
     11      1   0   1   0     1.0713
     12      1  -1  -1   1     3.7375
     13      1  -1   0   1     3.0059
     14      1  -1   1   1     5.2792
     15      1   0  -1   1     3.0062
     16      1   0   0   1     3.1503
     17      1   0   1   1     1.0949
     18      1   1   1   1     6.4493
     19      1   1   0   1     3.8117
     20      1   1  -1   1     6.8498
     21      1   1   1   0     1.9462
     22      1   1   0   0     1.7935
     23      1   1  -1   0     4.2221
     24      1   1   1  -1     3.7375
     25      1   1   0  -1     3.0059
     26      1   1  -1  -1     5.2792
                     THERE ARE NO ROTATIONS FOR THIS TRANSFORMATION SET
    26 Transformations have been processed.

  
 CHARMM>    !CRYSTAL READ UNIT 10 CARD
 CHARMM>    !CRYSTAL BUILD CUTOFF 14.0
 CHARMM>     
  
 CHARMM>    !Image centering by residue
 CHARMM>    IMAGE BYRESID XCEN @xcen YCEN @ycen ZCEN @zcen sele resname @ion .or. resname @mol end
 Parameter: XCEN -> "0"
 Parameter: YCEN -> "0"
 Parameter: ZCEN -> "0"
 Parameter: ION -> "MG"
 Parameter: MOL -> "DMP"
 SELRPN>   5376 atoms have been selected out of  35351
 IMAGE CENTERING ON FOR SOME ATOMS
  
 CHARMM>    IMAGE BYRESID XCEN @xcen YCEN @ycen ZCEN @zcen sele resname swm4 end
 Parameter: XCEN -> "0"
 Parameter: YCEN -> "0"
 Parameter: ZCEN -> "0"
 SELRPN>  29975 atoms have been selected out of  35351
 IMAGE CENTERING ON FOR SOME ATOMS
  
 CHARMM>     
  
 CHARMM>    nbonds atom vatom switch vswitch bycb -
 CHARMM>           ctonnb 10.0 ctofnb 12.0 cutnb 16.0 cutim 16.0 -
 CHARMM>           inbfrq -1 imgfrq -1 wmin 1.0 cdie eps 1.0 -
 CHARMM>           ewald pmew fftx @fftx ffty @ffty fftz @fftz  kappa .34 spline order 6
 Parameter: FFTX -> "60"
 Parameter: FFTY -> "60"
 Parameter: FFTZ -> "120"

 SELECTED IMAGES ATOMS BEING CENTERED ABOUT  0.000000  0.000000  0.000000

 <MKIMAT2>: updating the image atom lists and remapping
 Transformation   Atoms  Groups  Residues  Min-Distance
    1  C001 has     255      51      51        4.09
    2  C002 has    1235     247     247        0.23
    3  C003 has     215      43      43        3.43
    4  C004 has    1180     236     236        0.24
    5  C005 has    4895     979     979        0.20
    6  C006 has    1195     239     239        0.81
    7  C007 has    2970     525     525        0.16
    8  C008 has   11911    2138    2138        0.05
    9  C009 has    2989     521     521        0.14
   10  C010 has   12031    2150    2150        0.04
   12  C012 has     200      40      40        1.37
   13  C013 has    1250     250     250        0.70
   14  C014 has     195      39      39        2.61
 Total of75872 atoms and13837 groups and13837 residues were included

 <PME> Total heap storage needed =     1477327
 Fill Ewald table: Number of points=     10000 EWXmax=    4.250000
 fill erfc table: linear inter has rms error = 0.979220D-08 maximum error = 0.218740D-07
 fill erfc table: cubic spline has rms error = 0.360331D-11 maximum error = 0.108438D-10

 NONBOND OPTION FLAGS: 
     ELEC     VDW      ATOMs    CDIElec  SWITch   VATOm    VSWItch 
     BYCB     NOEXtnd  EWALd   
 CUTNB  = 16.000 CTEXNB =999.000 CTONNB = 10.000 CTOFNB = 12.000
 CGONNB =  0.000 CGOFNB = 10.000
 WMIN   =  1.000 WRNMXD =  0.500 E14FAC =  1.000 EPS    =  1.000
 NBXMOD =      5
 PME EWALD OPTIONS: KAPPA  =  0.340  QCOR =  0.000  Bspline order = 6
 FFTX=  60  FFTY=  60  FFTZ= 120
                Using FFTW
                Real-to-Complex FFT
                Using Column FFT 
 There are        0 atom  pairs and        0 atom  exclusions.
 There are        0 group pairs and        0 group exclusions.
 <MAKINB> with mode   5 found  83886 exclusions and   9216 interactions(1-4)
 <MAKGRP> found      0 group exclusions.
 <MAKGRP> found      0 image group exclusions.
 Generating nonbond list with Exclusion mode = 5
 Allocate space for   5000 Thole shielding pairs 
 == PRIMARY == SPACE FOR        0 ATOM PAIRS AND        0 GROUP PAIRS
 == IMAGES === SPACE FOR        0 ATOM PAIRS AND        0 GROUP PAIRS
  
 =========================================
              TRIAL run of list...........
 =========================================
Using Image CUBE search
Using Image CUBE search
  NBNDGCM found:
     4501342  atom pairs
     1560709  image atom pairs
           0  self atom pairs
    36454880 total atom  pairs
    12899695 total image pairs
  
 CHARMM>     
  
 CHARMM>    energy

 SELECTED IMAGES ATOMS BEING CENTERED ABOUT  0.000000  0.000000  0.000000

 <MKIMAT2>: updating the image atom lists and remapping
 Transformation   Atoms  Groups  Residues  Min-Distance
    1  C001 has     255      51      51        4.09
    2  C002 has    1235     247     247        0.23
    3  C003 has     215      43      43        3.43
    4  C004 has    1180     236     236        0.24
    5  C005 has    4895     979     979        0.20
    6  C006 has    1195     239     239        0.81
    7  C007 has    2970     525     525        0.16
    8  C008 has   11911    2138    2138        0.05
    9  C009 has    2989     521     521        0.14
   10  C010 has   12031    2150    2150        0.04
   12  C012 has     200      40      40        1.37
   13  C013 has    1250     250     250        0.70
   14  C014 has     195      39      39        2.61
 Total of75872 atoms and13837 groups and13837 residues were included

 <MAKGRP> found      0 image group exclusions.
 <PME> Total heap storage needed =     1477327

 NONBOND OPTION FLAGS: 
     ELEC     VDW      ATOMs    CDIElec  SWITch   VATOm    VSWItch 
     BYCB     NOEXtnd  EWALd   
 CUTNB  = 16.000 CTEXNB =999.000 CTONNB = 10.000 CTOFNB = 12.000
 CGONNB =  0.000 CGOFNB = 10.000
 WMIN   =  1.000 WRNMXD =  0.500 E14FAC =  1.000 EPS    =  1.000
 NBXMOD =      5
 PME EWALD OPTIONS: KAPPA  =  0.340  QCOR =  0.000  Bspline order = 6
 FFTX=  60  FFTY=  60  FFTZ= 120
                Using FFTW
                Real-to-Complex FFT
                Using Column FFT 
 There are  4501342 atom  pairs and    93102 atom  exclusions.
 There are        0 group pairs and        0 group exclusions.
 Generating nonbond list with Exclusion mode = 5
 == PRIMARY == SPACE FOR  5851744 ATOM PAIRS AND        0 GROUP PAIRS
 == IMAGES === SPACE FOR  2028921 ATOM PAIRS AND        0 GROUP PAIRS
Using Image CUBE search
  NBNDGCM found:
     4501342  atom pairs
     1560709  image atom pairs
           0  self atom pairs
    36454880 total atom  pairs
    12899695 total image pairs
Splitting recip cores into (y by z):   2 by    4
ENER ENR:  Eval#     ENERgy      Delta-E         GRMS
ENER INTERN:          BONDs       ANGLes       UREY-b    DIHEdrals    IMPRopers
ENER EXTERN:        VDWaals         ELEC       HBONds          ASP         USER
ENER IMAGES:        IMNBvdw       IMELec       IMHBnd       RXNField    EXTElec
ENER EWALD:          EWKSum       EWSElf       EWEXcl       EWQCor       EWUTil
 ----------       ---------    ---------    ---------    ---------    ---------
ENER>        0  0.86300E+12  0.00000E+00  0.99927E+11
ENER INTERN>      122.13516   1315.33013      0.21804   3571.60213      0.00000
ENER EXTERN>    51263.06940  -4297.49907      0.00000      0.00000      0.00000
ENER IMAGES>    0.86300E+12 -0.93257E+03  0.00000E+00  0.00000E+00  0.00000E+00
ENER EWALD>      45829.4350-3795407.7169 3720423.7128       0.0000       0.0000
 ----------       ---------    ---------    ---------    ---------    ---------
  
 CHARMM>     
  
 CHARMM>    ! first minimize drudes, then entire system
 CHARMM>    cons harm force 100000. sele .not. type D* end
 SELRPN>  27436 atoms have been selected out of  35351
 CSTRAN: Harmonic Restraints
          ABSOlute type as set number  1.  Number of selected atoms:  27436
          Reference coordinates set to main coordinates.
          Mass weighting will NOT be used for new restraints.
          The force constant of  100000.00000 will be used.
          An exponent of  2 will be used.
          The XYZ scale factors are:       1.00000       1.00000       1.00000
          A total of  27436 atoms are restrained.
  
 CHARMM>    !mini SD   nstep 100 nprint 20
 CHARMM>    mini ABNR nstep 100 nprint 20

 SELECTED IMAGES ATOMS BEING CENTERED ABOUT  0.000000  0.000000  0.000000

 <MKIMAT2>: updating the image atom lists and remapping
 Transformation   Atoms  Groups  Residues  Min-Distance
    1  C001 has     255      51      51        4.09
    2  C002 has    1235     247     247        0.23
    3  C003 has     215      43      43        3.43
    4  C004 has    1180     236     236        0.24
    5  C005 has    4895     979     979        0.20
    6  C006 has    1195     239     239        0.81
    7  C007 has    2970     525     525        0.16
    8  C008 has   11911    2138    2138        0.05
    9  C009 has    2989     521     521        0.14
   10  C010 has   12031    2150    2150        0.04
   12  C012 has     200      40      40        1.37
   13  C013 has    1250     250     250        0.70
   14  C014 has     195      39      39        2.61
 Total of75872 atoms and13837 groups and13837 residues were included

 <MAKGRP> found      0 image group exclusions.

 NONBOND OPTION FLAGS: 
     ELEC     VDW      ATOMs    CDIElec  SWITch   VATOm    VSWItch 
     BYCB     NOEXtnd  EWALd   
 CUTNB  = 16.000 CTEXNB =999.000 CTONNB = 10.000 CTOFNB = 12.000
 CGONNB =  0.000 CGOFNB = 10.000
 WMIN   =  1.000 WRNMXD =  0.500 E14FAC =  1.000 EPS    =  1.000
 NBXMOD =      5
 PME EWALD OPTIONS: KAPPA  =  0.340  QCOR =  0.000  Bspline order = 6
 FFTX=  60  FFTY=  60  FFTZ= 120
                Using FFTW
                Real-to-Complex FFT
                Using Column FFT 
 There are  4501342 atom  pairs and    93102 atom  exclusions.
 There are        0 group pairs and        0 group exclusions.
 Generating nonbond list with Exclusion mode = 5
 == PRIMARY == SPACE FOR  5851744 ATOM PAIRS AND        0 GROUP PAIRS
 == IMAGES === SPACE FOR  2028921 ATOM PAIRS AND        0 GROUP PAIRS
Using Image CUBE search
  NBNDGCM found:
     4501342  atom pairs
     1560709  image atom pairs
           0  self atom pairs
    36454880 total atom  pairs
    12899695 total image pairs


 ABNER> An energy minimization has been requested.

 EIGRNG =    0.0005000   MINDIM =            5
 NPRINT =           20   NSTEP  =          100
 PSTRCT =    0.0000000   SDSTP  =    0.0200000
 STPLIM =    1.0000000   STRICT =    0.1000000
 TOLFUN =    0.0000000   TOLGRD =    0.0000000
 TOLITR =          100   TOLSTP =    0.0000000
 FMEM   =    0.0000000
MINI MIN: Cycle      ENERgy      Delta-E         GRMS    Step-size
MINI INTERN:          BONDs       ANGLes       UREY-b    DIHEdrals    IMPRopers
MINI EXTERN:        VDWaals         ELEC       HBONds          ASP         USER
MINI IMAGES:        IMNBvdw       IMELec       IMHBnd       RXNField    EXTElec
MINI EWALD:          EWKSum       EWSElf       EWEXcl       EWQCor       EWUTil
MINI CONSTR:       HARMonic    CDIHedral          CIC     RESDistance       NOE
 ----------       ---------    ---------    ---------    ---------    ---------
MINI>        0  0.86300E+12 -0.35137E+03  0.99927E+11  0.00000E+00
MINI INTERN>      122.13516   1315.33013      0.21804   3571.60213      0.00000
MINI EXTERN>    51263.06940  -4297.49907      0.00000      0.00000      0.00000
MINI IMAGES>    0.86300E+12 -0.93257E+03  0.00000E+00  0.00000E+00  0.00000E+00
MINI EWALD>      45829.4350-3795407.7169 3720423.7128       0.0000       0.0000
MINI CONSTR>      351.37157      0.00000      0.00000      0.00000      0.00000
 ----------       ---------    ---------    ---------    ---------    ---------
MINI>       20  0.90217E+07  0.86299E+12  0.68392E+05  0.16946E+00
MINI INTERN>     1160.36847   1326.95284      0.26489   3571.63570      0.00000
MINI EXTERN>    51561.84216  -4306.01719      0.00000      0.00000      0.00000
MINI IMAGES>   8677143.6088    3391.6377       0.0000       0.0000       0.0000
MINI EWALD>      45822.0919-3795407.7169 3720399.6189       0.0000       0.0000
MINI CONSTR>   317031.59849      0.00000      0.00000      0.00000      0.00000
 ----------       ---------    ---------    ---------    ---------    ---------
MINI>       40 2021847.3845 6999848.5012     786.9437       0.1378
MINI INTERN>     3689.70083   1401.52197      1.04865   3571.33016      0.00000
MINI EXTERN>    51382.91327  -5038.09581      0.00000      0.00000      0.00000
MINI IMAGES>   791910.05098   -223.84486      0.00000      0.00000      0.00000
MINI EWALD>      44726.5617-3795407.7169 3720296.7471       0.0000       0.0000
MINI CONSTR>   1205537.1675       0.0000       0.0000       0.0000       0.0000
 ----------       ---------    ---------    ---------    ---------    ---------
MINI>       60 1986725.5116   35121.8729     957.0701       0.0180
MINI INTERN>     3652.29631   1401.33597      1.04134   3571.33211      0.00000
MINI EXTERN>    51505.01214  -5110.51002      0.00000      0.00000      0.00000
MINI IMAGES>   769331.24545  -5438.38759      0.00000      0.00000      0.00000
MINI EWALD>      44627.4415-3795407.7169 3720289.9649       0.0000       0.0000
MINI CONSTR>   1198302.4564       0.0000       0.0000       0.0000       0.0000
 ----------       ---------    ---------    ---------    ---------    ---------
MINI>       80 1898397.4850   88328.0266  138285.4270       0.0011
MINI INTERN>     3668.84466   1401.36720      1.04164   3571.33179      0.00000
MINI EXTERN>    51504.52644  -5108.32954      0.00000      0.00000      0.00000
MINI IMAGES>   768114.52726 -95805.65757      0.00000      0.00000      0.00000
MINI EWALD>      44630.0302-3795407.7169 3720289.7678       0.0000       0.0000
MINI CONSTR>   1201537.7521       0.0000       0.0000       0.0000       0.0000
 ----------       ---------    ---------    ---------    ---------    ---------
MINI>      100  -5144063.88   7042461.37 764554534.77         0.00
MINI INTERN>     3668.36840   1401.36725      1.04164   3571.33179      0.00000
MINI EXTERN>    51504.54638  -5108.28789      0.00000      0.00000      0.00000
MINI IMAGES>    768067.4129-7138256.6177       0.0000       0.0000       0.0000
MINI EWALD>      44629.9962-3795407.7169 3720289.7757       0.0000       0.0000
MINI CONSTR>   1201574.8982       0.0000       0.0000       0.0000       0.0000
 ----------       ---------    ---------    ---------    ---------    ---------

 ABNER> Minimization exiting with number of steps limit (  100) exceeded.

ABNR MIN: Cycle      ENERgy      Delta-E         GRMS    Step-size
ABNR INTERN:          BONDs       ANGLes       UREY-b    DIHEdrals    IMPRopers
ABNR EXTERN:        VDWaals         ELEC       HBONds          ASP         USER
ABNR IMAGES:        IMNBvdw       IMELec       IMHBnd       RXNField    EXTElec
ABNR EWALD:          EWKSum       EWSElf       EWEXcl       EWQCor       EWUTil
ABNR CONSTR:       HARMonic    CDIHedral          CIC     RESDistance       NOE
 ----------       ---------    ---------    ---------    ---------    ---------
ABNR>      100  -5144063.88   7042461.37 764554534.77         0.00
ABNR INTERN>     3668.36840   1401.36725      1.04164   3571.33179      0.00000
ABNR EXTERN>    51504.54638  -5108.28789      0.00000      0.00000      0.00000
ABNR IMAGES>    768067.4129-7138256.6177       0.0000       0.0000       0.0000
ABNR EWALD>      44629.9962-3795407.7169 3720289.7757       0.0000       0.0000
ABNR CONSTR>   1201574.8982       0.0000       0.0000       0.0000       0.0000
 ----------       ---------    ---------    ---------    ---------    ---------
  
 CHARMM>    cons harm force 0.0 sele all end
 SELRPN>  35351 atoms have been selected out of  35351
 CSTRAN: Harmonic Restraints
          ABSOlute type as set number  1.  Number of selected atoms:  35351
          Reference coordinates set to main coordinates.
          Mass weighting will NOT be used for new restraints.
          The force constant of       0.00000 will be used.
          An exponent of  2 will be used.
          The XYZ scale factors are:       1.00000       1.00000       1.00000
          A total of      0 atoms are restrained.
  
 CHARMM>     
  
 CHARMM>    ! minimize all atoms and drudes
 CHARMM>    mini SD   nstep 100 nprint 20

 SELECTED IMAGES ATOMS BEING CENTERED ABOUT  0.000000  0.000000  0.000000

 <MKIMAT2>: updating the image atom lists and remapping
 Transformation   Atoms  Groups  Residues  Min-Distance
    1  C001 has     255      51      51        4.06
    2  C002 has    1235     247     247        0.21
    3  C003 has     215      43      43        3.41
    4  C004 has    1185     237     237        0.21
    5  C005 has    4895     979     979        0.17
    6  C006 has    1195     239     239        0.80
    7  C007 has    2970     525     525        0.13
    8  C008 has   11911    2138    2138        0.00
    9  C009 has    2984     520     520        0.13
   10  C010 has   12026    2149    2149        0.02
   12  C012 has     200      40      40        1.35
   13  C013 has    1250     250     250        0.69
   14  C014 has     195      39      39        2.61
 Total of75867 atoms and13836 groups and13836 residues were included

 <MAKGRP> found      0 image group exclusions.

 NONBOND OPTION FLAGS: 
     ELEC     VDW      ATOMs    CDIElec  SWITch   VATOm    VSWItch 
     BYCB     NOEXtnd  EWALd   
 CUTNB  = 16.000 CTEXNB =999.000 CTONNB = 10.000 CTOFNB = 12.000
 CGONNB =  0.000 CGOFNB = 10.000
 WMIN   =  1.000 WRNMXD =  0.500 E14FAC =  1.000 EPS    =  1.000
 NBXMOD =      5
 PME EWALD OPTIONS: KAPPA  =  0.340  QCOR =  0.000  Bspline order = 6
 FFTX=  60  FFTY=  60  FFTZ= 120
                Using FFTW
                Real-to-Complex FFT
                Using Column FFT 
 There are  4501342 atom  pairs and    93102 atom  exclusions.
 There are        0 group pairs and        0 group exclusions.
 Generating nonbond list with Exclusion mode = 5
 == PRIMARY == SPACE FOR  5851744 ATOM PAIRS AND        0 GROUP PAIRS
 == IMAGES === SPACE FOR  2028921 ATOM PAIRS AND        0 GROUP PAIRS
Using Image CUBE search
  NBNDGCM found:
     4486424  atom pairs
     1559709  image atom pairs
           0  self atom pairs
    36459098 total atom  pairs
    12895092 total image pairs


 STEEPD> An energy minimization has been requested.

 NSTEP  =          100   NPRINT =           20
 STEP   =    0.0200000   TOLFUN =    0.0000000
 TOLGRD =    0.0000000   TOLSTP =    0.0000000

MINI MIN: Cycle      ENERgy      Delta-E         GRMS    Step-size
MINI INTERN:          BONDs       ANGLes       UREY-b    DIHEdrals    IMPRopers
MINI EXTERN:        VDWaals         ELEC       HBONds          ASP         USER
MINI IMAGES:        IMNBvdw       IMELec       IMHBnd       RXNField    EXTElec
MINI EWALD:          EWKSum       EWSElf       EWEXcl       EWQCor       EWUTil
 ----------       ---------    ---------    ---------    ---------    ---------
MINI>        0  -16708402.3   11564338.4 4593137471.7          0.0
MINI INTERN>     3668.35843   1401.36725      1.04164   3571.33179      0.00000
MINI EXTERN>    51504.54642  -5108.28757      0.00000      0.00000      0.00000
MINI IMAGES>     768067.305-17501020.018        0.000        0.000        0.000
MINI EWALD>      44629.9963-3795407.7169 3720289.7759       0.0000       0.0000
 ----------       ---------    ---------    ---------    ---------    ---------
 UPDECI: Image update at step         1

 <MKIMAT2>: updating the image atom lists and remapping
 Transformation   Atoms  Groups  Residues  Min-Distance
    1  C001 has     255      51      51        3.20
    2  C002 has    1235     247     247        0.19
    3  C003 has     215      43      43        2.45
    4  C004 has    1185     237     237        0.21
    5  C005 has    4895     979     979        0.17
    6  C006 has    1195     239     239        0.80
    7  C007 has    2970     525     525        0.10
    8  C008 has   11936    2143    2143        0.00
    9  C009 has    2984     520     520        0.11
   10  C010 has   12026    2149    2149        0.02
   12  C012 has     200      40      40        1.34
   13  C013 has    1250     250     250        0.19
   14  C014 has     195      39      39        2.61
 Total of75892 atoms and13841 groups and13841 residues were included

 <MAKGRP> found      0 image group exclusions.
 UPDECI: Nonbond update at step         1
 Generating nonbond list with Exclusion mode = 5
 == PRIMARY == SPACE FOR  5851744 ATOM PAIRS AND        0 GROUP PAIRS
 == IMAGES === SPACE FOR  2028921 ATOM PAIRS AND        0 GROUP PAIRS
Using Image CUBE search
  NBNDGCM found:
     4422504  atom pairs
     1554877  image atom pairs
           0  self atom pairs
    36458658 total atom  pairs
    12895594 total image pairs
 UPDECI: Image update at step         7

 <MKIMAT2>: updating the image atom lists and remapping
 Transformation   Atoms  Groups  Residues  Min-Distance
    1  C001 has     255      51      51        3.26
    2  C002 has    1235     247     247        0.09
    3  C003 has     215      43      43        2.65
    4  C004 has    1180     236     236        0.13
    5  C005 has    4900     980     980        0.06
    6  C006 has    1190     238     238        0.73
    7  C007 has    2975     526     526        0.09
    8  C008 has   11926    2141    2141        0.00
    9  C009 has    2984     520     520        0.14
   10  C010 has   12006    2145    2145        0.03
   12  C012 has     200      40      40        1.33
   13  C013 has    1250     250     250        0.31
   14  C014 has     195      39      39        2.60
 Total of75862 atoms and13835 groups and13835 residues were included

 <MAKGRP> found      0 image group exclusions.
 UPDECI: Nonbond update at step         7
 Generating nonbond list with Exclusion mode = 5
 == PRIMARY == SPACE FOR  5851744 ATOM PAIRS AND        0 GROUP PAIRS
 == IMAGES === SPACE FOR  2028921 ATOM PAIRS AND        0 GROUP PAIRS
Using Image CUBE search
  NBNDGCM found:
     4431477  atom pairs
     1551634  image atom pairs
           0  self atom pairs
    36484617 total atom  pairs
    12869616 total image pairs
MINI>       20    20252.853-16728655.153       28.128        0.001
MINI INTERN>    27762.53909   2532.41290     11.00165   3559.76958      0.00000
MINI EXTERN>    40405.77277 -19618.51246      0.00000      0.00000      0.00000
MINI IMAGES>    21929.73350  -4952.56494      0.00000      0.00000      0.00000
MINI EWALD>      26143.9581-3795407.7169 3717886.4598       0.0000       0.0000
 ----------       ---------    ---------    ---------    ---------    ---------
MINI>       40 -10171.86697  30424.72007   3402.01267      0.00006
MINI INTERN>    26535.98230   2559.69070     11.68242   3558.62809      0.00000
MINI EXTERN>    37839.58144 -23095.34672      0.00000      0.00000      0.00000
MINI IMAGES>    18744.10129 -21734.98865      0.00000      0.00000      0.00000
MINI EWALD>      23403.6147-3795407.7169 3717412.9044       0.0000       0.0000
 ----------       ---------    ---------    ---------    ---------    ---------
MINI>       60 -1122593.439  1112421.572 16651423.832        0.000
MINI INTERN>    26520.58433   2559.69099     11.68244   3558.62805      0.00000
MINI EXTERN>    37839.84571 -23095.39198      0.00000      0.00000      0.00000
MINI IMAGES>     18736.4830-1134133.6246       0.0000       0.0000       0.0000
MINI EWALD>      23403.1202-3795407.7169 3717413.2600       0.0000       0.0000
 ----------       ---------    ---------    ---------    ---------    ---------
MINI>       80 -31760268.02  30637674.58 637128762.33         0.00
MINI INTERN>    26520.80195   2559.69099     11.68244   3558.62805      0.00000
MINI EXTERN>    37839.84050 -23095.39292      0.00000      0.00000      0.00000
MINI IMAGES>      18736.586-31771808.519        0.000        0.000        0.000
MINI EWALD>      23403.1261-3795407.7169 3717413.2547       0.0000       0.0000
 ----------       ---------    ---------    ---------    ---------    ---------
MINI>      100 -31760268.02        -0.00 337774199.57         0.00
MINI INTERN>    26520.80213   2559.69099     11.68244   3558.62805      0.00000
MINI EXTERN>    37839.84050 -23095.39292      0.00000      0.00000      0.00000
MINI IMAGES>      18736.586-31771808.519        0.000        0.000        0.000
MINI EWALD>      23403.1261-3795407.7169 3717413.2547       0.0000       0.0000
 ----------       ---------    ---------    ---------    ---------    ---------

 STEEPD> Minimization exiting with number of steps limit (       100) exceeded.

STPD MIN: Cycle      ENERgy      Delta-E         GRMS    Step-size
STPD INTERN:          BONDs       ANGLes       UREY-b    DIHEdrals    IMPRopers
STPD EXTERN:        VDWaals         ELEC       HBONds          ASP         USER
STPD IMAGES:        IMNBvdw       IMELec       IMHBnd       RXNField    EXTElec
STPD EWALD:          EWKSum       EWSElf       EWEXcl       EWQCor       EWUTil
 ----------       ---------    ---------    ---------    ---------    ---------
STPD>      100 -31760268.02        -0.00 337774199.57         0.00
STPD INTERN>    26520.80213   2559.69099     11.68244   3558.62805      0.00000
STPD EXTERN>    37839.84050 -23095.39292      0.00000      0.00000      0.00000
STPD IMAGES>      18736.586-31771808.519        0.000        0.000        0.000
STPD EWALD>      23403.1261-3795407.7169 3717413.2547       0.0000       0.0000
 ----------       ---------    ---------    ---------    ---------    ---------
  
 CHARMM>    mini ABNR nstep 100 nprint 20

 SELECTED IMAGES ATOMS BEING CENTERED ABOUT  0.000000  0.000000  0.000000
 RESIDUE   17 OPERATED ON BY TRANSFORMATION C022
 RESIDUE  118 OPERATED ON BY TRANSFORMATION C022
 RESIDUE 5466 OPERATED ON BY TRANSFORMATION C008
 RESIDUE 5556 OPERATED ON BY TRANSFORMATION C022

 <MKIMAT2>: updating the image atom lists and remapping
 Transformation   Atoms  Groups  Residues  Min-Distance
    1  C001 has     255      51      51        3.54
    2  C002 has    1235     247     247        0.04
    3  C003 has     215      43      43        2.99
    4  C004 has    1180     236     236        0.02
    5  C005 has    4910     982     982        0.02
    6  C006 has    1190     238     238        0.47
    7  C007 has    2965     524     524        0.00
    8  C008 has   11913    2139    2139        0.00
    9  C009 has    2988     522     522        0.00
   10  C010 has   12001    2144    2144        0.00
   12  C012 has     200      40      40        1.21
   13  C013 has    1255     251     251        0.69
   14  C014 has     195      39      39        2.13
 Total of75853 atoms and13835 groups and13835 residues were included

 <MAKGRP> found      0 image group exclusions.

 NONBOND OPTION FLAGS: 
     ELEC     VDW      ATOMs    CDIElec  SWITch   VATOm    VSWItch 
     BYCB     NOEXtnd  EWALd   
 CUTNB  = 16.000 CTEXNB =999.000 CTONNB = 10.000 CTOFNB = 12.000
 CGONNB =  0.000 CGOFNB = 10.000
 WMIN   =  1.000 WRNMXD =  0.500 E14FAC =  1.000 EPS    =  1.000
 NBXMOD =      5
 PME EWALD OPTIONS: KAPPA  =  0.340  QCOR =  0.000  Bspline order = 6
 FFTX=  60  FFTY=  60  FFTZ= 120
                Using FFTW
                Real-to-Complex FFT
                Using Column FFT 
 There are  4431477 atom  pairs and    93102 atom  exclusions.
 There are        0 group pairs and        0 group exclusions.
 Generating nonbond list with Exclusion mode = 5
 == PRIMARY == SPACE FOR  5851744 ATOM PAIRS AND        0 GROUP PAIRS
 == IMAGES === SPACE FOR  2028921 ATOM PAIRS AND        0 GROUP PAIRS
Using Image CUBE search
  NBNDGCM found:
     4444169  atom pairs
     1550217  image atom pairs
           0  self atom pairs
    36497930 total atom  pairs
    12856065 total image pairs


 ABNER> An energy minimization has been requested.

 EIGRNG =    0.0005000   MINDIM =            5
 NPRINT =           20   NSTEP  =          100
 PSTRCT =    0.0000000   SDSTP  =    0.0200000
 STPLIM =    1.0000000   STRICT =    0.1000000
 TOLFUN =    0.0000000   TOLGRD =    0.0000000
 TOLITR =          100   TOLSTP =    0.0000000
 FMEM   =    0.0000000
MINI MIN: Cycle      ENERgy      Delta-E         GRMS    Step-size
MINI INTERN:          BONDs       ANGLes       UREY-b    DIHEdrals    IMPRopers
MINI EXTERN:        VDWaals         ELEC       HBONds          ASP         USER
MINI IMAGES:        IMNBvdw       IMELec       IMHBnd       RXNField    EXTElec
MINI EWALD:          EWKSum       EWSElf       EWEXcl       EWQCor       EWUTil
 ----------       ---------    ---------    ---------    ---------    ---------
MINI>        0  -31760268.0          0.0 5138967413.3          0.0
MINI INTERN>    26520.79907   2559.69099     11.68244   3558.62805      0.00000
MINI EXTERN>    37844.60358 -23178.33756      0.00000      0.00000      0.00000
MINI IMAGES>      18731.822-31771725.576        0.000        0.000        0.000
MINI EWALD>      23403.1260-3795407.7169 3717413.2548       0.0000       0.0000
 ----------       ---------    ---------    ---------    ---------    ---------
MINI>       20  -200695.049-31559572.974   593168.694        0.001
MINI INTERN>    26519.79211   2559.69099     11.68244   3558.62805      0.00000
MINI EXTERN>    37844.63017 -23178.32703      0.00000      0.00000      0.00000
MINI IMAGES>    18731.31703-212151.12935      0.00000      0.00000      0.00000
MINI EWALD>      23403.1040-3795407.7169 3717413.2793       0.0000       0.0000
 ----------       ---------    ---------    ---------    ---------    ---------
MINI>       40  -6479836.29   6279141.25 577521145.25         0.00
MINI INTERN>    26520.76736   2559.69099     11.68244   3558.62805      0.00000
MINI EXTERN>    37844.60440 -23178.33726      0.00000      0.00000      0.00000
MINI IMAGES>     18731.8062-6491293.8005       0.0000       0.0000       0.0000
MINI EWALD>      23403.1253-3795407.7169 3717413.2555       0.0000       0.0000
 ----------       ---------    ---------    ---------    ---------    ---------
MINI>       60  -31760268.0   25280431.7 1420000722.7          0.0
MINI INTERN>    26520.80279   2559.69099     11.68244   3558.62805      0.00000
MINI EXTERN>    37844.60349 -23178.33756      0.00000      0.00000      0.00000
MINI IMAGES>      18731.824-31771725.574        0.000        0.000        0.000
MINI EWALD>      23403.1261-3795407.7169 3717413.2547       0.0000       0.0000
 ----------       ---------    ---------    ---------    ---------    ---------
MINI>       80 -31760268.02         0.00 909524202.39         0.00
MINI INTERN>    26520.80202   2559.69099     11.68244   3558.62805      0.00000
MINI EXTERN>    37844.60349 -23178.33758      0.00000      0.00000      0.00000
MINI IMAGES>      18731.823-31771725.574        0.000        0.000        0.000
MINI EWALD>      23403.1261-3795407.7169 3717413.2547       0.0000       0.0000
 ----------       ---------    ---------    ---------    ---------    ---------
MINI>      100 -31760268.02         0.00 112125324.87         0.00
MINI INTERN>    26520.80195   2559.69099     11.68244   3558.62805      0.00000
MINI EXTERN>    37844.60349 -23178.33759      0.00000      0.00000      0.00000
MINI IMAGES>      18731.823-31771725.574        0.000        0.000        0.000
MINI EWALD>      23403.1261-3795407.7169 3717413.2547       0.0000       0.0000
 ----------       ---------    ---------    ---------    ---------    ---------

 ABNER> Minimization exiting with number of steps limit (  100) exceeded.

ABNR MIN: Cycle      ENERgy      Delta-E         GRMS    Step-size
ABNR INTERN:          BONDs       ANGLes       UREY-b    DIHEdrals    IMPRopers
ABNR EXTERN:        VDWaals         ELEC       HBONds          ASP         USER
ABNR IMAGES:        IMNBvdw       IMELec       IMHBnd       RXNField    EXTElec
ABNR EWALD:          EWKSum       EWSElf       EWEXcl       EWQCor       EWUTil
 ----------       ---------    ---------    ---------    ---------    ---------
ABNR>      100 -31760268.02         0.00 112125324.87         0.00
ABNR INTERN>    26520.80195   2559.69099     11.68244   3558.62805      0.00000
ABNR EXTERN>    37844.60349 -23178.33759      0.00000      0.00000      0.00000
ABNR IMAGES>      18731.823-31771725.574        0.000        0.000        0.000
ABNR EWALD>      23403.1261-3795407.7169 3717413.2547       0.0000       0.0000
 ----------       ---------    ---------    ---------    ---------    ---------
  
 CHARMM>     
  
 CHARMM>    open write unit 10 card name ../@ion_@mol_files/@ion_@mol_@conc.mini.pdb
 Parameter: ION -> "MG"
 Parameter: MOL -> "DMP"
 Parameter: ION -> "MG"
 Parameter: MOL -> "DMP"
 Parameter: CONC -> "2"
 OPNLGU> Unit already open. The old file will be closed first.
 VCLOSE: Closing unit   10 with status "KEEP"
 VOPEN> Attempting to open::../mg_dmp_files/mg_dmp_2.mini.pdb::
 OPNLGU> Unit 10 opened for WRITE access to ../mg_dmp_files/mg_dmp_2.mini.pdb
  
 CHARMM>    write coor unit 10 pdb
 RDTITL>  
 RDTITL> No title read.
  Write CHARMM-pdb format
  
 CHARMM>     
  
 CHARMM>    open write unit 10 card name ../@ion_@mol_files/@ion_@mol_@conc.mini.crd
 Parameter: ION -> "MG"
 Parameter: MOL -> "DMP"
 Parameter: ION -> "MG"
 Parameter: MOL -> "DMP"
 Parameter: CONC -> "2"
 OPNLGU> Unit already open. The old file will be closed first.
 VCLOSE: Closing unit   10 with status "KEEP"
 VOPEN> Attempting to open::../mg_dmp_files/mg_dmp_2.mini.crd::
 OPNLGU> Unit 10 opened for WRITE access to ../mg_dmp_files/mg_dmp_2.mini.crd
  
 CHARMM>    write coor unit 10 card
 RDTITL>  
 RDTITL> No title read.
 VCLOSE: Closing unit   10 with status "KEEP"
  
 CHARMM>     
  
 CHARMM>    stop
      $$$$$$  New timer profile Local node$$$$$
   Shake Setup                     0.01 Other:            0.00
   Shake time                      0.76 Other:            0.00
      Image Update                    0.08 Other:            0.00
      xdistm setup                    0.01 Other:            0.00
      xdistm Build list               1.79 Other:            0.00
      Heuristic check                 0.99 Other:            0.00
      NBONDS                          0.47 Other:            0.00
   List time                       3.34 Other:            0.00
            Direct Ewald time              41.15 Other:            0.00
         Ewald time                     47.10 Other:            5.95
      Nonbond force                  47.52 Other:            0.42
         Bond energy                     0.07 Other:            0.00
         Angle energy                    0.04 Other:            0.00
         Dihedral energy                 0.02 Other:            0.00
         Restraints energy               0.00 Other:            0.00
      INTRNL energy                   0.57 Other:            0.44
      Comm energy                     0.02 Other:            0.00
      Comm force                      0.40 Other:            0.00
         Fill charge grid                0.76 Other:            0.00
         Scalar sum                      0.15 Other:            0.00
         Grad sum                        0.71 Other:            0.00
            FFTcomm                         3.60 Other:            0.00
         FFT                             3.99 Other:            0.38
      Recip Ewald time                5.94 Other:            0.34
   Energy time                    54.45 Other:            0.00
 Total time                     60.61 Other:            2.05
         $$$$$$  Average   profile $$$$$
   Shake Setup                     0.01 Other:            0.00
   Shake time                      0.76 Other:            0.00
      Image Update                    0.09 Other:            0.00
      xdistm setup                    0.01 Other:            0.00
      xdistm Build list               1.81 Other:            0.00
      Heuristic check                 0.67 Other:            0.00
      NBONDS                          0.47 Other:            0.00
   List time                       3.34 Other:            0.00
            Direct Ewald time              42.72 Other:            0.00
         Ewald time                     47.29 Other:            6.14
      Nonbond force                  47.59 Other:            0.49
         Bond energy                     0.07 Other:            0.00
         Angle energy                    0.04 Other:            0.00
         Dihedral energy                 0.02 Other:            0.00
         Restraints energy               0.00 Other:            0.00
      INTRNL energy                   0.64 Other:            0.51
      Comm energy                     0.01 Other:            0.00
      Comm force                      0.40 Other:            0.00
         Fill charge grid                0.88 Other:            0.00
         Scalar sum                      0.16 Other:            0.00
         Grad sum                        0.82 Other:            0.00
            FFTcomm                         1.95 Other:            0.00
         FFT                             3.60 Other:            0.00
      Recip Ewald time                5.60 Other:            0.00
   Energy time                    54.45 Other:            0.00
 Total time                     60.61 Other:            2.05

                    NORMAL TERMINATION BY NORMAL STOP
                    MOST SEVERE WARNING WAS AT LEVEL  2

                    $$$$$ JOB ACCOUNTING INFORMATION $$$$$
                     ELAPSED TIME:     1.01  MINUTES 
                         CPU TIME:     1.01  MINUTES 
